0 verbose cli C:\Program Files\nodejs\node.exe C:\Program Files\nodejs\node_modules\npm\bin\npm-cli.js
1 info using npm@10.2.4
2 info using node@v21.6.2
3 timing npm:load:whichnode Completed in 2ms
4 timing config:load:defaults Completed in 3ms
5 timing config:load:file:C:\Program Files\nodejs\node_modules\npm\npmrc Completed in 5ms
6 timing config:load:builtin Completed in 5ms
7 timing config:load:cli Completed in 2ms
8 timing config:load:env Completed in 1ms
9 timing config:load:file:C:\Users\daadh\calgaryhacks2025\calgaryhacks2025\backend\.npmrc Completed in 0ms
10 timing config:load:project Completed in 5ms
11 timing config:load:file:C:\Users\daadh\.npmrc Completed in 1ms
12 timing config:load:user Completed in 1ms
13 timing config:load:file:C:\Users\daadh\AppData\Roaming\npm\etc\npmrc Completed in 1ms
14 timing config:load:global Completed in 1ms
15 timing config:load:setEnvs Completed in 1ms
16 timing config:load Completed in 19ms
17 timing npm:load:configload Completed in 19ms
18 timing config:load:flatten Completed in 2ms
19 timing npm:load:mkdirpcache Completed in 1ms
20 timing npm:load:mkdirplogs Completed in 0ms
21 verbose title npm install express mysql2
22 verbose argv "install" "express" "mysql2"
23 timing npm:load:setTitle Completed in 1ms
24 timing npm:load:display Completed in 0ms
25 verbose logfile logs-max:10 dir:C:\Users\daadh\calgaryhacks2025\calgaryhacks2025\backend\Users\daadh\AppData\Roaming\npm-cache\_logs\2025-02-16T14_27_47_411Z-
26 verbose logfile C:\Users\daadh\calgaryhacks2025\calgaryhacks2025\backend\Users\daadh\AppData\Roaming\npm-cache\_logs\2025-02-16T14_27_47_411Z-debug-0.log
27 timing npm:load:logFile Completed in 11ms
28 timing npm:load:timers Completed in 0ms
29 timing npm:load:configScope Completed in 0ms
30 timing npm:load Completed in 70ms
31 timing arborist:ctor Completed in 1ms
32 silly logfile done cleaning log files
33 timing arborist:ctor Completed in 0ms
34 timing idealTree:init Completed in 10ms
35 timing idealTree:userRequests Completed in 4ms
36 silly idealTree buildDeps
37 silly fetch manifest express@*
38 http fetch GET 200 https://registry.npmjs.org/express 28ms (cache hit)
39 silly fetch manifest mysql2@*
40 http fetch GET 200 https://registry.npmjs.org/mysql2 1560ms (cache miss)
41 silly placeDep ROOT express@4.21.2 OK for: backend@1.0.0 want: *
42 silly fetch manifest qs@6.13.0
43 silly fetch manifest depd@2.0.0
44 silly fetch manifest etag@~1.8.1
45 silly fetch manifest send@0.19.0
46 silly fetch manifest vary@~1.1.2
47 silly fetch manifest debug@2.6.9
48 silly fetch manifest fresh@0.5.2
49 silly fetch manifest cookie@0.7.1
50 silly fetch manifest accepts@~1.3.8
51 silly fetch manifest methods@~1.1.2
52 silly fetch manifest type-is@~1.6.18
53 silly fetch manifest parseurl@~1.3.3
54 silly fetch manifest statuses@2.0.1
55 silly fetch manifest encodeurl@~2.0.0
56 silly fetch manifest proxy-addr@~2.0.7
57 silly fetch manifest body-parser@1.20.3
58 silly fetch manifest escape-html@~1.0.3
59 silly fetch manifest http-errors@2.0.0
60 silly fetch manifest on-finished@2.4.1
61 silly fetch manifest safe-buffer@5.2.1
62 silly fetch manifest utils-merge@1.0.1
63 silly fetch manifest content-type@~1.0.4
64 silly fetch manifest finalhandler@1.3.1
65 silly fetch manifest range-parser@~1.2.1
66 silly fetch manifest serve-static@1.16.2
67 silly fetch manifest array-flatten@1.1.1
68 silly fetch manifest path-to-regexp@0.1.12
69 silly fetch manifest setprototypeof@1.2.0
70 silly fetch manifest cookie-signature@1.0.6
71 silly fetch manifest merge-descriptors@1.0.3
72 silly fetch manifest content-disposition@0.5.4
73 silly placeDep ROOT mysql2@3.12.0 OK for: backend@1.0.0 want: *
74 silly fetch manifest long@^5.2.1
75 silly fetch manifest denque@^2.1.0
76 silly fetch manifest lru.min@^1.0.0
77 silly fetch manifest seq-queue@^0.0.5
78 silly fetch manifest sqlstring@^2.3.2
79 silly fetch manifest iconv-lite@^0.6.3
80 silly fetch manifest aws-ssl-profiles@^1.1.1
81 silly fetch manifest generate-function@^2.3.1
82 silly fetch manifest named-placeholders@^1.1.3
83 http fetch GET 200 https://registry.npmjs.org/qs 165ms (cache hit)
84 http fetch GET 200 https://registry.npmjs.org/vary 166ms (cache hit)
85 http fetch GET 200 https://registry.npmjs.org/fresh 166ms (cache hit)
86 http fetch GET 200 https://registry.npmjs.org/cookie 166ms (cache hit)
87 http fetch GET 200 https://registry.npmjs.org/etag 170ms (cache hit)
88 http fetch GET 200 https://registry.npmjs.org/depd 172ms (cache hit)
89 http fetch GET 200 https://registry.npmjs.org/debug 171ms (cache hit)
90 http fetch GET 200 https://registry.npmjs.org/send 176ms (cache hit)
91 http fetch GET 200 https://registry.npmjs.org/methods 175ms (cache hit)
92 http fetch GET 200 https://registry.npmjs.org/proxy-addr 170ms (cache hit)
93 http fetch GET 200 https://registry.npmjs.org/type-is 178ms (cache hit)
94 http fetch GET 200 https://registry.npmjs.org/statuses 174ms (cache hit)
95 http fetch GET 200 https://registry.npmjs.org/http-errors 173ms (cache hit)
96 http fetch GET 200 https://registry.npmjs.org/escape-html 174ms (cache hit)
97 http fetch GET 200 https://registry.npmjs.org/safe-buffer 175ms (cache hit)
98 http fetch GET 200 https://registry.npmjs.org/body-parser 177ms (cache hit)
99 http fetch GET 200 https://registry.npmjs.org/utils-merge 179ms (cache hit)
100 http fetch GET 200 https://registry.npmjs.org/serve-static 178ms (cache hit)
101 http fetch GET 200 https://registry.npmjs.org/content-type 187ms (cache hit)
102 http fetch GET 200 https://registry.npmjs.org/range-parser 188ms (cache hit)
103 http fetch GET 200 https://registry.npmjs.org/array-flatten 189ms (cache hit)
104 http fetch GET 200 https://registry.npmjs.org/merge-descriptors 189ms (cache hit)
105 http fetch GET 200 https://registry.npmjs.org/parseurl 200ms (cache hit)
106 http fetch GET 200 https://registry.npmjs.org/on-finished 194ms (cache hit)
107 http fetch GET 200 https://registry.npmjs.org/cookie-signature 207ms (cache hit)
108 http fetch GET 200 https://registry.npmjs.org/content-disposition 208ms (cache hit)
109 http fetch GET 200 https://registry.npmjs.org/finalhandler 212ms (cache hit)
110 http fetch GET 200 https://registry.npmjs.org/path-to-regexp 213ms (cache hit)
111 http fetch GET 200 https://registry.npmjs.org/accepts 227ms (cache hit)
112 http fetch GET 200 https://registry.npmjs.org/iconv-lite 213ms (cache hit)
113 http fetch GET 200 https://registry.npmjs.org/setprototypeof 218ms (cache hit)
114 http fetch GET 200 https://registry.npmjs.org/encodeurl 223ms (cache hit)
115 http fetch GET 200 https://registry.npmjs.org/long 227ms (cache miss)
116 http fetch GET 200 https://registry.npmjs.org/named-placeholders 497ms (cache miss)
117 http fetch GET 200 https://registry.npmjs.org/seq-queue 501ms (cache miss)
118 http fetch GET 200 https://registry.npmjs.org/lru.min 502ms (cache miss)
119 http fetch GET 200 https://registry.npmjs.org/sqlstring 504ms (cache miss)
120 http fetch GET 200 https://registry.npmjs.org/aws-ssl-profiles 505ms (cache miss)
121 http fetch GET 200 https://registry.npmjs.org/generate-function 508ms (cache miss)
122 http fetch GET 200 https://registry.npmjs.org/denque 556ms (cache miss)
123 timing idealTree:#root Completed in 2195ms
124 silly placeDep ROOT accepts@1.3.8 OK for: express@4.21.2 want: ~1.3.8
125 silly fetch manifest mime-types@~2.1.34
126 silly fetch manifest negotiator@0.6.3
127 silly placeDep ROOT array-flatten@1.1.1 OK for: express@4.21.2 want: 1.1.1
128 silly placeDep ROOT body-parser@1.20.3 OK for: express@4.21.2 want: 1.20.3
129 silly fetch manifest bytes@3.1.2
130 silly fetch manifest unpipe@1.0.0
131 silly fetch manifest destroy@1.2.0
132 silly fetch manifest raw-body@2.5.2
133 silly fetch manifest iconv-lite@0.4.24
134 silly fetch manifest content-type@~1.0.5
135 silly placeDep ROOT content-disposition@0.5.4 OK for: express@4.21.2 want: 0.5.4
136 silly placeDep ROOT content-type@1.0.5 OK for: express@4.21.2 want: ~1.0.4
137 silly placeDep ROOT cookie@0.7.1 OK for: express@4.21.2 want: 0.7.1
138 silly placeDep ROOT cookie-signature@1.0.6 OK for: express@4.21.2 want: 1.0.6
139 silly placeDep ROOT debug@2.6.9 OK for: express@4.21.2 want: 2.6.9
140 silly fetch manifest ms@2.0.0
141 silly placeDep ROOT depd@2.0.0 OK for: express@4.21.2 want: 2.0.0
142 silly placeDep ROOT encodeurl@2.0.0 OK for: express@4.21.2 want: ~2.0.0
143 silly placeDep ROOT escape-html@1.0.3 OK for: express@4.21.2 want: ~1.0.3
144 silly placeDep ROOT etag@1.8.1 OK for: express@4.21.2 want: ~1.8.1
145 silly placeDep ROOT finalhandler@1.3.1 OK for: express@4.21.2 want: 1.3.1
146 silly fetch manifest unpipe@~1.0.0
147 silly placeDep ROOT fresh@0.5.2 OK for: express@4.21.2 want: 0.5.2
148 silly placeDep ROOT http-errors@2.0.0 OK for: express@4.21.2 want: 2.0.0
149 silly fetch manifest inherits@2.0.4
150 silly fetch manifest toidentifier@1.0.1
151 silly placeDep ROOT merge-descriptors@1.0.3 OK for: express@4.21.2 want: 1.0.3
152 silly placeDep ROOT methods@1.1.2 OK for: express@4.21.2 want: ~1.1.2
153 silly placeDep ROOT on-finished@2.4.1 OK for: express@4.21.2 want: 2.4.1
154 silly fetch manifest ee-first@1.1.1
155 silly placeDep ROOT parseurl@1.3.3 OK for: express@4.21.2 want: ~1.3.3
156 silly placeDep ROOT path-to-regexp@0.1.12 OK for: express@4.21.2 want: 0.1.12
157 silly placeDep ROOT proxy-addr@2.0.7 OK for: express@4.21.2 want: ~2.0.7
158 silly fetch manifest forwarded@0.2.0
159 silly fetch manifest ipaddr.js@1.9.1
160 silly placeDep ROOT qs@6.13.0 OK for: express@4.21.2 want: 6.13.0
161 silly fetch manifest side-channel@^1.0.6
162 silly placeDep ROOT range-parser@1.2.1 OK for: express@4.21.2 want: ~1.2.1
163 silly placeDep ROOT safe-buffer@5.2.1 OK for: express@4.21.2 want: 5.2.1
164 silly placeDep ROOT send@0.19.0 OK for: express@4.21.2 want: 0.19.0
165 silly fetch manifest ms@2.1.3
166 silly fetch manifest mime@1.6.0
167 silly fetch manifest encodeurl@~1.0.2
168 silly placeDep ROOT serve-static@1.16.2 OK for: express@4.21.2 want: 1.16.2
169 silly placeDep ROOT setprototypeof@1.2.0 OK for: express@4.21.2 want: 1.2.0
170 silly placeDep ROOT statuses@2.0.1 OK for: express@4.21.2 want: 2.0.1
171 silly placeDep ROOT type-is@1.6.18 OK for: express@4.21.2 want: ~1.6.18
172 silly fetch manifest mime-types@~2.1.24
173 silly fetch manifest media-typer@0.3.0
174 silly placeDep ROOT utils-merge@1.0.1 OK for: express@4.21.2 want: 1.0.1
175 silly placeDep ROOT vary@1.1.2 OK for: express@4.21.2 want: ~1.1.2
176 http fetch GET 200 https://registry.npmjs.org/bytes 176ms (cache hit)
177 http fetch GET 200 https://registry.npmjs.org/mime-types 185ms (cache hit)
178 http fetch GET 200 https://registry.npmjs.org/negotiator 187ms (cache hit)
179 http fetch GET 200 https://registry.npmjs.org/raw-body 181ms (cache hit)
180 http fetch GET 200 https://registry.npmjs.org/unpipe 190ms (cache hit)
181 http fetch GET 200 https://registry.npmjs.org/ms 176ms (cache hit)
182 http fetch GET 200 https://registry.npmjs.org/forwarded 158ms (cache hit)
183 http fetch GET 200 https://registry.npmjs.org/unpipe 169ms (cache hit)
184 http fetch GET 200 https://registry.npmjs.org/destroy 193ms (cache hit)
185 http fetch GET 200 https://registry.npmjs.org/ipaddr.js 161ms (cache hit)
186 http fetch GET 200 https://registry.npmjs.org/ee-first 167ms (cache hit)
187 http fetch GET 200 https://registry.npmjs.org/inherits 172ms (cache hit)
188 http fetch GET 200 https://registry.npmjs.org/side-channel 164ms (cache hit)
189 http fetch GET 200 https://registry.npmjs.org/ms 161ms (cache hit)
190 http fetch GET 200 https://registry.npmjs.org/mime-types 156ms (cache hit)
191 http fetch GET 200 https://registry.npmjs.org/toidentifier 178ms (cache hit)
192 http fetch GET 200 https://registry.npmjs.org/media-typer 157ms (cache hit)
193 http fetch GET 200 https://registry.npmjs.org/mime 166ms (cache hit)
194 timing idealTree:node_modules/express Completed in 259ms
195 silly placeDep ROOT mime-types@2.1.35 OK for: accepts@1.3.8 want: ~2.1.34
196 silly fetch manifest mime-db@1.52.0
197 silly placeDep ROOT negotiator@0.6.3 OK for: accepts@1.3.8 want: 0.6.3
198 http fetch GET 200 https://registry.npmjs.org/mime-db 14ms (cache hit)
199 timing idealTree:node_modules/accepts Completed in 20ms
200 timing idealTree:node_modules/array-flatten Completed in 1ms
201 silly placeDep ROOT bytes@3.1.2 OK for: body-parser@1.20.3 want: 3.1.2
202 silly placeDep ROOT destroy@1.2.0 OK for: body-parser@1.20.3 want: 1.2.0
203 silly placeDep ROOT iconv-lite@0.4.24 OK for: body-parser@1.20.3 want: 0.4.24
204 silly fetch manifest safer-buffer@>= 2.1.2 < 3
205 silly placeDep ROOT raw-body@2.5.2 OK for: body-parser@1.20.3 want: 2.5.2
206 silly placeDep ROOT unpipe@1.0.0 OK for: body-parser@1.20.3 want: 1.0.0
207 http fetch GET 200 https://registry.npmjs.org/safer-buffer 16ms (cache hit)
208 timing idealTree:node_modules/body-parser Completed in 29ms
209 timing idealTree:node_modules/bytes Completed in 0ms
210 timing idealTree:node_modules/content-disposition Completed in 1ms
211 timing idealTree:node_modules/content-type Completed in 0ms
212 timing idealTree:node_modules/cookie Completed in 0ms
213 timing idealTree:node_modules/cookie-signature Completed in 0ms
214 silly placeDep ROOT ms@2.0.0 OK for: debug@2.6.9 want: 2.0.0
215 timing idealTree:node_modules/debug Completed in 2ms
216 timing idealTree:node_modules/depd Completed in 0ms
217 timing idealTree:node_modules/destroy Completed in 0ms
218 timing idealTree:node_modules/encodeurl Completed in 0ms
219 timing idealTree:node_modules/escape-html Completed in 0ms
220 timing idealTree:node_modules/etag Completed in 0ms
221 timing idealTree:node_modules/finalhandler Completed in 0ms
222 timing idealTree:node_modules/fresh Completed in 0ms
223 silly placeDep ROOT inherits@2.0.4 OK for: http-errors@2.0.0 want: 2.0.4
224 silly placeDep ROOT toidentifier@1.0.1 OK for: http-errors@2.0.0 want: 1.0.1
225 timing idealTree:node_modules/http-errors Completed in 5ms
226 silly placeDep ROOT safer-buffer@2.1.2 OK for: iconv-lite@0.4.24 want: >= 2.1.2 < 3
227 timing idealTree:node_modules/iconv-lite Completed in 2ms
228 timing idealTree:node_modules/inherits Completed in 0ms
229 timing idealTree:node_modules/merge-descriptors Completed in 0ms
230 timing idealTree:node_modules/methods Completed in 0ms
231 silly placeDep ROOT mime-db@1.52.0 OK for: mime-types@2.1.35 want: 1.52.0
232 timing idealTree:node_modules/mime-types Completed in 1ms
233 timing idealTree:node_modules/mime-db Completed in 0ms
234 timing idealTree:node_modules/ms Completed in 0ms
235 silly placeDep ROOT aws-ssl-profiles@1.1.2 OK for: mysql2@3.12.0 want: ^1.1.1
236 silly placeDep ROOT denque@2.1.0 OK for: mysql2@3.12.0 want: ^2.1.0
237 silly placeDep ROOT generate-function@2.3.1 OK for: mysql2@3.12.0 want: ^2.3.1
238 silly fetch manifest is-property@^1.0.2
239 silly placeDep node_modules/mysql2 iconv-lite@0.6.3 OK for: mysql2@3.12.0 want: ^0.6.3
240 silly placeDep ROOT long@5.3.0 OK for: mysql2@3.12.0 want: ^5.2.1
241 silly placeDep ROOT lru.min@1.1.1 OK for: mysql2@3.12.0 want: ^1.0.0
242 silly placeDep ROOT named-placeholders@1.1.3 OK for: mysql2@3.12.0 want: ^1.1.3
243 silly fetch manifest lru-cache@^7.14.1
244 silly placeDep ROOT seq-queue@0.0.5 OK for: mysql2@3.12.0 want: ^0.0.5
245 silly placeDep ROOT sqlstring@2.3.3 OK for: mysql2@3.12.0 want: ^2.3.2
246 http fetch GET 200 https://registry.npmjs.org/lru-cache 96ms (cache miss)
247 http fetch GET 200 https://registry.npmjs.org/is-property 121ms (cache miss)
248 timing idealTree:node_modules/mysql2 Completed in 127ms
249 timing idealTree:node_modules/aws-ssl-profiles Completed in 0ms
250 timing idealTree:node_modules/denque Completed in 0ms
251 silly placeDep ROOT is-property@1.0.2 OK for: generate-function@2.3.1 want: ^1.0.2
252 timing idealTree:node_modules/generate-function Completed in 5ms
253 timing idealTree:node_modules/is-property Completed in 0ms
254 timing idealTree:node_modules/long Completed in 0ms
255 timing idealTree:node_modules/lru.min Completed in 0ms
256 silly placeDep ROOT lru-cache@7.18.3 OK for: named-placeholders@1.1.3 want: ^7.14.1
257 timing idealTree:node_modules/named-placeholders Completed in 6ms
258 timing idealTree:node_modules/lru-cache Completed in 0ms
259 timing idealTree:node_modules/negotiator Completed in 0ms
260 silly placeDep ROOT ee-first@1.1.1 OK for: on-finished@2.4.1 want: 1.1.1
261 timing idealTree:node_modules/on-finished Completed in 2ms
262 timing idealTree:node_modules/ee-first Completed in 0ms
263 timing idealTree:node_modules/parseurl Completed in 0ms
264 timing idealTree:node_modules/path-to-regexp Completed in 0ms
265 silly placeDep ROOT forwarded@0.2.0 OK for: proxy-addr@2.0.7 want: 0.2.0
266 silly placeDep ROOT ipaddr.js@1.9.1 OK for: proxy-addr@2.0.7 want: 1.9.1
267 timing idealTree:node_modules/proxy-addr Completed in 5ms
268 timing idealTree:node_modules/forwarded Completed in 0ms
269 timing idealTree:node_modules/ipaddr.js Completed in 0ms
270 silly placeDep ROOT side-channel@1.1.0 OK for: qs@6.13.0 want: ^1.0.6
271 silly fetch manifest es-errors@^1.3.0
272 silly fetch manifest object-inspect@^1.13.3
273 silly fetch manifest side-channel-list@^1.0.0
274 silly fetch manifest side-channel-map@^1.0.1
275 silly fetch manifest side-channel-weakmap@^1.0.2
276 http fetch GET 200 https://registry.npmjs.org/object-inspect 30ms (cache hit)
277 http fetch GET 200 https://registry.npmjs.org/es-errors 33ms (cache hit)
278 http fetch GET 200 https://registry.npmjs.org/side-channel-list 33ms (cache hit)
279 http fetch GET 200 https://registry.npmjs.org/side-channel-weakmap 33ms (cache hit)
280 http fetch GET 200 https://registry.npmjs.org/side-channel-map 34ms (cache hit)
281 timing idealTree:node_modules/qs Completed in 39ms
282 timing idealTree:node_modules/range-parser Completed in 0ms
283 timing idealTree:node_modules/raw-body Completed in 0ms
284 timing idealTree:node_modules/safe-buffer Completed in 0ms
285 timing idealTree:node_modules/safer-buffer Completed in 0ms
286 silly placeDep node_modules/send encodeurl@1.0.2 OK for: send@0.19.0 want: ~1.0.2
287 silly placeDep ROOT mime@1.6.0 OK for: send@0.19.0 want: 1.6.0
288 silly placeDep node_modules/send ms@2.1.3 OK for: send@0.19.0 want: 2.1.3
289 timing idealTree:node_modules/send Completed in 11ms
290 timing idealTree:node_modules/mime Completed in 0ms
291 timing idealTree:node_modules/seq-queue Completed in 0ms
292 timing idealTree:node_modules/serve-static Completed in 0ms
293 timing idealTree:node_modules/setprototypeof Completed in 0ms
294 silly placeDep ROOT es-errors@1.3.0 OK for: side-channel@1.1.0 want: ^1.3.0
295 silly placeDep ROOT object-inspect@1.13.4 OK for: side-channel@1.1.0 want: ^1.13.3
296 silly placeDep ROOT side-channel-list@1.0.0 OK for: side-channel@1.1.0 want: ^1.0.0
297 silly placeDep ROOT side-channel-map@1.0.1 OK for: side-channel@1.1.0 want: ^1.0.1
298 silly fetch manifest call-bound@^1.0.2
299 silly fetch manifest get-intrinsic@^1.2.5
300 silly placeDep ROOT side-channel-weakmap@1.0.2 OK for: side-channel@1.1.0 want: ^1.0.2
301 http fetch GET 200 https://registry.npmjs.org/call-bound 16ms (cache hit)
302 http fetch GET 200 https://registry.npmjs.org/get-intrinsic 17ms (cache hit)
303 timing idealTree:node_modules/side-channel Completed in 27ms
304 timing idealTree:node_modules/es-errors Completed in 0ms
305 timing idealTree:node_modules/object-inspect Completed in 0ms
306 timing idealTree:node_modules/side-channel-list Completed in 0ms
307 silly placeDep ROOT call-bound@1.0.3 OK for: side-channel-map@1.0.1 want: ^1.0.2
308 silly fetch manifest call-bind-apply-helpers@^1.0.1
309 silly fetch manifest get-intrinsic@^1.2.6
310 silly placeDep ROOT get-intrinsic@1.2.7 OK for: side-channel-map@1.0.1 want: ^1.2.5
311 silly fetch manifest es-define-property@^1.0.1
312 silly fetch manifest es-object-atoms@^1.0.0
313 silly fetch manifest function-bind@^1.1.2
314 silly fetch manifest get-proto@^1.0.0
315 silly fetch manifest gopd@^1.2.0
316 silly fetch manifest has-symbols@^1.1.0
317 silly fetch manifest hasown@^2.0.2
318 silly fetch manifest math-intrinsics@^1.1.0
319 http fetch GET 200 https://registry.npmjs.org/call-bind-apply-helpers 39ms (cache hit)
320 http fetch GET 200 https://registry.npmjs.org/gopd 36ms (cache hit)
321 http fetch GET 200 https://registry.npmjs.org/es-object-atoms 39ms (cache hit)
322 http fetch GET 200 https://registry.npmjs.org/es-define-property 43ms (cache hit)
323 http fetch GET 200 https://registry.npmjs.org/get-proto 45ms (cache hit)
324 http fetch GET 200 https://registry.npmjs.org/function-bind 47ms (cache hit)
325 http fetch GET 200 https://registry.npmjs.org/hasown 47ms (cache hit)
326 http fetch GET 200 https://registry.npmjs.org/has-symbols 49ms (cache hit)
327 http fetch GET 200 https://registry.npmjs.org/math-intrinsics 50ms (cache hit)
328 timing idealTree:node_modules/side-channel-map Completed in 65ms
329 silly placeDep ROOT call-bind-apply-helpers@1.0.2 OK for: call-bound@1.0.3 want: ^1.0.1
330 timing idealTree:node_modules/call-bound Completed in 12ms
331 silly placeDep ROOT function-bind@1.1.2 OK for: call-bind-apply-helpers@1.0.2 want: ^1.1.2
332 timing idealTree:node_modules/call-bind-apply-helpers Completed in 13ms
333 timing idealTree:node_modules/function-bind Completed in 0ms
334 silly placeDep ROOT es-define-property@1.0.1 OK for: get-intrinsic@1.2.7 want: ^1.0.1
335 silly placeDep ROOT es-object-atoms@1.1.1 OK for: get-intrinsic@1.2.7 want: ^1.0.0
336 silly placeDep ROOT get-proto@1.0.1 OK for: get-intrinsic@1.2.7 want: ^1.0.0
337 silly fetch manifest dunder-proto@^1.0.1
338 silly placeDep ROOT gopd@1.2.0 OK for: get-intrinsic@1.2.7 want: ^1.2.0
339 silly placeDep ROOT has-symbols@1.1.0 OK for: get-intrinsic@1.2.7 want: ^1.1.0
340 silly placeDep ROOT hasown@2.0.2 OK for: get-intrinsic@1.2.7 want: ^2.0.2
341 silly placeDep ROOT math-intrinsics@1.1.0 OK for: get-intrinsic@1.2.7 want: ^1.1.0
342 http fetch GET 200 https://registry.npmjs.org/dunder-proto 14ms (cache hit)
343 timing idealTree:node_modules/get-intrinsic Completed in 26ms
344 timing idealTree:node_modules/es-define-property Completed in 0ms
345 timing idealTree:node_modules/es-object-atoms Completed in 0ms
346 silly placeDep ROOT dunder-proto@1.0.1 OK for: get-proto@1.0.1 want: ^1.0.1
347 timing idealTree:node_modules/get-proto Completed in 3ms
348 timing idealTree:node_modules/dunder-proto Completed in 0ms
349 timing idealTree:node_modules/gopd Completed in 0ms
350 timing idealTree:node_modules/has-symbols Completed in 0ms
351 timing idealTree:node_modules/hasown Completed in 0ms
352 timing idealTree:node_modules/math-intrinsics Completed in 0ms
353 timing idealTree:node_modules/side-channel-weakmap Completed in 0ms
354 timing idealTree:node_modules/sqlstring Completed in 0ms
355 timing idealTree:node_modules/statuses Completed in 0ms
356 timing idealTree:node_modules/toidentifier Completed in 0ms
357 silly placeDep ROOT media-typer@0.3.0 OK for: type-is@1.6.18 want: 0.3.0
358 timing idealTree:node_modules/type-is Completed in 3ms
359 timing idealTree:node_modules/media-typer Completed in 0ms
360 timing idealTree:node_modules/unpipe Completed in 0ms
361 timing idealTree:node_modules/utils-merge Completed in 0ms
362 timing idealTree:node_modules/vary Completed in 0ms
363 timing idealTree:node_modules/mysql2/node_modules/iconv-lite Completed in 0ms
364 timing idealTree:node_modules/send/node_modules/encodeurl Completed in 0ms
365 timing idealTree:node_modules/send/node_modules/ms Completed in 0ms
366 timing idealTree:buildDeps Completed in 2868ms
367 timing idealTree:fixDepFlags Completed in 2ms
368 timing idealTree Completed in 2885ms
369 timing reify:loadTrees Completed in 2887ms
370 timing reify:diffTrees Completed in 2ms
371 silly reify moves {}
372 timing reify:retireShallow Completed in 1ms
373 timing reify:createSparse Completed in 47ms
374 timing reify:loadBundles Completed in 0ms
375 silly audit bulk request {
375 silly audit   express: [ '4.21.2' ],
375 silly audit   mysql2: [ '3.12.0' ],
375 silly audit   accepts: [ '1.3.8' ],
375 silly audit   'array-flatten': [ '1.1.1' ],
375 silly audit   'body-parser': [ '1.20.3' ],
375 silly audit   'content-disposition': [ '0.5.4' ],
375 silly audit   'content-type': [ '1.0.5' ],
375 silly audit   cookie: [ '0.7.1' ],
375 silly audit   'cookie-signature': [ '1.0.6' ],
375 silly audit   debug: [ '2.6.9' ],
375 silly audit   depd: [ '2.0.0' ],
375 silly audit   encodeurl: [ '2.0.0', '1.0.2' ],
375 silly audit   'escape-html': [ '1.0.3' ],
375 silly audit   etag: [ '1.8.1' ],
375 silly audit   finalhandler: [ '1.3.1' ],
375 silly audit   fresh: [ '0.5.2' ],
375 silly audit   'http-errors': [ '2.0.0' ],
375 silly audit   'merge-descriptors': [ '1.0.3' ],
375 silly audit   methods: [ '1.1.2' ],
375 silly audit   'on-finished': [ '2.4.1' ],
375 silly audit   parseurl: [ '1.3.3' ],
375 silly audit   'path-to-regexp': [ '0.1.12' ],
375 silly audit   'proxy-addr': [ '2.0.7' ],
375 silly audit   qs: [ '6.13.0' ],
375 silly audit   'range-parser': [ '1.2.1' ],
375 silly audit   'safe-buffer': [ '5.2.1' ],
375 silly audit   send: [ '0.19.0' ],
375 silly audit   'serve-static': [ '1.16.2' ],
375 silly audit   setprototypeof: [ '1.2.0' ],
375 silly audit   statuses: [ '2.0.1' ],
375 silly audit   'type-is': [ '1.6.18' ],
375 silly audit   'utils-merge': [ '1.0.1' ],
375 silly audit   vary: [ '1.1.2' ],
375 silly audit   'mime-types': [ '2.1.35' ],
375 silly audit   negotiator: [ '0.6.3' ],
375 silly audit   bytes: [ '3.1.2' ],
375 silly audit   destroy: [ '1.2.0' ],
375 silly audit   'iconv-lite': [ '0.4.24', '0.6.3' ],
375 silly audit   'raw-body': [ '2.5.2' ],
375 silly audit   unpipe: [ '1.0.0' ],
375 silly audit   ms: [ '2.0.0', '2.1.3' ],
375 silly audit   inherits: [ '2.0.4' ],
375 silly audit   toidentifier: [ '1.0.1' ],
375 silly audit   'safer-buffer': [ '2.1.2' ],
375 silly audit   'mime-db': [ '1.52.0' ],
375 silly audit   'aws-ssl-profiles': [ '1.1.2' ],
375 silly audit   denque: [ '2.1.0' ],
375 silly audit   'generate-function': [ '2.3.1' ],
375 silly audit   long: [ '5.3.0' ],
375 silly audit   'lru.min': [ '1.1.1' ],
375 silly audit   'named-placeholders': [ '1.1.3' ],
375 silly audit   'seq-queue': [ '0.0.5' ],
375 silly audit   sqlstring: [ '2.3.3' ],
375 silly audit   'is-property': [ '1.0.2' ],
375 silly audit   'lru-cache': [ '7.18.3' ],
375 silly audit   'ee-first': [ '1.1.1' ],
375 silly audit   forwarded: [ '0.2.0' ],
375 silly audit   'ipaddr.js': [ '1.9.1' ],
375 silly audit   'side-channel': [ '1.1.0' ],
375 silly audit   mime: [ '1.6.0' ],
375 silly audit   'es-errors': [ '1.3.0' ],
375 silly audit   'object-inspect': [ '1.13.4' ],
375 silly audit   'side-channel-list': [ '1.0.0' ],
375 silly audit   'side-channel-map': [ '1.0.1' ],
375 silly audit   'side-channel-weakmap': [ '1.0.2' ],
375 silly audit   'call-bound': [ '1.0.3' ],
375 silly audit   'get-intrinsic': [ '1.2.7' ],
375 silly audit   'call-bind-apply-helpers': [ '1.0.2' ],
375 silly audit   'function-bind': [ '1.1.2' ],
375 silly audit   'es-define-property': [ '1.0.1' ],
375 silly audit   'es-object-atoms': [ '1.1.1' ],
375 silly audit   'get-proto': [ '1.0.1' ],
375 silly audit   gopd: [ '1.2.0' ],
375 silly audit   'has-symbols': [ '1.1.0' ],
375 silly audit   hasown: [ '2.0.2' ],
375 silly audit   'math-intrinsics': [ '1.1.0' ],
375 silly audit   'dunder-proto': [ '1.0.1' ],
375 silly audit   'media-typer': [ '0.3.0' ]
375 silly audit }
376 silly tarball no local data for media-typer@https://registry.npmjs.org/media-typer/-/media-typer-0.3.0.tgz. Extracting by manifest.
377 silly tarball no local data for dunder-proto@https://registry.npmjs.org/dunder-proto/-/dunder-proto-1.0.1.tgz. Extracting by manifest.
378 silly tarball no local data for math-intrinsics@https://registry.npmjs.org/math-intrinsics/-/math-intrinsics-1.1.0.tgz. Extracting by manifest.
379 silly tarball no local data for hasown@https://registry.npmjs.org/hasown/-/hasown-2.0.2.tgz. Extracting by manifest.
380 silly tarball no local data for has-symbols@https://registry.npmjs.org/has-symbols/-/has-symbols-1.1.0.tgz. Extracting by manifest.
381 silly tarball no local data for gopd@https://registry.npmjs.org/gopd/-/gopd-1.2.0.tgz. Extracting by manifest.
382 silly tarball no local data for get-proto@https://registry.npmjs.org/get-proto/-/get-proto-1.0.1.tgz. Extracting by manifest.
383 silly tarball no local data for es-define-property@https://registry.npmjs.org/es-define-property/-/es-define-property-1.0.1.tgz. Extracting by manifest.
384 silly tarball no local data for call-bind-apply-helpers@https://registry.npmjs.org/call-bind-apply-helpers/-/call-bind-apply-helpers-1.0.2.tgz. Extracting by manifest.
385 silly tarball no local data for get-intrinsic@https://registry.npmjs.org/get-intrinsic/-/get-intrinsic-1.2.7.tgz. Extracting by manifest.
386 silly tarball no local data for call-bound@https://registry.npmjs.org/call-bound/-/call-bound-1.0.3.tgz. Extracting by manifest.
387 silly tarball no local data for side-channel-weakmap@https://registry.npmjs.org/side-channel-weakmap/-/side-channel-weakmap-1.0.2.tgz. Extracting by manifest.
388 silly tarball no local data for function-bind@https://registry.npmjs.org/function-bind/-/function-bind-1.1.2.tgz. Extracting by manifest.
389 silly tarball no local data for object-inspect@https://registry.npmjs.org/object-inspect/-/object-inspect-1.13.4.tgz. Extracting by manifest.
390 silly tarball no local data for side-channel-map@https://registry.npmjs.org/side-channel-map/-/side-channel-map-1.0.1.tgz. Extracting by manifest.
391 silly tarball no local data for es-errors@https://registry.npmjs.org/es-errors/-/es-errors-1.3.0.tgz. Extracting by manifest.
392 silly tarball no local data for side-channel-list@https://registry.npmjs.org/side-channel-list/-/side-channel-list-1.0.0.tgz. Extracting by manifest.
393 silly tarball no local data for mime@https://registry.npmjs.org/mime/-/mime-1.6.0.tgz. Extracting by manifest.
394 silly tarball no local data for forwarded@https://registry.npmjs.org/forwarded/-/forwarded-0.2.0.tgz. Extracting by manifest.
395 silly tarball no local data for side-channel@https://registry.npmjs.org/side-channel/-/side-channel-1.1.0.tgz. Extracting by manifest.
396 silly tarball no local data for ipaddr.js@https://registry.npmjs.org/ipaddr.js/-/ipaddr.js-1.9.1.tgz. Extracting by manifest.
397 silly tarball no local data for ee-first@https://registry.npmjs.org/ee-first/-/ee-first-1.1.1.tgz. Extracting by manifest.
398 silly tarball no local data for lru-cache@https://registry.npmjs.org/lru-cache/-/lru-cache-7.18.3.tgz. Extracting by manifest.
399 silly tarball no local data for sqlstring@https://registry.npmjs.org/sqlstring/-/sqlstring-2.3.3.tgz. Extracting by manifest.
400 silly tarball no local data for is-property@https://registry.npmjs.org/is-property/-/is-property-1.0.2.tgz. Extracting by manifest.
401 silly tarball no local data for es-object-atoms@https://registry.npmjs.org/es-object-atoms/-/es-object-atoms-1.1.1.tgz. Extracting by manifest.
402 silly tarball no local data for named-placeholders@https://registry.npmjs.org/named-placeholders/-/named-placeholders-1.1.3.tgz. Extracting by manifest.
403 silly tarball no local data for long@https://registry.npmjs.org/long/-/long-5.3.0.tgz. Extracting by manifest.
404 silly tarball no local data for generate-function@https://registry.npmjs.org/generate-function/-/generate-function-2.3.1.tgz. Extracting by manifest.
405 silly tarball no local data for denque@https://registry.npmjs.org/denque/-/denque-2.1.0.tgz. Extracting by manifest.
406 silly tarball no local data for aws-ssl-profiles@https://registry.npmjs.org/aws-ssl-profiles/-/aws-ssl-profiles-1.1.2.tgz. Extracting by manifest.
407 silly tarball no local data for mime-db@https://registry.npmjs.org/mime-db/-/mime-db-1.52.0.tgz. Extracting by manifest.
408 silly tarball no local data for inherits@https://registry.npmjs.org/inherits/-/inherits-2.0.4.tgz. Extracting by manifest.
409 silly tarball no local data for seq-queue@https://registry.npmjs.org/seq-queue/-/seq-queue-0.0.5.tgz. Extracting by manifest.
410 silly tarball no local data for lru.min@https://registry.npmjs.org/lru.min/-/lru.min-1.1.1.tgz. Extracting by manifest.
411 silly tarball no local data for toidentifier@https://registry.npmjs.org/toidentifier/-/toidentifier-1.0.1.tgz. Extracting by manifest.
412 silly tarball no local data for safer-buffer@https://registry.npmjs.org/safer-buffer/-/safer-buffer-2.1.2.tgz. Extracting by manifest.
413 silly tarball no local data for ms@https://registry.npmjs.org/ms/-/ms-2.0.0.tgz. Extracting by manifest.
414 silly tarball no local data for raw-body@https://registry.npmjs.org/raw-body/-/raw-body-2.5.2.tgz. Extracting by manifest.
415 silly tarball no local data for unpipe@https://registry.npmjs.org/unpipe/-/unpipe-1.0.0.tgz. Extracting by manifest.
416 silly tarball no local data for bytes@https://registry.npmjs.org/bytes/-/bytes-3.1.2.tgz. Extracting by manifest.
417 silly tarball no local data for iconv-lite@https://registry.npmjs.org/iconv-lite/-/iconv-lite-0.4.24.tgz. Extracting by manifest.
418 silly tarball no local data for negotiator@https://registry.npmjs.org/negotiator/-/negotiator-0.6.3.tgz. Extracting by manifest.
419 silly tarball no local data for vary@https://registry.npmjs.org/vary/-/vary-1.1.2.tgz. Extracting by manifest.
420 silly tarball no local data for utils-merge@https://registry.npmjs.org/utils-merge/-/utils-merge-1.0.1.tgz. Extracting by manifest.
421 silly tarball no local data for mime-types@https://registry.npmjs.org/mime-types/-/mime-types-2.1.35.tgz. Extracting by manifest.
422 silly tarball no local data for type-is@https://registry.npmjs.org/type-is/-/type-is-1.6.18.tgz. Extracting by manifest.
423 silly tarball no local data for destroy@https://registry.npmjs.org/destroy/-/destroy-1.2.0.tgz. Extracting by manifest.
424 silly tarball no local data for statuses@https://registry.npmjs.org/statuses/-/statuses-2.0.1.tgz. Extracting by manifest.
425 silly tarball no local data for send@https://registry.npmjs.org/send/-/send-0.19.0.tgz. Extracting by manifest.
426 silly tarball no local data for serve-static@https://registry.npmjs.org/serve-static/-/serve-static-1.16.2.tgz. Extracting by manifest.
427 silly tarball no local data for safe-buffer@https://registry.npmjs.org/safe-buffer/-/safe-buffer-5.2.1.tgz. Extracting by manifest.
428 silly tarball no local data for range-parser@https://registry.npmjs.org/range-parser/-/range-parser-1.2.1.tgz. Extracting by manifest.
429 silly tarball no local data for qs@https://registry.npmjs.org/qs/-/qs-6.13.0.tgz. Extracting by manifest.
430 silly tarball no local data for path-to-regexp@https://registry.npmjs.org/path-to-regexp/-/path-to-regexp-0.1.12.tgz. Extracting by manifest.
431 silly tarball no local data for proxy-addr@https://registry.npmjs.org/proxy-addr/-/proxy-addr-2.0.7.tgz. Extracting by manifest.
432 silly tarball no local data for on-finished@https://registry.npmjs.org/on-finished/-/on-finished-2.4.1.tgz. Extracting by manifest.
433 silly tarball no local data for parseurl@https://registry.npmjs.org/parseurl/-/parseurl-1.3.3.tgz. Extracting by manifest.
434 silly tarball no local data for methods@https://registry.npmjs.org/methods/-/methods-1.1.2.tgz. Extracting by manifest.
435 silly tarball no local data for merge-descriptors@https://registry.npmjs.org/merge-descriptors/-/merge-descriptors-1.0.3.tgz. Extracting by manifest.
436 silly tarball no local data for http-errors@https://registry.npmjs.org/http-errors/-/http-errors-2.0.0.tgz. Extracting by manifest.
437 silly tarball no local data for fresh@https://registry.npmjs.org/fresh/-/fresh-0.5.2.tgz. Extracting by manifest.
438 silly tarball no local data for finalhandler@https://registry.npmjs.org/finalhandler/-/finalhandler-1.3.1.tgz. Extracting by manifest.
439 silly tarball no local data for etag@https://registry.npmjs.org/etag/-/etag-1.8.1.tgz. Extracting by manifest.
440 silly tarball no local data for escape-html@https://registry.npmjs.org/escape-html/-/escape-html-1.0.3.tgz. Extracting by manifest.
441 silly tarball no local data for depd@https://registry.npmjs.org/depd/-/depd-2.0.0.tgz. Extracting by manifest.
442 silly tarball no local data for debug@https://registry.npmjs.org/debug/-/debug-2.6.9.tgz. Extracting by manifest.
443 silly tarball no local data for encodeurl@https://registry.npmjs.org/encodeurl/-/encodeurl-2.0.0.tgz. Extracting by manifest.
444 silly tarball no local data for setprototypeof@https://registry.npmjs.org/setprototypeof/-/setprototypeof-1.2.0.tgz. Extracting by manifest.
445 silly tarball no local data for cookie-signature@https://registry.npmjs.org/cookie-signature/-/cookie-signature-1.0.6.tgz. Extracting by manifest.
446 silly tarball no local data for cookie@https://registry.npmjs.org/cookie/-/cookie-0.7.1.tgz. Extracting by manifest.
447 silly tarball no local data for content-type@https://registry.npmjs.org/content-type/-/content-type-1.0.5.tgz. Extracting by manifest.
448 silly tarball no local data for content-disposition@https://registry.npmjs.org/content-disposition/-/content-disposition-0.5.4.tgz. Extracting by manifest.
449 silly tarball no local data for accepts@https://registry.npmjs.org/accepts/-/accepts-1.3.8.tgz. Extracting by manifest.
450 silly tarball no local data for body-parser@https://registry.npmjs.org/body-parser/-/body-parser-1.20.3.tgz. Extracting by manifest.
451 silly tarball no local data for mysql2@https://registry.npmjs.org/mysql2/-/mysql2-3.12.0.tgz. Extracting by manifest.
452 silly tarball no local data for express@https://registry.npmjs.org/express/-/express-4.21.2.tgz. Extracting by manifest.
453 silly tarball no local data for array-flatten@https://registry.npmjs.org/array-flatten/-/array-flatten-1.1.1.tgz. Extracting by manifest.
454 silly tarball no local data for encodeurl@https://registry.npmjs.org/encodeurl/-/encodeurl-1.0.2.tgz. Extracting by manifest.
455 silly tarball no local data for ms@https://registry.npmjs.org/ms/-/ms-2.1.3.tgz. Extracting by manifest.
456 silly tarball no local data for iconv-lite@https://registry.npmjs.org/iconv-lite/-/iconv-lite-0.6.3.tgz. Extracting by manifest.
457 http fetch POST 200 https://registry.npmjs.org/-/npm/v1/security/advisories/bulk 337ms
458 timing auditReport:getReport Completed in 349ms
459 silly audit report {}
460 timing auditReport:init Completed in 0ms
461 timing reify:audit Completed in 353ms
462 http fetch GET 200 https://registry.npmjs.org/media-typer/-/media-typer-0.3.0.tgz 1911ms (cache miss)
463 timing reifyNode:node_modules/media-typer Completed in 2103ms
464 http fetch GET 200 https://registry.npmjs.org/inherits/-/inherits-2.0.4.tgz 2172ms (cache miss)
465 http fetch GET 200 https://registry.npmjs.org/forwarded/-/forwarded-0.2.0.tgz 2267ms (cache miss)
466 http fetch GET 200 https://registry.npmjs.org/ee-first/-/ee-first-1.1.1.tgz 2267ms (cache miss)
467 timing reifyNode:node_modules/ee-first Completed in 2340ms
468 http fetch GET 200 https://registry.npmjs.org/ms/-/ms-2.0.0.tgz 2275ms (cache miss)
469 timing reifyNode:node_modules/ms Completed in 2352ms
470 http fetch GET 200 https://registry.npmjs.org/is-property/-/is-property-1.0.2.tgz 2283ms (cache miss)
471 timing reifyNode:node_modules/forwarded Completed in 2403ms
472 http fetch GET 200 https://registry.npmjs.org/named-placeholders/-/named-placeholders-1.1.3.tgz 2328ms (cache miss)
473 timing reifyNode:node_modules/named-placeholders Completed in 2403ms
474 timing reifyNode:node_modules/inherits Completed in 2405ms
475 http fetch GET 200 https://registry.npmjs.org/unpipe/-/unpipe-1.0.0.tgz 2334ms (cache miss)
476 http fetch GET 200 https://registry.npmjs.org/encodeurl/-/encodeurl-2.0.0.tgz 2325ms (cache miss)
477 http fetch GET 200 https://registry.npmjs.org/cookie-signature/-/cookie-signature-1.0.6.tgz 2326ms (cache miss)
478 http fetch GET 200 https://registry.npmjs.org/utils-merge/-/utils-merge-1.0.1.tgz 2349ms (cache miss)
479 timing reifyNode:node_modules/encodeurl Completed in 2442ms
480 http fetch GET 200 https://registry.npmjs.org/vary/-/vary-1.1.2.tgz 2374ms (cache miss)
481 timing reifyNode:node_modules/vary Completed in 2462ms
482 http fetch GET 200 https://registry.npmjs.org/destroy/-/destroy-1.2.0.tgz 2382ms (cache miss)
483 timing reifyNode:node_modules/destroy Completed in 2473ms
484 http fetch GET 200 https://registry.npmjs.org/path-to-regexp/-/path-to-regexp-0.1.12.tgz 2382ms (cache miss)
485 timing reifyNode:node_modules/path-to-regexp Completed in 2476ms
486 http fetch GET 200 https://registry.npmjs.org/toidentifier/-/toidentifier-1.0.1.tgz 2405ms (cache miss)
487 timing reifyNode:node_modules/utils-merge Completed in 2482ms
488 http fetch GET 200 https://registry.npmjs.org/etag/-/etag-1.8.1.tgz 2382ms (cache miss)
489 http fetch GET 200 https://registry.npmjs.org/type-is/-/type-is-1.6.18.tgz 2411ms (cache miss)
490 timing reifyNode:node_modules/is-property Completed in 2518ms
491 http fetch GET 200 https://registry.npmjs.org/bytes/-/bytes-3.1.2.tgz 2439ms (cache miss)
492 http fetch GET 200 https://registry.npmjs.org/range-parser/-/range-parser-1.2.1.tgz 2427ms (cache miss)
493 timing reifyNode:node_modules/range-parser Completed in 2519ms
494 timing reifyNode:node_modules/unpipe Completed in 2525ms
495 http fetch GET 200 https://registry.npmjs.org/methods/-/methods-1.1.2.tgz 2427ms (cache miss)
496 http fetch GET 200 https://registry.npmjs.org/merge-descriptors/-/merge-descriptors-1.0.3.tgz 2428ms (cache miss)
497 http fetch GET 200 https://registry.npmjs.org/array-flatten/-/array-flatten-1.1.1.tgz 2419ms (cache miss)
498 timing reifyNode:node_modules/array-flatten Completed in 2528ms
499 timing reifyNode:node_modules/toidentifier Completed in 2575ms
500 http fetch GET 200 https://registry.npmjs.org/parseurl/-/parseurl-1.3.3.tgz 2489ms (cache miss)
501 timing reifyNode:node_modules/parseurl Completed in 2591ms
502 timing reifyNode:node_modules/cookie-signature Completed in 2595ms
503 http fetch GET 200 https://registry.npmjs.org/escape-html/-/escape-html-1.0.3.tgz 2498ms (cache miss)
504 timing reifyNode:node_modules/escape-html Completed in 2597ms
505 timing reifyNode:node_modules/type-is Completed in 2600ms
506 http fetch GET 200 https://registry.npmjs.org/encodeurl/-/encodeurl-1.0.2.tgz 2488ms (cache miss)
507 http fetch GET 200 https://registry.npmjs.org/ms/-/ms-2.1.3.tgz 2488ms (cache miss)
508 timing reifyNode:node_modules/send/node_modules/ms Completed in 2600ms
509 timing reifyNode:node_modules/send/node_modules/encodeurl Completed in 2602ms
510 timing reifyNode:node_modules/methods Completed in 2602ms
511 timing reifyNode:node_modules/bytes Completed in 2612ms
512 http fetch GET 200 https://registry.npmjs.org/fresh/-/fresh-0.5.2.tgz 2513ms (cache miss)
513 timing reifyNode:node_modules/fresh Completed in 2612ms
514 timing reifyNode:node_modules/etag Completed in 2612ms
515 http fetch GET 200 https://registry.npmjs.org/setprototypeof/-/setprototypeof-1.2.0.tgz 2513ms (cache miss)
516 timing reifyNode:node_modules/merge-descriptors Completed in 2616ms
517 http fetch GET 200 https://registry.npmjs.org/content-type/-/content-type-1.0.5.tgz 2512ms (cache miss)
518 http fetch GET 200 https://registry.npmjs.org/statuses/-/statuses-2.0.1.tgz 2593ms (cache miss)
519 timing reifyNode:node_modules/content-type Completed in 2682ms
520 http fetch GET 200 https://registry.npmjs.org/generate-function/-/generate-function-2.3.1.tgz 2625ms (cache miss)
521 timing reifyNode:node_modules/setprototypeof Completed in 2715ms
522 timing reifyNode:node_modules/statuses Completed in 2729ms
523 timing reifyNode:node_modules/generate-function Completed in 2733ms
524 http fetch GET 200 https://registry.npmjs.org/on-finished/-/on-finished-2.4.1.tgz 2638ms (cache miss)
525 timing reifyNode:node_modules/on-finished Completed in 2735ms
526 http fetch GET 200 https://registry.npmjs.org/hasown/-/hasown-2.0.2.tgz 2687ms (cache miss)
527 http fetch GET 200 https://registry.npmjs.org/denque/-/denque-2.1.0.tgz 2692ms (cache miss)
528 timing reifyNode:node_modules/denque Completed in 2767ms
529 http fetch GET 200 https://registry.npmjs.org/finalhandler/-/finalhandler-1.3.1.tgz 2673ms (cache miss)
530 timing reifyNode:node_modules/finalhandler Completed in 2773ms
531 http fetch GET 200 https://registry.npmjs.org/proxy-addr/-/proxy-addr-2.0.7.tgz 2718ms (cache miss)
532 timing reifyNode:node_modules/proxy-addr Completed in 2813ms
533 http fetch GET 200 https://registry.npmjs.org/mime-types/-/mime-types-2.1.35.tgz 2731ms (cache miss)
534 timing reifyNode:node_modules/mime-types Completed in 2818ms
535 http fetch GET 200 https://registry.npmjs.org/cookie/-/cookie-0.7.1.tgz 2722ms (cache miss)
536 timing reifyNode:node_modules/cookie Completed in 2826ms
537 timing reifyNode:node_modules/hasown Completed in 2836ms
538 http fetch GET 200 https://registry.npmjs.org/http-errors/-/http-errors-2.0.0.tgz 2770ms (cache miss)
539 timing reifyNode:node_modules/http-errors Completed in 2870ms
540 http fetch GET 200 https://registry.npmjs.org/accepts/-/accepts-1.3.8.tgz 2771ms (cache miss)
541 timing reifyNode:node_modules/accepts Completed in 2876ms
542 http fetch GET 200 https://registry.npmjs.org/content-disposition/-/content-disposition-0.5.4.tgz 2779ms (cache miss)
543 timing reifyNode:node_modules/content-disposition Completed in 2883ms
544 http fetch GET 200 https://registry.npmjs.org/safe-buffer/-/safe-buffer-5.2.1.tgz 2873ms (cache miss)
545 timing reifyNode:node_modules/safe-buffer Completed in 2965ms
546 http fetch GET 200 https://registry.npmjs.org/ipaddr.js/-/ipaddr.js-1.9.1.tgz 2952ms (cache miss)
547 timing reifyNode:node_modules/ipaddr.js Completed in 3026ms
548 http fetch GET 200 https://registry.npmjs.org/raw-body/-/raw-body-2.5.2.tgz 2947ms (cache miss)
549 timing reifyNode:node_modules/raw-body Completed in 3026ms
550 http fetch GET 200 https://registry.npmjs.org/lru.min/-/lru.min-1.1.1.tgz 2951ms (cache miss)
551 http fetch GET 200 https://registry.npmjs.org/serve-static/-/serve-static-1.16.2.tgz 2936ms (cache miss)
552 timing reifyNode:node_modules/serve-static Completed in 3027ms
553 timing reifyNode:node_modules/lru.min Completed in 3030ms
554 http fetch GET 200 https://registry.npmjs.org/negotiator/-/negotiator-0.6.3.tgz 2990ms (cache miss)
555 http fetch GET 200 https://registry.npmjs.org/gopd/-/gopd-1.2.0.tgz 3024ms (cache miss)
556 http fetch GET 200 https://registry.npmjs.org/depd/-/depd-2.0.0.tgz 3020ms (cache miss)
557 timing reifyNode:node_modules/depd Completed in 3120ms
558 http fetch GET 200 https://registry.npmjs.org/sqlstring/-/sqlstring-2.3.3.tgz 3067ms (cache miss)
559 timing reifyNode:node_modules/sqlstring Completed in 3141ms
560 timing reifyNode:node_modules/negotiator Completed in 3146ms
561 timing reifyNode:node_modules/gopd Completed in 3192ms
562 http fetch GET 200 https://registry.npmjs.org/es-define-property/-/es-define-property-1.0.1.tgz 3186ms (cache miss)
563 http fetch GET 200 https://registry.npmjs.org/call-bound/-/call-bound-1.0.3.tgz 3225ms (cache miss)
564 http fetch GET 200 https://registry.npmjs.org/seq-queue/-/seq-queue-0.0.5.tgz 3215ms (cache miss)
565 http fetch GET 200 https://registry.npmjs.org/side-channel-map/-/side-channel-map-1.0.1.tgz 3231ms (cache miss)
566 http fetch GET 200 https://registry.npmjs.org/safer-buffer/-/safer-buffer-2.1.2.tgz 3223ms (cache miss)
567 timing reifyNode:node_modules/safer-buffer Completed in 3302ms
568 timing reifyNode:node_modules/es-define-property Completed in 3305ms
569 http fetch GET 200 https://registry.npmjs.org/side-channel-weakmap/-/side-channel-weakmap-1.0.2.tgz 3241ms (cache miss)
570 timing reifyNode:node_modules/call-bound Completed in 3311ms
571 http fetch GET 200 https://registry.npmjs.org/get-intrinsic/-/get-intrinsic-1.2.7.tgz 3250ms (cache miss)
572 timing reifyNode:node_modules/get-intrinsic Completed in 3317ms
573 timing reifyNode:node_modules/seq-queue Completed in 3318ms
574 http fetch GET 200 https://registry.npmjs.org/send/-/send-0.19.0.tgz 3239ms (cache miss)
575 timing reifyNode:node_modules/send Completed in 3328ms
576 timing reifyNode:node_modules/side-channel-map Completed in 3349ms
577 http fetch GET 200 https://registry.npmjs.org/get-proto/-/get-proto-1.0.1.tgz 3289ms (cache miss)
578 http fetch GET 200 https://registry.npmjs.org/side-channel/-/side-channel-1.1.0.tgz 3280ms (cache miss)
579 timing reifyNode:node_modules/side-channel-weakmap Completed in 3361ms
580 http fetch GET 200 https://registry.npmjs.org/dunder-proto/-/dunder-proto-1.0.1.tgz 3302ms (cache miss)
581 timing reifyNode:node_modules/side-channel Completed in 3371ms
582 http fetch GET 200 https://registry.npmjs.org/side-channel-list/-/side-channel-list-1.0.0.tgz 3303ms (cache miss)
583 http fetch GET 200 https://registry.npmjs.org/mime-db/-/mime-db-1.52.0.tgz 3297ms (cache miss)
584 timing reifyNode:node_modules/mime-db Completed in 3373ms
585 http fetch GET 200 https://registry.npmjs.org/function-bind/-/function-bind-1.1.2.tgz 3320ms (cache miss)
586 timing reifyNode:node_modules/get-proto Completed in 3390ms
587 timing reifyNode:node_modules/function-bind Completed in 3399ms
588 timing reifyNode:node_modules/dunder-proto Completed in 3402ms
589 http fetch GET 200 https://registry.npmjs.org/long/-/long-5.3.0.tgz 3328ms (cache miss)
590 timing reifyNode:node_modules/side-channel-list Completed in 3463ms
591 timing reifyNode:node_modules/long Completed in 3526ms
592 http fetch GET 200 https://registry.npmjs.org/lru-cache/-/lru-cache-7.18.3.tgz 3492ms (cache miss)
593 timing reifyNode:node_modules/lru-cache Completed in 3566ms
594 http fetch GET 200 https://registry.npmjs.org/has-symbols/-/has-symbols-1.1.0.tgz 3553ms (cache miss)
595 http fetch GET 200 https://registry.npmjs.org/mime/-/mime-1.6.0.tgz 3549ms (cache miss)
596 timing reifyNode:node_modules/mime Completed in 3621ms
597 http fetch GET 200 https://registry.npmjs.org/es-object-atoms/-/es-object-atoms-1.1.1.tgz 3551ms (cache miss)
598 timing reifyNode:node_modules/has-symbols Completed in 3634ms
599 http fetch GET 200 https://registry.npmjs.org/body-parser/-/body-parser-1.20.3.tgz 3529ms (cache miss)
600 timing reifyNode:node_modules/body-parser Completed in 3635ms
601 timing reifyNode:node_modules/es-object-atoms Completed in 3644ms
602 http fetch GET 200 https://registry.npmjs.org/debug/-/debug-2.6.9.tgz 3623ms (cache miss)
603 timing reifyNode:node_modules/debug Completed in 3732ms
604 http fetch GET 200 https://registry.npmjs.org/call-bind-apply-helpers/-/call-bind-apply-helpers-1.0.2.tgz 3703ms (cache miss)
605 timing reifyNode:node_modules/call-bind-apply-helpers Completed in 3783ms
606 http fetch GET 200 https://registry.npmjs.org/es-errors/-/es-errors-1.3.0.tgz 3719ms (cache miss)
607 timing reifyNode:node_modules/es-errors Completed in 3801ms
608 http fetch GET 200 https://registry.npmjs.org/aws-ssl-profiles/-/aws-ssl-profiles-1.1.2.tgz 3756ms (cache miss)
609 timing reifyNode:node_modules/aws-ssl-profiles Completed in 3845ms
610 http fetch GET 200 https://registry.npmjs.org/express/-/express-4.21.2.tgz 3825ms (cache miss)
611 timing reifyNode:node_modules/express Completed in 3932ms
612 http fetch GET 200 https://registry.npmjs.org/qs/-/qs-6.13.0.tgz 3855ms (cache miss)
613 timing reifyNode:node_modules/qs Completed in 3947ms
614 http fetch GET 200 https://registry.npmjs.org/math-intrinsics/-/math-intrinsics-1.1.0.tgz 3949ms (cache miss)
615 timing reifyNode:node_modules/math-intrinsics Completed in 4023ms
616 http fetch GET 200 https://registry.npmjs.org/object-inspect/-/object-inspect-1.13.4.tgz 4033ms (cache miss)
617 timing reifyNode:node_modules/object-inspect Completed in 4102ms
618 http fetch GET 200 https://registry.npmjs.org/iconv-lite/-/iconv-lite-0.4.24.tgz 4095ms (cache miss)
619 timing reifyNode:node_modules/iconv-lite Completed in 4175ms
620 http fetch GET 200 https://registry.npmjs.org/iconv-lite/-/iconv-lite-0.6.3.tgz 4112ms (cache miss)
621 timing reifyNode:node_modules/mysql2/node_modules/iconv-lite Completed in 4253ms
622 http fetch GET 200 https://registry.npmjs.org/mysql2/-/mysql2-3.12.0.tgz 5770ms (cache miss)
623 timing reifyNode:node_modules/mysql2 Completed in 5878ms
624 timing reify:unpack Completed in 5895ms
625 timing reify:unretire Completed in 0ms
626 timing build:queue Completed in 17ms
627 timing build:link:node_modules/mime Completed in 42ms
628 timing build:link Completed in 43ms
629 timing build:deps Completed in 62ms
630 timing build Completed in 64ms
631 timing reify:build Completed in 65ms
632 timing reify:trash Completed in 0ms
633 timing reify:save Completed in 174ms
634 timing reify Completed in 9211ms
635 silly ADD node_modules/media-typer
636 silly ADD node_modules/dunder-proto
637 silly ADD node_modules/math-intrinsics
638 silly ADD node_modules/hasown
639 silly ADD node_modules/has-symbols
640 silly ADD node_modules/gopd
641 silly ADD node_modules/get-proto
642 silly ADD node_modules/es-object-atoms
643 silly ADD node_modules/es-define-property
644 silly ADD node_modules/function-bind
645 silly ADD node_modules/call-bind-apply-helpers
646 silly ADD node_modules/get-intrinsic
647 silly ADD node_modules/call-bound
648 silly ADD node_modules/side-channel-weakmap
649 silly ADD node_modules/side-channel-map
650 silly ADD node_modules/side-channel-list
651 silly ADD node_modules/object-inspect
652 silly ADD node_modules/es-errors
653 silly ADD node_modules/mime
654 silly ADD node_modules/side-channel
655 silly ADD node_modules/ipaddr.js
656 silly ADD node_modules/forwarded
657 silly ADD node_modules/ee-first
658 silly ADD node_modules/lru-cache
659 silly ADD node_modules/is-property
660 silly ADD node_modules/sqlstring
661 silly ADD node_modules/seq-queue
662 silly ADD node_modules/named-placeholders
663 silly ADD node_modules/lru.min
664 silly ADD node_modules/long
665 silly ADD node_modules/generate-function
666 silly ADD node_modules/denque
667 silly ADD node_modules/aws-ssl-profiles
668 silly ADD node_modules/mime-db
669 silly ADD node_modules/safer-buffer
670 silly ADD node_modules/toidentifier
671 silly ADD node_modules/inherits
672 silly ADD node_modules/ms
673 silly ADD node_modules/unpipe
674 silly ADD node_modules/raw-body
675 silly ADD node_modules/iconv-lite
676 silly ADD node_modules/destroy
677 silly ADD node_modules/bytes
678 silly ADD node_modules/negotiator
679 silly ADD node_modules/mime-types
680 silly ADD node_modules/vary
681 silly ADD node_modules/utils-merge
682 silly ADD node_modules/type-is
683 silly ADD node_modules/statuses
684 silly ADD node_modules/setprototypeof
685 silly ADD node_modules/serve-static
686 silly ADD node_modules/send
687 silly ADD node_modules/send/node_modules/ms
688 silly ADD node_modules/send/node_modules/encodeurl
689 silly ADD node_modules/safe-buffer
690 silly ADD node_modules/range-parser
691 silly ADD node_modules/qs
692 silly ADD node_modules/proxy-addr
693 silly ADD node_modules/path-to-regexp
694 silly ADD node_modules/parseurl
695 silly ADD node_modules/on-finished
696 silly ADD node_modules/methods
697 silly ADD node_modules/merge-descriptors
698 silly ADD node_modules/http-errors
699 silly ADD node_modules/fresh
700 silly ADD node_modules/finalhandler
701 silly ADD node_modules/etag
702 silly ADD node_modules/escape-html
703 silly ADD node_modules/encodeurl
704 silly ADD node_modules/depd
705 silly ADD node_modules/debug
706 silly ADD node_modules/cookie-signature
707 silly ADD node_modules/cookie
708 silly ADD node_modules/content-type
709 silly ADD node_modules/content-disposition
710 silly ADD node_modules/body-parser
711 silly ADD node_modules/array-flatten
712 silly ADD node_modules/accepts
713 silly ADD node_modules/mysql2
714 silly ADD node_modules/mysql2/node_modules/iconv-lite
715 silly ADD node_modules/express
716 timing command:install Completed in 9276ms
717 verbose exit 0
718 timing npm Completed in 9720ms
719 info ok
