0 verbose cli C:\Program Files\nodejs\node.exe C:\Program Files\nodejs\node_modules\npm\bin\npm-cli.js
1 info using npm@10.2.4
2 info using node@v21.6.2
3 timing npm:load:whichnode Completed in 4ms
4 timing config:load:defaults Completed in 3ms
5 timing config:load:file:C:\Program Files\nodejs\node_modules\npm\npmrc Completed in 5ms
6 timing config:load:builtin Completed in 6ms
7 timing config:load:cli Completed in 3ms
8 timing config:load:env Completed in 1ms
9 timing config:load:file:C:\Users\daadh\calgaryhacks2025\calgaryhacks2025\backend\.npmrc Completed in 0ms
10 timing config:load:project Completed in 5ms
11 timing config:load:file:C:\Users\daadh\.npmrc Completed in 0ms
12 timing config:load:user Completed in 0ms
13 timing config:load:file:C:\Users\daadh\AppData\Roaming\npm\etc\npmrc Completed in 0ms
14 timing config:load:global Completed in 0ms
15 timing config:load:setEnvs Completed in 0ms
16 timing config:load Completed in 20ms
17 timing npm:load:configload Completed in 20ms
18 timing config:load:flatten Completed in 4ms
19 timing npm:load:mkdirpcache Completed in 1ms
20 timing npm:load:mkdirplogs Completed in 0ms
21 verbose title npm install express mysql12
22 verbose argv "install" "express" "mysql12"
23 timing npm:load:setTitle Completed in 2ms
24 timing npm:load:display Completed in 0ms
25 verbose logfile logs-max:10 dir:C:\Users\daadh\calgaryhacks2025\calgaryhacks2025\backend\Users\daadh\AppData\Roaming\npm-cache\_logs\2025-02-16T14_27_35_415Z-
26 verbose logfile C:\Users\daadh\calgaryhacks2025\calgaryhacks2025\backend\Users\daadh\AppData\Roaming\npm-cache\_logs\2025-02-16T14_27_35_415Z-debug-0.log
27 timing npm:load:logFile Completed in 15ms
28 timing npm:load:timers Completed in 0ms
29 timing npm:load:configScope Completed in 0ms
30 timing npm:load Completed in 80ms
31 timing arborist:ctor Completed in 3ms
32 silly logfile done cleaning log files
33 timing arborist:ctor Completed in 1ms
34 timing idealTree:init Completed in 14ms
35 timing idealTree:userRequests Completed in 2ms
36 silly idealTree buildDeps
37 silly fetch manifest express@*
38 http fetch GET 200 https://registry.npmjs.org/express 581ms (cache miss)
39 silly fetch manifest mysql12@*
40 http fetch GET 200 https://registry.npmjs.org/npm 746ms (cache miss)
41 http fetch GET 404 https://registry.npmjs.org/mysql12 618ms (cache skip)
42 http fetch GET 404 https://registry.npmjs.org/mysql12 555ms (cache skip)
43 silly placeDep ROOT express@4.21.2 OK for: backend@1.0.0 want: *
44 silly fetch manifest qs@6.13.0
45 silly fetch manifest depd@2.0.0
46 silly fetch manifest etag@~1.8.1
47 silly fetch manifest send@0.19.0
48 silly fetch manifest vary@~1.1.2
49 silly fetch manifest debug@2.6.9
50 silly fetch manifest fresh@0.5.2
51 silly fetch manifest cookie@0.7.1
52 silly fetch manifest accepts@~1.3.8
53 silly fetch manifest methods@~1.1.2
54 silly fetch manifest type-is@~1.6.18
55 silly fetch manifest parseurl@~1.3.3
56 silly fetch manifest statuses@2.0.1
57 silly fetch manifest encodeurl@~2.0.0
58 silly fetch manifest proxy-addr@~2.0.7
59 silly fetch manifest body-parser@1.20.3
60 silly fetch manifest escape-html@~1.0.3
61 silly fetch manifest http-errors@2.0.0
62 silly fetch manifest on-finished@2.4.1
63 silly fetch manifest safe-buffer@5.2.1
64 silly fetch manifest utils-merge@1.0.1
65 silly fetch manifest content-type@~1.0.4
66 silly fetch manifest finalhandler@1.3.1
67 silly fetch manifest range-parser@~1.2.1
68 silly fetch manifest serve-static@1.16.2
69 silly fetch manifest array-flatten@1.1.1
70 silly fetch manifest path-to-regexp@0.1.12
71 silly fetch manifest setprototypeof@1.2.0
72 silly fetch manifest cookie-signature@1.0.6
73 silly fetch manifest merge-descriptors@1.0.3
74 silly fetch manifest content-disposition@0.5.4
75 silly placeDep ROOT mysql12@ OK for: backend@1.0.0 want: *
76 http fetch GET 200 https://registry.npmjs.org/depd 157ms (cache miss)
77 http fetch GET 200 https://registry.npmjs.org/qs 166ms (cache miss)
78 http fetch GET 200 https://registry.npmjs.org/vary 477ms (cache miss)
79 http fetch GET 200 https://registry.npmjs.org/etag 491ms (cache miss)
80 http fetch GET 200 https://registry.npmjs.org/encodeurl 479ms (cache miss)
81 http fetch GET 200 https://registry.npmjs.org/fresh 494ms (cache miss)
82 http fetch GET 200 https://registry.npmjs.org/methods 502ms (cache miss)
83 http fetch GET 200 https://registry.npmjs.org/cookie 505ms (cache miss)
84 http fetch GET 200 https://registry.npmjs.org/accepts 506ms (cache miss)
85 http fetch GET 200 https://registry.npmjs.org/statuses 505ms (cache miss)
86 http fetch GET 200 https://registry.npmjs.org/on-finished 500ms (cache miss)
87 http fetch GET 200 https://registry.npmjs.org/parseurl 509ms (cache miss)
88 http fetch GET 200 https://registry.npmjs.org/type-is 512ms (cache miss)
89 http fetch GET 200 https://registry.npmjs.org/escape-html 507ms (cache miss)
90 http fetch GET 200 https://registry.npmjs.org/proxy-addr 512ms (cache miss)
91 http fetch GET 200 https://registry.npmjs.org/send 531ms (cache miss)
92 http fetch GET 200 https://registry.npmjs.org/utils-merge 511ms (cache miss)
93 http fetch GET 200 https://registry.npmjs.org/range-parser 510ms (cache miss)
94 http fetch GET 200 https://registry.npmjs.org/content-type 514ms (cache miss)
95 http fetch GET 200 https://registry.npmjs.org/merge-descriptors 506ms (cache miss)
96 http fetch GET 200 https://registry.npmjs.org/content-disposition 507ms (cache miss)
97 http fetch GET 200 https://registry.npmjs.org/array-flatten 520ms (cache miss)
98 http fetch GET 200 https://registry.npmjs.org/safe-buffer 530ms (cache miss)
99 http fetch GET 200 https://registry.npmjs.org/setprototypeof 522ms (cache miss)
100 http fetch GET 200 https://registry.npmjs.org/cookie-signature 522ms (cache miss)
101 http fetch GET 200 https://registry.npmjs.org/http-errors 536ms (cache miss)
102 http fetch GET 200 https://registry.npmjs.org/finalhandler 533ms (cache miss)
103 http fetch GET 200 https://registry.npmjs.org/debug 555ms (cache miss)
104 http fetch GET 200 https://registry.npmjs.org/body-parser 547ms (cache miss)
105 http fetch GET 200 https://registry.npmjs.org/path-to-regexp 539ms (cache miss)
106 http fetch GET 200 https://registry.npmjs.org/serve-static 594ms (cache miss)
107 timing idealTree:#root Completed in 2422ms
108 silly placeDep ROOT accepts@1.3.8 OK for: express@4.21.2 want: ~1.3.8
109 silly fetch manifest mime-types@~2.1.34
110 silly fetch manifest negotiator@0.6.3
111 silly placeDep ROOT array-flatten@1.1.1 OK for: express@4.21.2 want: 1.1.1
112 silly placeDep ROOT body-parser@1.20.3 OK for: express@4.21.2 want: 1.20.3
113 silly fetch manifest bytes@3.1.2
114 silly fetch manifest unpipe@1.0.0
115 silly fetch manifest destroy@1.2.0
116 silly fetch manifest raw-body@2.5.2
117 silly fetch manifest iconv-lite@0.4.24
118 silly fetch manifest content-type@~1.0.5
119 silly placeDep ROOT content-disposition@0.5.4 OK for: express@4.21.2 want: 0.5.4
120 silly placeDep ROOT content-type@1.0.5 OK for: express@4.21.2 want: ~1.0.4
121 silly placeDep ROOT cookie@0.7.1 OK for: express@4.21.2 want: 0.7.1
122 silly placeDep ROOT cookie-signature@1.0.6 OK for: express@4.21.2 want: 1.0.6
123 silly placeDep ROOT debug@2.6.9 OK for: express@4.21.2 want: 2.6.9
124 silly fetch manifest ms@2.0.0
125 silly placeDep ROOT depd@2.0.0 OK for: express@4.21.2 want: 2.0.0
126 silly placeDep ROOT encodeurl@2.0.0 OK for: express@4.21.2 want: ~2.0.0
127 silly placeDep ROOT escape-html@1.0.3 OK for: express@4.21.2 want: ~1.0.3
128 silly placeDep ROOT etag@1.8.1 OK for: express@4.21.2 want: ~1.8.1
129 silly placeDep ROOT finalhandler@1.3.1 OK for: express@4.21.2 want: 1.3.1
130 silly fetch manifest unpipe@~1.0.0
131 silly placeDep ROOT fresh@0.5.2 OK for: express@4.21.2 want: 0.5.2
132 silly placeDep ROOT http-errors@2.0.0 OK for: express@4.21.2 want: 2.0.0
133 silly fetch manifest inherits@2.0.4
134 silly fetch manifest toidentifier@1.0.1
135 silly placeDep ROOT merge-descriptors@1.0.3 OK for: express@4.21.2 want: 1.0.3
136 silly placeDep ROOT methods@1.1.2 OK for: express@4.21.2 want: ~1.1.2
137 silly placeDep ROOT on-finished@2.4.1 OK for: express@4.21.2 want: 2.4.1
138 silly fetch manifest ee-first@1.1.1
139 silly placeDep ROOT parseurl@1.3.3 OK for: express@4.21.2 want: ~1.3.3
140 silly placeDep ROOT path-to-regexp@0.1.12 OK for: express@4.21.2 want: 0.1.12
141 silly placeDep ROOT proxy-addr@2.0.7 OK for: express@4.21.2 want: ~2.0.7
142 silly fetch manifest forwarded@0.2.0
143 silly fetch manifest ipaddr.js@1.9.1
144 silly placeDep ROOT qs@6.13.0 OK for: express@4.21.2 want: 6.13.0
145 silly fetch manifest side-channel@^1.0.6
146 silly placeDep ROOT range-parser@1.2.1 OK for: express@4.21.2 want: ~1.2.1
147 silly placeDep ROOT safe-buffer@5.2.1 OK for: express@4.21.2 want: 5.2.1
148 silly placeDep ROOT send@0.19.0 OK for: express@4.21.2 want: 0.19.0
149 silly fetch manifest ms@2.1.3
150 silly fetch manifest mime@1.6.0
151 silly fetch manifest encodeurl@~1.0.2
152 silly placeDep ROOT serve-static@1.16.2 OK for: express@4.21.2 want: 1.16.2
153 silly placeDep ROOT setprototypeof@1.2.0 OK for: express@4.21.2 want: 1.2.0
154 silly placeDep ROOT statuses@2.0.1 OK for: express@4.21.2 want: 2.0.1
155 silly placeDep ROOT type-is@1.6.18 OK for: express@4.21.2 want: ~1.6.18
156 silly fetch manifest mime-types@~2.1.24
157 silly fetch manifest media-typer@0.3.0
158 silly placeDep ROOT utils-merge@1.0.1 OK for: express@4.21.2 want: 1.0.1
159 silly placeDep ROOT vary@1.1.2 OK for: express@4.21.2 want: ~1.1.2
160 http fetch GET 200 https://registry.npmjs.org/bytes 159ms (cache miss)
161 http fetch GET 200 https://registry.npmjs.org/destroy 160ms (cache miss)
162 http fetch GET 200 https://registry.npmjs.org/iconv-lite 164ms (cache miss)
163 http fetch GET 200 https://registry.npmjs.org/unpipe 168ms (cache miss)
164 http fetch GET 200 https://registry.npmjs.org/unpipe 213ms (cache miss)
165 http fetch GET 200 https://registry.npmjs.org/raw-body 236ms (cache miss)
166 http fetch GET 200 https://registry.npmjs.org/inherits 218ms (cache miss)
167 http fetch GET 200 https://registry.npmjs.org/toidentifier 226ms (cache miss)
168 http fetch GET 200 https://registry.npmjs.org/ee-first 218ms (cache miss)
169 http fetch GET 200 https://registry.npmjs.org/ms 249ms (cache miss)
170 http fetch GET 200 https://registry.npmjs.org/ms 210ms (cache miss)
171 http fetch GET 200 https://registry.npmjs.org/negotiator 275ms (cache miss)
172 http fetch GET 200 https://registry.npmjs.org/forwarded 230ms (cache miss)
173 http fetch GET 200 https://registry.npmjs.org/ipaddr.js 230ms (cache miss)
174 http fetch GET 200 https://registry.npmjs.org/mime-types 283ms (cache miss)
175 http fetch GET 200 https://registry.npmjs.org/side-channel 232ms (cache miss)
176 http fetch GET 200 https://registry.npmjs.org/media-typer 218ms (cache miss)
177 http fetch GET 200 https://registry.npmjs.org/mime-types 221ms (cache miss)
178 http fetch GET 200 https://registry.npmjs.org/mime 240ms (cache miss)
179 timing idealTree:node_modules/express Completed in 337ms
180 silly placeDep ROOT mime-types@2.1.35 OK for: accepts@1.3.8 want: ~2.1.34
181 silly fetch manifest mime-db@1.52.0
182 silly placeDep ROOT negotiator@0.6.3 OK for: accepts@1.3.8 want: 0.6.3
183 http fetch GET 200 https://registry.npmjs.org/mime-db 73ms (cache miss)
184 timing idealTree:node_modules/accepts Completed in 80ms
185 timing idealTree:node_modules/array-flatten Completed in 0ms
186 silly placeDep ROOT bytes@3.1.2 OK for: body-parser@1.20.3 want: 3.1.2
187 silly placeDep ROOT destroy@1.2.0 OK for: body-parser@1.20.3 want: 1.2.0
188 silly placeDep ROOT iconv-lite@0.4.24 OK for: body-parser@1.20.3 want: 0.4.24
189 silly fetch manifest safer-buffer@>= 2.1.2 < 3
190 silly placeDep ROOT raw-body@2.5.2 OK for: body-parser@1.20.3 want: 2.5.2
191 silly placeDep ROOT unpipe@1.0.0 OK for: body-parser@1.20.3 want: 1.0.0
192 http fetch GET 200 https://registry.npmjs.org/safer-buffer 63ms (cache miss)
193 timing idealTree:node_modules/body-parser Completed in 74ms
194 timing idealTree:node_modules/bytes Completed in 0ms
195 timing idealTree:node_modules/content-disposition Completed in 0ms
196 timing idealTree:node_modules/content-type Completed in 0ms
197 timing idealTree:node_modules/cookie Completed in 0ms
198 timing idealTree:node_modules/cookie-signature Completed in 0ms
199 silly placeDep ROOT ms@2.0.0 OK for: debug@2.6.9 want: 2.0.0
200 timing idealTree:node_modules/debug Completed in 3ms
201 timing idealTree:node_modules/depd Completed in 0ms
202 timing idealTree:node_modules/destroy Completed in 0ms
203 timing idealTree:node_modules/encodeurl Completed in 0ms
204 timing idealTree:node_modules/escape-html Completed in 0ms
205 timing idealTree:node_modules/etag Completed in 0ms
206 timing idealTree:node_modules/finalhandler Completed in 0ms
207 timing idealTree:node_modules/fresh Completed in 0ms
208 silly placeDep ROOT inherits@2.0.4 OK for: http-errors@2.0.0 want: 2.0.4
209 silly placeDep ROOT toidentifier@1.0.1 OK for: http-errors@2.0.0 want: 1.0.1
210 timing idealTree:node_modules/http-errors Completed in 4ms
211 silly placeDep ROOT safer-buffer@2.1.2 OK for: iconv-lite@0.4.24 want: >= 2.1.2 < 3
212 timing idealTree:node_modules/iconv-lite Completed in 3ms
213 timing idealTree:node_modules/inherits Completed in 0ms
214 timing idealTree:node_modules/merge-descriptors Completed in 0ms
215 timing idealTree:node_modules/methods Completed in 0ms
216 silly placeDep ROOT mime-db@1.52.0 OK for: mime-types@2.1.35 want: 1.52.0
217 timing idealTree:node_modules/mime-types Completed in 2ms
218 timing idealTree:node_modules/mime-db Completed in 0ms
219 timing idealTree:node_modules/ms Completed in 0ms
220 timing idealTree:node_modules/mysql12 Completed in 0ms
221 timing idealTree:node_modules/negotiator Completed in 0ms
222 silly placeDep ROOT ee-first@1.1.1 OK for: on-finished@2.4.1 want: 1.1.1
223 timing idealTree:node_modules/on-finished Completed in 2ms
224 timing idealTree:node_modules/ee-first Completed in 0ms
225 timing idealTree:node_modules/parseurl Completed in 0ms
226 timing idealTree:node_modules/path-to-regexp Completed in 0ms
227 silly placeDep ROOT forwarded@0.2.0 OK for: proxy-addr@2.0.7 want: 0.2.0
228 silly placeDep ROOT ipaddr.js@1.9.1 OK for: proxy-addr@2.0.7 want: 1.9.1
229 timing idealTree:node_modules/proxy-addr Completed in 5ms
230 timing idealTree:node_modules/forwarded Completed in 0ms
231 timing idealTree:node_modules/ipaddr.js Completed in 0ms
232 silly placeDep ROOT side-channel@1.1.0 OK for: qs@6.13.0 want: ^1.0.6
233 silly fetch manifest es-errors@^1.3.0
234 silly fetch manifest object-inspect@^1.13.3
235 silly fetch manifest side-channel-list@^1.0.0
236 silly fetch manifest side-channel-map@^1.0.1
237 silly fetch manifest side-channel-weakmap@^1.0.2
238 http fetch GET 200 https://registry.npmjs.org/es-errors 81ms (cache miss)
239 http fetch GET 200 https://registry.npmjs.org/object-inspect 114ms (cache miss)
240 http fetch GET 200 https://registry.npmjs.org/side-channel-map 119ms (cache miss)
241 http fetch GET 200 https://registry.npmjs.org/side-channel-weakmap 127ms (cache miss)
242 http fetch GET 200 https://registry.npmjs.org/side-channel-list 150ms (cache miss)
243 timing idealTree:node_modules/qs Completed in 156ms
244 timing idealTree:node_modules/range-parser Completed in 0ms
245 timing idealTree:node_modules/raw-body Completed in 0ms
246 timing idealTree:node_modules/safe-buffer Completed in 0ms
247 timing idealTree:node_modules/safer-buffer Completed in 0ms
248 silly placeDep node_modules/send encodeurl@1.0.2 OK for: send@0.19.0 want: ~1.0.2
249 silly placeDep ROOT mime@1.6.0 OK for: send@0.19.0 want: 1.6.0
250 silly placeDep node_modules/send ms@2.1.3 OK for: send@0.19.0 want: 2.1.3
251 timing idealTree:node_modules/send Completed in 10ms
252 timing idealTree:node_modules/mime Completed in 0ms
253 timing idealTree:node_modules/serve-static Completed in 0ms
254 timing idealTree:node_modules/setprototypeof Completed in 0ms
255 silly placeDep ROOT es-errors@1.3.0 OK for: side-channel@1.1.0 want: ^1.3.0
256 silly placeDep ROOT object-inspect@1.13.4 OK for: side-channel@1.1.0 want: ^1.13.3
257 silly placeDep ROOT side-channel-list@1.0.0 OK for: side-channel@1.1.0 want: ^1.0.0
258 silly placeDep ROOT side-channel-map@1.0.1 OK for: side-channel@1.1.0 want: ^1.0.1
259 silly fetch manifest call-bound@^1.0.2
260 silly fetch manifest get-intrinsic@^1.2.5
261 silly placeDep ROOT side-channel-weakmap@1.0.2 OK for: side-channel@1.1.0 want: ^1.0.2
262 http fetch GET 200 https://registry.npmjs.org/call-bound 55ms (cache miss)
263 http fetch GET 200 https://registry.npmjs.org/get-intrinsic 71ms (cache miss)
264 timing idealTree:node_modules/side-channel Completed in 84ms
265 timing idealTree:node_modules/es-errors Completed in 0ms
266 timing idealTree:node_modules/object-inspect Completed in 0ms
267 timing idealTree:node_modules/side-channel-list Completed in 0ms
268 silly placeDep ROOT call-bound@1.0.3 OK for: side-channel-map@1.0.1 want: ^1.0.2
269 silly fetch manifest call-bind-apply-helpers@^1.0.1
270 silly fetch manifest get-intrinsic@^1.2.6
271 silly placeDep ROOT get-intrinsic@1.2.7 OK for: side-channel-map@1.0.1 want: ^1.2.5
272 silly fetch manifest es-define-property@^1.0.1
273 silly fetch manifest es-object-atoms@^1.0.0
274 silly fetch manifest function-bind@^1.1.2
275 silly fetch manifest get-proto@^1.0.0
276 silly fetch manifest gopd@^1.2.0
277 silly fetch manifest has-symbols@^1.1.0
278 silly fetch manifest hasown@^2.0.2
279 silly fetch manifest math-intrinsics@^1.1.0
280 http fetch GET 200 https://registry.npmjs.org/es-define-property 79ms (cache miss)
281 http fetch GET 200 https://registry.npmjs.org/get-proto 89ms (cache miss)
282 http fetch GET 200 https://registry.npmjs.org/es-object-atoms 91ms (cache miss)
283 http fetch GET 200 https://registry.npmjs.org/gopd 93ms (cache miss)
284 http fetch GET 200 https://registry.npmjs.org/hasown 95ms (cache miss)
285 http fetch GET 200 https://registry.npmjs.org/call-bind-apply-helpers 101ms (cache miss)
286 http fetch GET 200 https://registry.npmjs.org/has-symbols 97ms (cache miss)
287 http fetch GET 200 https://registry.npmjs.org/function-bind 99ms (cache miss)
288 http fetch GET 200 https://registry.npmjs.org/math-intrinsics 98ms (cache miss)
289 timing idealTree:node_modules/side-channel-map Completed in 110ms
290 silly placeDep ROOT call-bind-apply-helpers@1.0.2 OK for: call-bound@1.0.3 want: ^1.0.1
291 timing idealTree:node_modules/call-bound Completed in 5ms
292 silly placeDep ROOT function-bind@1.1.2 OK for: call-bind-apply-helpers@1.0.2 want: ^1.1.2
293 timing idealTree:node_modules/call-bind-apply-helpers Completed in 3ms
294 timing idealTree:node_modules/function-bind Completed in 0ms
295 silly placeDep ROOT es-define-property@1.0.1 OK for: get-intrinsic@1.2.7 want: ^1.0.1
296 silly placeDep ROOT es-object-atoms@1.1.1 OK for: get-intrinsic@1.2.7 want: ^1.0.0
297 silly placeDep ROOT get-proto@1.0.1 OK for: get-intrinsic@1.2.7 want: ^1.0.0
298 silly fetch manifest dunder-proto@^1.0.1
299 silly placeDep ROOT gopd@1.2.0 OK for: get-intrinsic@1.2.7 want: ^1.2.0
300 silly placeDep ROOT has-symbols@1.1.0 OK for: get-intrinsic@1.2.7 want: ^1.1.0
301 silly placeDep ROOT hasown@2.0.2 OK for: get-intrinsic@1.2.7 want: ^2.0.2
302 silly placeDep ROOT math-intrinsics@1.1.0 OK for: get-intrinsic@1.2.7 want: ^1.1.0
303 http fetch GET 200 https://registry.npmjs.org/dunder-proto 68ms (cache miss)
304 timing idealTree:node_modules/get-intrinsic Completed in 80ms
305 timing idealTree:node_modules/es-define-property Completed in 0ms
306 timing idealTree:node_modules/es-object-atoms Completed in 0ms
307 silly placeDep ROOT dunder-proto@1.0.1 OK for: get-proto@1.0.1 want: ^1.0.1
308 timing idealTree:node_modules/get-proto Completed in 3ms
309 timing idealTree:node_modules/dunder-proto Completed in 0ms
310 timing idealTree:node_modules/gopd Completed in 1ms
311 timing idealTree:node_modules/has-symbols Completed in 0ms
312 timing idealTree:node_modules/hasown Completed in 0ms
313 timing idealTree:node_modules/math-intrinsics Completed in 0ms
314 timing idealTree:node_modules/side-channel-weakmap Completed in 0ms
315 timing idealTree:node_modules/statuses Completed in 0ms
316 timing idealTree:node_modules/toidentifier Completed in 0ms
317 silly placeDep ROOT media-typer@0.3.0 OK for: type-is@1.6.18 want: 0.3.0
318 timing idealTree:node_modules/type-is Completed in 3ms
319 timing idealTree:node_modules/media-typer Completed in 0ms
320 timing idealTree:node_modules/unpipe Completed in 0ms
321 timing idealTree:node_modules/utils-merge Completed in 0ms
322 timing idealTree:node_modules/vary Completed in 0ms
323 timing idealTree:node_modules/send/node_modules/encodeurl Completed in 0ms
324 timing idealTree:node_modules/send/node_modules/ms Completed in 0ms
325 timing idealTree:buildDeps Completed in 3397ms
326 timing idealTree:fixDepFlags Completed in 3ms
327 timing idealTree Completed in 3419ms
328 timing command:install Completed in 3520ms
329 notice
329 notice New [31mmajor[39m version of npm available! [31m10.2.4[39m -> [32m11.1.0[39m
329 notice Changelog: [36mhttps://github.com/npm/cli/releases/tag/v11.1.0[39m
329 notice Run [32mnpm install -g npm@11.1.0[39m to update!
329 notice
330 verbose stack HttpErrorGeneral: 404 Not Found - GET https://registry.npmjs.org/mysql12 - Not found
330 verbose stack     at C:\Program Files\nodejs\node_modules\npm\node_modules\npm-registry-fetch\lib\check-response.js:95:15
330 verbose stack     at process.processTicksAndRejections (node:internal/process/task_queues:95:5)
330 verbose stack     at async RegistryFetcher.packument (C:\Program Files\nodejs\node_modules\npm\node_modules\pacote\lib\registry.js:87:19)
330 verbose stack     at async RegistryFetcher.manifest (C:\Program Files\nodejs\node_modules\npm\node_modules\pacote\lib\registry.js:118:23)
330 verbose stack     at async #nodeFromEdge (C:\Program Files\nodejs\node_modules\npm\node_modules\@npmcli\arborist\lib\arborist\build-ideal-tree.js:1049:19)
330 verbose stack     at async #buildDepStep (C:\Program Files\nodejs\node_modules\npm\node_modules\@npmcli\arborist\lib\arborist\build-ideal-tree.js:917:11)
330 verbose stack     at async Arborist.buildIdealTree (C:\Program Files\nodejs\node_modules\npm\node_modules\@npmcli\arborist\lib\arborist\build-ideal-tree.js:196:7)
330 verbose stack     at async Promise.all (index 1)
330 verbose stack     at async Arborist.reify (C:\Program Files\nodejs\node_modules\npm\node_modules\@npmcli\arborist\lib\arborist\reify.js:159:5)
330 verbose stack     at async Install.exec (C:\Program Files\nodejs\node_modules\npm\lib\commands\install.js:152:5)
331 verbose statusCode 404
332 verbose pkgid mysql12@*
333 verbose cwd C:\Users\daadh\calgaryhacks2025\calgaryhacks2025\backend
334 verbose Windows_NT 10.0.22631
335 verbose node v21.6.2
336 verbose npm  v10.2.4
337 error code E404
338 error 404 Not Found - GET https://registry.npmjs.org/mysql12 - Not found
339 error 404
340 error 404  'mysql12@*' is not in this registry.
341 error 404
341 error 404 Note that you can also install from a
342 error 404 tarball, folder, http url, or git url.
343 verbose exit 1
344 timing npm Completed in 3989ms
345 verbose unfinished npm timer reify 1739716055873
346 verbose unfinished npm timer reify:loadTrees 1739716055968
347 verbose code 1
348 error A complete log of this run can be found in: C:\Users\daadh\calgaryhacks2025\calgaryhacks2025\backend\Users\daadh\AppData\Roaming\npm-cache\_logs\2025-02-16T14_27_35_415Z-debug-0.log
