0 verbose cli C:\Program Files\nodejs\node.exe C:\Program Files\nodejs\node_modules\npm\bin\npm-cli.js
1 info using npm@10.2.4
2 info using node@v21.6.2
3 timing npm:load:whichnode Completed in 4ms
4 timing config:load:defaults Completed in 5ms
5 timing config:load:file:C:\Program Files\nodejs\node_modules\npm\npmrc Completed in 6ms
6 timing config:load:builtin Completed in 6ms
7 timing config:load:cli Completed in 2ms
8 timing config:load:env Completed in 1ms
9 timing config:load:file:C:\Users\daadh\calgaryhacks2025\calgaryhacks2025\backend\.npmrc Completed in 1ms
10 timing config:load:project Completed in 8ms
11 timing config:load:file:C:\Users\daadh\.npmrc Completed in 0ms
12 timing config:load:user Completed in 0ms
13 timing config:load:file:C:\Users\daadh\AppData\Roaming\npm\etc\npmrc Completed in 3ms
14 timing config:load:global Completed in 3ms
15 timing config:load:setEnvs Completed in 2ms
16 timing config:load Completed in 30ms
17 timing npm:load:configload Completed in 30ms
18 timing config:load:flatten Completed in 2ms
19 timing npm:load:mkdirpcache Completed in 0ms
20 timing npm:load:mkdirplogs Completed in 1ms
21 verbose title npm install cors
22 verbose argv "install" "cors"
23 timing npm:load:setTitle Completed in 1ms
24 timing npm:load:display Completed in 1ms
25 verbose logfile logs-max:10 dir:C:\Users\daadh\calgaryhacks2025\calgaryhacks2025\backend\Users\daadh\AppData\Roaming\npm-cache\_logs\2025-02-16T15_25_40_758Z-
26 verbose logfile C:\Users\daadh\calgaryhacks2025\calgaryhacks2025\backend\Users\daadh\AppData\Roaming\npm-cache\_logs\2025-02-16T15_25_40_758Z-debug-0.log
27 timing npm:load:logFile Completed in 18ms
28 timing npm:load:timers Completed in 0ms
29 timing npm:load:configScope Completed in 0ms
30 timing npm:load Completed in 103ms
31 timing arborist:ctor Completed in 1ms
32 silly logfile done cleaning log files
33 timing idealTree:init Completed in 112ms
34 timing idealTree:userRequests Completed in 1ms
35 silly idealTree buildDeps
36 silly fetch manifest cors@*
37 timing arborist:ctor Completed in 0ms
38 http fetch GET 200 https://registry.npmjs.org/cors 396ms (cache miss)
39 silly placeDep ROOT cors@2.8.5 OK for: backend@1.0.0 want: *
40 silly fetch manifest object-assign@^4
41 http fetch GET 200 https://registry.npmjs.org/object-assign 131ms (cache miss)
42 timing idealTree:#root Completed in 549ms
43 silly placeDep ROOT object-assign@4.1.1 OK for: cors@2.8.5 want: ^4
44 timing idealTree:node_modules/cors Completed in 6ms
45 timing idealTree:node_modules/object-assign Completed in 0ms
46 timing idealTree:buildDeps Completed in 558ms
47 timing idealTree:fixDepFlags Completed in 7ms
48 timing idealTree Completed in 688ms
49 timing reify:loadTrees Completed in 690ms
50 timing reify:diffTrees Completed in 28ms
51 silly reify moves {}
52 timing reify:retireShallow Completed in 3ms
53 timing reify:createSparse Completed in 3ms
54 timing reify:loadBundles Completed in 0ms
55 silly audit bulk request {
55 silly audit   '@cspotcode/source-map-support': [ '0.8.1' ],
55 silly audit   '@jridgewell/resolve-uri': [ '3.1.2' ],
55 silly audit   '@jridgewell/sourcemap-codec': [ '1.5.0' ],
55 silly audit   '@jridgewell/trace-mapping': [ '0.3.9' ],
55 silly audit   '@tsconfig/node10': [ '1.0.11' ],
55 silly audit   '@tsconfig/node12': [ '1.0.11' ],
55 silly audit   '@tsconfig/node14': [ '1.0.3' ],
55 silly audit   '@tsconfig/node16': [ '1.0.4' ],
55 silly audit   '@types/body-parser': [ '1.19.5' ],
55 silly audit   '@types/connect': [ '3.4.38' ],
55 silly audit   '@types/express': [ '5.0.0' ],
55 silly audit   '@types/express-serve-static-core': [ '5.0.6' ],
55 silly audit   '@types/http-errors': [ '2.0.4' ],
55 silly audit   '@types/mime': [ '1.3.5' ],
55 silly audit   '@types/node': [ '22.13.4' ],
55 silly audit   '@types/qs': [ '6.9.18' ],
55 silly audit   '@types/range-parser': [ '1.2.7' ],
55 silly audit   '@types/send': [ '0.17.4' ],
55 silly audit   '@types/serve-static': [ '1.15.7' ],
55 silly audit   accepts: [ '1.3.8' ],
55 silly audit   acorn: [ '8.14.0' ],
55 silly audit   'acorn-walk': [ '8.3.4' ],
55 silly audit   anymatch: [ '3.1.3' ],
55 silly audit   arg: [ '4.1.3' ],
55 silly audit   'array-flatten': [ '1.1.1' ],
55 silly audit   'aws-ssl-profiles': [ '1.1.2' ],
55 silly audit   'balanced-match': [ '1.0.2' ],
55 silly audit   'binary-extensions': [ '2.3.0' ],
55 silly audit   'body-parser': [ '1.20.3' ],
55 silly audit   'brace-expansion': [ '1.1.11' ],
55 silly audit   braces: [ '3.0.3' ],
55 silly audit   bytes: [ '3.1.2' ],
55 silly audit   'call-bind-apply-helpers': [ '1.0.2' ],
55 silly audit   'call-bound': [ '1.0.3' ],
55 silly audit   chokidar: [ '3.6.0' ],
55 silly audit   'concat-map': [ '0.0.1' ],
55 silly audit   'content-disposition': [ '0.5.4' ],
55 silly audit   'content-type': [ '1.0.5' ],
55 silly audit   cookie: [ '0.7.1' ],
55 silly audit   'cookie-signature': [ '1.0.6' ],
55 silly audit   'create-require': [ '1.1.1' ],
55 silly audit   debug: [ '2.6.9', '4.4.0' ],
55 silly audit   denque: [ '2.1.0' ],
55 silly audit   depd: [ '2.0.0' ],
55 silly audit   destroy: [ '1.2.0' ],
55 silly audit   diff: [ '4.0.2' ],
55 silly audit   'dunder-proto': [ '1.0.1' ],
55 silly audit   'ee-first': [ '1.1.1' ],
55 silly audit   encodeurl: [ '2.0.0', '1.0.2' ],
55 silly audit   'es-define-property': [ '1.0.1' ],
55 silly audit   'es-errors': [ '1.3.0' ],
55 silly audit   'es-object-atoms': [ '1.1.1' ],
55 silly audit   'escape-html': [ '1.0.3' ],
55 silly audit   etag: [ '1.8.1' ],
55 silly audit   express: [ '4.21.2' ],
55 silly audit   'fill-range': [ '7.1.1' ],
55 silly audit   finalhandler: [ '1.3.1' ],
55 silly audit   forwarded: [ '0.2.0' ],
55 silly audit   fresh: [ '0.5.2' ],
55 silly audit   fsevents: [ '2.3.3' ],
55 silly audit   'function-bind': [ '1.1.2' ],
55 silly audit   'generate-function': [ '2.3.1' ],
55 silly audit   'get-intrinsic': [ '1.2.7' ],
55 silly audit   'get-proto': [ '1.0.1' ],
55 silly audit   'glob-parent': [ '5.1.2' ],
55 silly audit   gopd: [ '1.2.0' ],
55 silly audit   'has-flag': [ '3.0.0' ],
55 silly audit   'has-symbols': [ '1.1.0' ],
55 silly audit   hasown: [ '2.0.2' ],
55 silly audit   'http-errors': [ '2.0.0' ],
55 silly audit   'iconv-lite': [ '0.4.24', '0.6.3' ],
55 silly audit   'ignore-by-default': [ '1.0.1' ],
55 silly audit   inherits: [ '2.0.4' ],
55 silly audit   'ipaddr.js': [ '1.9.1' ],
55 silly audit   'is-binary-path': [ '2.1.0' ],
55 silly audit   'is-extglob': [ '2.1.1' ],
55 silly audit   'is-glob': [ '4.0.3' ],
55 silly audit   'is-number': [ '7.0.0' ],
55 silly audit   'is-property': [ '1.0.2' ],
55 silly audit   long: [ '5.3.0' ],
55 silly audit   'lru-cache': [ '7.18.3' ],
55 silly audit   'lru.min': [ '1.1.1' ],
55 silly audit   'make-error': [ '1.3.6' ],
55 silly audit   'math-intrinsics': [ '1.1.0' ],
55 silly audit   'media-typer': [ '0.3.0' ],
55 silly audit   'merge-descriptors': [ '1.0.3' ],
55 silly audit   methods: [ '1.1.2' ],
55 silly audit   mime: [ '1.6.0' ],
55 silly audit   'mime-db': [ '1.52.0' ],
55 silly audit   'mime-types': [ '2.1.35' ],
55 silly audit   minimatch: [ '3.1.2' ],
55 silly audit   ms: [ '2.0.0', '2.1.3' ],
55 silly audit   mysql2: [ '3.12.0' ],
55 silly audit   'named-placeholders': [ '1.1.3' ],
55 silly audit   negotiator: [ '0.6.3' ],
55 silly audit   nodemon: [ '3.1.9' ],
55 silly audit   'normalize-path': [ '3.0.0' ],
55 silly audit   'object-inspect': [ '1.13.4' ],
55 silly audit   'on-finished': [ '2.4.1' ],
55 silly audit   parseurl: [ '1.3.3' ],
55 silly audit   'path-to-regexp': [ '0.1.12' ],
55 silly audit   picomatch: [ '2.3.1' ],
55 silly audit   'proxy-addr': [ '2.0.7' ],
55 silly audit   'pstree.remy': [ '1.1.8' ],
55 silly audit   qs: [ '6.13.0' ],
55 silly audit   'range-parser': [ '1.2.1' ],
55 silly audit   'raw-body': [ '2.5.2' ],
55 silly audit   readdirp: [ '3.6.0' ],
55 silly audit   'safe-buffer': [ '5.2.1' ],
55 silly audit   'safer-buffer': [ '2.1.2' ],
55 silly audit   semver: [ '7.7.1' ],
55 silly audit   send: [ '0.19.0' ],
55 silly audit   'seq-queue': [ '0.0.5' ],
55 silly audit   'serve-static': [ '1.16.2' ],
55 silly audit   setprototypeof: [ '1.2.0' ],
55 silly audit   'side-channel': [ '1.1.0' ],
55 silly audit   'side-channel-list': [ '1.0.0' ],
55 silly audit   'side-channel-map': [ '1.0.1' ],
55 silly audit   'side-channel-weakmap': [ '1.0.2' ],
55 silly audit   'simple-update-notifier': [ '2.0.0' ],
55 silly audit   sqlstring: [ '2.3.3' ],
55 silly audit   statuses: [ '2.0.1' ],
55 silly audit   'supports-color': [ '5.5.0' ],
55 silly audit   'to-regex-range': [ '5.0.1' ],
55 silly audit   toidentifier: [ '1.0.1' ],
55 silly audit   touch: [ '3.1.1' ],
55 silly audit   'ts-node': [ '10.9.2' ],
55 silly audit   'type-is': [ '1.6.18' ],
55 silly audit   typescript: [ '5.7.3' ],
55 silly audit   undefsafe: [ '2.0.5' ],
55 silly audit   'undici-types': [ '6.20.0' ],
55 silly audit   unpipe: [ '1.0.0' ],
55 silly audit   'utils-merge': [ '1.0.1' ],
55 silly audit   'v8-compile-cache-lib': [ '3.0.1' ],
55 silly audit   vary: [ '1.1.2' ],
55 silly audit   yn: [ '3.1.1' ],
55 silly audit   cors: [ '2.8.5' ],
55 silly audit   'object-assign': [ '4.1.1' ]
55 silly audit }
56 verbose reify failed optional dependency C:\Users\daadh\calgaryhacks2025\calgaryhacks2025\backend\node_modules\fsevents
57 silly reify mark deleted [
57 silly reify   'C:\\Users\\daadh\\calgaryhacks2025\\calgaryhacks2025\\backend\\node_modules\\fsevents'
57 silly reify ]
58 timing reifyNode:node_modules/fsevents Completed in 8ms
59 silly tarball no local data for object-assign@https://registry.npmjs.org/object-assign/-/object-assign-4.1.1.tgz. Extracting by manifest.
60 silly tarball no local data for cors@https://registry.npmjs.org/cors/-/cors-2.8.5.tgz. Extracting by manifest.
61 http fetch POST 200 https://registry.npmjs.org/-/npm/v1/security/advisories/bulk 170ms
62 timing auditReport:getReport Completed in 179ms
63 silly audit report {}
64 timing auditReport:init Completed in 0ms
65 timing reify:audit Completed in 181ms
66 http fetch GET 200 https://registry.npmjs.org/object-assign/-/object-assign-4.1.1.tgz 473ms (cache miss)
67 timing reifyNode:node_modules/object-assign Completed in 500ms
68 http fetch GET 200 https://registry.npmjs.org/cors/-/cors-2.8.5.tgz 503ms (cache miss)
69 timing reifyNode:node_modules/cors Completed in 523ms
70 timing reify:unpack Completed in 525ms
71 timing reify:unretire Completed in 0ms
72 timing build:queue Completed in 2ms
73 timing build:deps Completed in 2ms
74 timing build Completed in 3ms
75 timing reify:build Completed in 4ms
76 timing reify:trash Completed in 2ms
77 timing reify:save Completed in 64ms
78 timing reify Completed in 1378ms
79 silly ADD node_modules/object-assign
80 silly ADD node_modules/cors
81 silly ADD
82 timing command:install Completed in 1399ms
83 verbose exit 0
84 timing npm Completed in 2444ms
85 info ok
