0 verbose cli C:\Program Files\nodejs\node.exe C:\Program Files\nodejs\node_modules\npm\bin\npm-cli.js
1 info using npm@10.2.4
2 info using node@v21.6.2
3 timing npm:load:whichnode Completed in 7ms
4 timing config:load:defaults Completed in 5ms
5 timing config:load:file:C:\Program Files\nodejs\node_modules\npm\npmrc Completed in 9ms
6 timing config:load:builtin Completed in 9ms
7 timing config:load:cli Completed in 4ms
8 timing config:load:env Completed in 1ms
9 timing config:load:file:C:\Users\daadh\calgaryhacks2025\calgaryhacks2025\.npmrc Completed in 1ms
10 timing config:load:project Completed in 7ms
11 timing config:load:file:C:\Users\daadh\.npmrc Completed in 1ms
12 timing config:load:user Completed in 1ms
13 timing config:load:file:C:\Users\daadh\AppData\Roaming\npm\etc\npmrc Completed in 1ms
14 timing config:load:global Completed in 1ms
15 timing config:load:setEnvs Completed in 2ms
16 timing config:load Completed in 32ms
17 timing npm:load:configload Completed in 33ms
18 timing config:load:flatten Completed in 6ms
19 timing npm:load:mkdirpcache Completed in 1ms
20 timing npm:load:mkdirplogs Completed in 1ms
21 verbose title npm exec expo start
22 verbose argv "exec" "--" "expo" "start"
23 timing npm:load:setTitle Completed in 1ms
24 timing npm:load:display Completed in 1ms
25 verbose logfile logs-max:10 dir:C:\Users\daadh\calgaryhacks2025\calgaryhacks2025\Users\daadh\AppData\Roaming\npm-cache\_logs\2025-02-16T17_33_46_266Z-
26 verbose logfile C:\Users\daadh\calgaryhacks2025\calgaryhacks2025\Users\daadh\AppData\Roaming\npm-cache\_logs\2025-02-16T17_33_46_266Z-debug-0.log
27 timing npm:load:logFile Completed in 36ms
28 timing npm:load:timers Completed in 0ms
29 timing npm:load:configScope Completed in 0ms
30 timing npm:load Completed in 154ms
31 silly logfile done cleaning log files
32 http fetch GET 200 https://registry.npmjs.org/npm 1236ms (cache miss)
