0 verbose cli C:\Program Files\nodejs\node.exe C:\Program Files\nodejs\node_modules\npm\bin\npm-cli.js
1 info using npm@10.2.4
2 info using node@v21.6.2
3 timing npm:load:whichnode Completed in 4ms
4 timing config:load:defaults Completed in 4ms
5 timing config:load:file:C:\Program Files\nodejs\node_modules\npm\npmrc Completed in 10ms
6 timing config:load:builtin Completed in 10ms
7 timing config:load:cli Completed in 4ms
8 timing config:load:env Completed in 1ms
9 timing config:load:project Completed in 6ms
10 timing config:load:file:C:\Users\daadh\.npmrc Completed in 1ms
11 timing config:load:user Completed in 1ms
12 timing config:load:file:C:\Users\daadh\AppData\Roaming\npm\etc\npmrc Completed in 2ms
13 timing config:load:global Completed in 2ms
14 timing config:load:setEnvs Completed in 2ms
15 timing config:load Completed in 30ms
16 timing npm:load:configload Completed in 30ms
17 timing config:load:flatten Completed in 4ms
18 timing npm:load:mkdirpcache Completed in 1ms
19 timing npm:load:mkdirplogs Completed in 0ms
20 verbose title npm exec expo start
21 verbose argv "exec" "--" "expo" "start"
22 timing npm:load:setTitle Completed in 1ms
23 timing npm:load:display Completed in 2ms
24 verbose logfile logs-max:10 dir:C:\Users\daadh\calgaryhacks2025\Users\daadh\AppData\Roaming\npm-cache\_logs\2025-02-15T21_13_35_802Z-
25 verbose logfile C:\Users\daadh\calgaryhacks2025\Users\daadh\AppData\Roaming\npm-cache\_logs\2025-02-15T21_13_35_802Z-debug-0.log
26 timing npm:load:logFile Completed in 17ms
27 timing npm:load:timers Completed in 0ms
28 timing npm:load:configScope Completed in 0ms
29 timing npm:load Completed in 101ms
30 silly logfile start cleaning logs, removing 2 files
31 silly logfile done cleaning log files
32 timing command:exec Completed in 955ms
33 verbose exit 1
34 timing npm Completed in 1857ms
35 verbose code 1
