0 verbose cli C:\Program Files\nodejs\node.exe C:\Program Files\nodejs\node_modules\npm\bin\npm-cli.js
1 info using npm@10.2.4
2 info using node@v21.6.2
3 timing npm:load:whichnode Completed in 3ms
4 timing config:load:defaults Completed in 4ms
5 timing config:load:file:C:\Program Files\nodejs\node_modules\npm\npmrc Completed in 6ms
6 timing config:load:builtin Completed in 6ms
7 timing config:load:cli Completed in 3ms
8 timing config:load:env Completed in 1ms
9 timing config:load:project Completed in 3ms
10 timing config:load:file:C:\Users\daadh\.npmrc Completed in 0ms
11 timing config:load:user Completed in 0ms
12 timing config:load:file:C:\Users\daadh\AppData\Roaming\npm\etc\npmrc Completed in 1ms
13 timing config:load:global Completed in 1ms
14 timing config:load:setEnvs Completed in 2ms
15 timing config:load Completed in 20ms
16 timing npm:load:configload Completed in 20ms
17 timing config:load:flatten Completed in 3ms
18 timing npm:load:mkdirpcache Completed in 0ms
19 timing npm:load:mkdirplogs Completed in 1ms
20 verbose title npm exec create-expo-app calgaryhacks2025
21 verbose argv "exec" "--" "create-expo-app" "calgaryhacks2025"
22 timing npm:load:setTitle Completed in 1ms
23 timing npm:load:display Completed in 0ms
24 verbose logfile logs-max:10 dir:C:\Users\daadh\calgaryhacks2025\Users\daadh\AppData\Roaming\npm-cache\_logs\2025-02-15T21_09_14_241Z-
25 verbose logfile C:\Users\daadh\calgaryhacks2025\Users\daadh\AppData\Roaming\npm-cache\_logs\2025-02-15T21_09_14_241Z-debug-0.log
26 timing npm:load:logFile Completed in 12ms
27 timing npm:load:timers Completed in 0ms
28 timing npm:load:configScope Completed in 0ms
29 timing npm:load Completed in 75ms
30 silly logfile done cleaning log files
31 timing arborist:ctor Completed in 1ms
32 timing arborist:ctor Completed in 0ms
33 http fetch GET 200 https://registry.npmjs.org/create-expo-app 1677ms (cache miss)
34 timing arborist:ctor Completed in 0ms
35 timing arborist:ctor Completed in 1ms
36 timing arborist:ctor Completed in 0ms
37 timing idealTree:init Completed in 6ms
38 timing idealTree:userRequests Completed in 3ms
39 silly idealTree buildDeps
40 silly fetch manifest create-expo-app@3.2.0
41 http fetch GET 200 https://registry.npmjs.org/create-expo-app 31ms (cache hit)
42 silly placeDep ROOT create-expo-app@3.2.0 OK for:  want: 3.2.0
43 timing idealTree:#root Completed in 38ms
44 timing idealTree:node_modules/create-expo-app Completed in 0ms
45 timing idealTree:buildDeps Completed in 40ms
46 timing idealTree:fixDepFlags Completed in 0ms
47 timing idealTree Completed in 53ms
48 timing reify:loadTrees Completed in 53ms
49 timing reify:diffTrees Completed in 0ms
50 silly reify moves {}
51 timing reify:retireShallow Completed in 1ms
52 timing reify:createSparse Completed in 6ms
53 timing reify:loadBundles Completed in 0ms
54 silly audit bulk request { 'create-expo-app': [ '3.2.0' ] }
55 silly tarball no local data for create-expo-app@https://registry.npmjs.org/create-expo-app/-/create-expo-app-3.2.0.tgz. Extracting by manifest.
56 http fetch POST 200 https://registry.npmjs.org/-/npm/v1/security/advisories/bulk 383ms
57 timing auditReport:getReport Completed in 388ms
58 silly audit report {}
59 timing auditReport:init Completed in 0ms
60 timing reify:audit Completed in 389ms
61 http fetch GET 200 https://registry.npmjs.org/create-expo-app/-/create-expo-app-3.2.0.tgz 1242ms (cache miss)
62 timing reifyNode:node_modules/create-expo-app Completed in 1261ms
63 timing reify:unpack Completed in 1262ms
64 timing reify:unretire Completed in 1ms
65 timing build:queue Completed in 1ms
66 timing build:link:node_modules/create-expo-app Completed in 17ms
67 timing build:link Completed in 17ms
68 timing build:deps Completed in 19ms
69 timing build Completed in 20ms
70 timing reify:build Completed in 21ms
71 timing reify:trash Completed in 0ms
72 timing reify:save Completed in 11ms
73 timing reify Completed in 1375ms
74 timing command:exec Completed in 139200ms
75 verbose exit 0
76 timing npm Completed in 139811ms
77 info ok
