0 verbose cli C:\Program Files\nodejs\node.exe C:\Program Files\nodejs\node_modules\npm\bin\npm-cli.js
1 info using npm@10.2.4
2 info using node@v21.6.2
3 timing npm:load:whichnode Completed in 3ms
4 timing config:load:defaults Completed in 3ms
5 timing config:load:file:C:\Program Files\nodejs\node_modules\npm\npmrc Completed in 6ms
6 timing config:load:builtin Completed in 6ms
7 timing config:load:cli Completed in 2ms
8 timing config:load:env Completed in 0ms
9 timing config:load:project Completed in 2ms
10 timing config:load:file:C:\Users\daadh\.npmrc Completed in 0ms
11 timing config:load:user Completed in 0ms
12 timing config:load:file:C:\Users\daadh\AppData\Roaming\npm\etc\npmrc Completed in 1ms
13 timing config:load:global Completed in 1ms
14 timing config:load:setEnvs Completed in 1ms
15 timing config:load Completed in 16ms
16 timing npm:load:configload Completed in 16ms
17 timing config:load:flatten Completed in 2ms
18 timing npm:load:mkdirpcache Completed in 0ms
19 timing npm:load:mkdirplogs Completed in 0ms
20 verbose title npm install cors
21 verbose argv "install" "cors"
22 timing npm:load:setTitle Completed in 1ms
23 timing npm:load:display Completed in 0ms
24 verbose logfile logs-max:10 dir:C:\Users\daadh\calgaryhacks2025\Users\daadh\AppData\Roaming\npm-cache\_logs\2025-02-16T15_24_31_188Z-
25 verbose logfile C:\Users\daadh\calgaryhacks2025\Users\daadh\AppData\Roaming\npm-cache\_logs\2025-02-16T15_24_31_188Z-debug-0.log
26 timing npm:load:logFile Completed in 12ms
27 timing npm:load:timers Completed in 0ms
28 timing npm:load:configScope Completed in 0ms
29 timing npm:load Completed in 69ms
30 timing arborist:ctor Completed in 4ms
31 silly logfile start cleaning logs, removing 2 files
32 silly logfile done cleaning log files
33 timing idealTree:init Completed in 1133ms
34 timing idealTree:userRequests Completed in 3ms
35 silly idealTree buildDeps
36 silly fetch manifest cors@*
37 timing arborist:ctor Completed in 1ms
38 http fetch GET 200 https://registry.npmjs.org/cors 938ms (cache miss)
39 silly placeDep ROOT cors@2.8.5 OK for:  want: *
40 timing idealTree:#root Completed in 954ms
41 timing idealTree:node_modules/cors Completed in 0ms
42 timing idealTree:buildDeps Completed in 956ms
43 timing idealTree:fixDepFlags Completed in 16ms
44 timing idealTree Completed in 2123ms
45 timing reify:loadTrees Completed in 2126ms
46 timing reify:diffTrees Completed in 133ms
47 silly reify moves {}
48 timing reify:retireShallow Completed in 4ms
49 timing reify:createSparse Completed in 26ms
50 timing reify:loadBundles Completed in 0ms
51 silly audit bulk request {
51 silly audit   '@0no-co/graphql.web': [ '1.1.1' ],
51 silly audit   '@ampproject/remapping': [ '2.3.0' ],
51 silly audit   '@auth/core': [ '0.37.2' ],
51 silly audit   '@babel/code-frame': [ '7.26.2', '7.10.4' ],
51 silly audit   '@babel/compat-data': [ '7.26.8' ],
51 silly audit   '@babel/core': [ '7.26.9' ],
51 silly audit   semver: [ '6.3.1', '5.7.2', '7.3.2', '7.3.8', '7.6.3' ],
51 silly audit   '@babel/generator': [ '7.26.9' ],
51 silly audit   '@babel/helper-annotate-as-pure': [ '7.25.9' ],
51 silly audit   '@babel/helper-compilation-targets': [ '7.26.5' ],
51 silly audit   '@babel/helper-create-class-features-plugin': [ '7.26.9' ],
51 silly audit   '@babel/helper-create-regexp-features-plugin': [ '7.26.3' ],
51 silly audit   '@babel/helper-define-polyfill-provider': [ '0.6.3' ],
51 silly audit   '@babel/helper-member-expression-to-functions': [ '7.25.9' ],
51 silly audit   '@babel/helper-module-imports': [ '7.25.9' ],
51 silly audit   '@babel/helper-module-transforms': [ '7.26.0' ],
51 silly audit   '@babel/helper-optimise-call-expression': [ '7.25.9' ],
51 silly audit   '@babel/helper-plugin-utils': [ '7.26.5' ],
51 silly audit   '@babel/helper-remap-async-to-generator': [ '7.25.9' ],
51 silly audit   '@babel/helper-replace-supers': [ '7.26.5' ],
51 silly audit   '@babel/helper-skip-transparent-expression-wrappers': [ '7.25.9' ],
51 silly audit   '@babel/helper-string-parser': [ '7.25.9' ],
51 silly audit   '@babel/helper-validator-identifier': [ '7.25.9' ],
51 silly audit   '@babel/helper-validator-option': [ '7.25.9' ],
51 silly audit   '@babel/helper-wrap-function': [ '7.25.9' ],
51 silly audit   '@babel/helpers': [ '7.26.9' ],
51 silly audit   '@babel/highlight': [ '7.25.9' ],
51 silly audit   'ansi-styles': [ '3.2.1', '5.2.0', '6.2.1', '4.3.0' ],
51 silly audit   chalk: [ '2.4.2', '4.1.2' ],
51 silly audit   'color-convert': [ '1.9.3', '2.0.1' ],
51 silly audit   'color-name': [ '1.1.3', '1.1.4' ],
51 silly audit   'escape-string-regexp': [ '1.0.5', '4.0.0', '2.0.0' ],
51 silly audit   'has-flag': [ '3.0.0', '4.0.0' ],
51 silly audit   'supports-color': [ '5.5.0', '8.1.1', '7.2.0' ],
51 silly audit   '@babel/parser': [ '7.26.9' ],
51 silly audit   '@babel/plugin-bugfix-firefox-class-in-computed-class-key': [ '7.25.9' ],
51 silly audit   '@babel/plugin-bugfix-safari-class-field-initializer-scope': [ '7.25.9' ],
51 silly audit   '@babel/plugin-bugfix-safari-id-destructuring-collision-in-function-expression': [ '7.25.9' ],
51 silly audit   '@babel/plugin-bugfix-v8-spread-parameters-in-optional-chaining': [ '7.25.9' ],
51 silly audit   '@babel/plugin-bugfix-v8-static-class-fields-redefine-readonly': [ '7.25.9' ],
51 silly audit   '@babel/plugin-proposal-class-properties': [ '7.18.6' ],
51 silly audit   '@babel/plugin-proposal-decorators': [ '7.25.9' ],
51 silly audit   '@babel/plugin-proposal-export-default-from': [ '7.25.9' ],
51 silly audit   '@babel/plugin-proposal-nullish-coalescing-operator': [ '7.18.6' ],
51 silly audit   '@babel/plugin-proposal-optional-chaining': [ '7.21.0' ],
51 silly audit   '@babel/plugin-proposal-private-property-in-object': [ '7.21.0-placeholder-for-preset-env.2' ],
51 silly audit   '@babel/plugin-syntax-async-generators': [ '7.8.4' ],
51 silly audit   '@babel/plugin-syntax-bigint': [ '7.8.3' ],
51 silly audit   '@babel/plugin-syntax-class-properties': [ '7.12.13' ],
51 silly audit   '@babel/plugin-syntax-class-static-block': [ '7.14.5' ],
51 silly audit   '@babel/plugin-syntax-decorators': [ '7.25.9' ],
51 silly audit   '@babel/plugin-syntax-dynamic-import': [ '7.8.3' ],
51 silly audit   '@babel/plugin-syntax-export-default-from': [ '7.25.9' ],
51 silly audit   '@babel/plugin-syntax-flow': [ '7.26.0' ],
51 silly audit   '@babel/plugin-syntax-import-assertions': [ '7.26.0' ],
51 silly audit   '@babel/plugin-syntax-import-attributes': [ '7.26.0' ],
51 silly audit   '@babel/plugin-syntax-import-meta': [ '7.10.4' ],
51 silly audit   '@babel/plugin-syntax-json-strings': [ '7.8.3' ],
51 silly audit   '@babel/plugin-syntax-jsx': [ '7.25.9' ],
51 silly audit   '@babel/plugin-syntax-logical-assignment-operators': [ '7.10.4' ],
51 silly audit   '@babel/plugin-syntax-nullish-coalescing-operator': [ '7.8.3' ],
51 silly audit   '@babel/plugin-syntax-numeric-separator': [ '7.10.4' ],
51 silly audit   '@babel/plugin-syntax-object-rest-spread': [ '7.8.3' ],
51 silly audit   '@babel/plugin-syntax-optional-catch-binding': [ '7.8.3' ],
51 silly audit   '@babel/plugin-syntax-optional-chaining': [ '7.8.3' ],
51 silly audit   '@babel/plugin-syntax-private-property-in-object': [ '7.14.5' ],
51 silly audit   '@babel/plugin-syntax-top-level-await': [ '7.14.5' ],
51 silly audit   '@babel/plugin-syntax-typescript': [ '7.25.9' ],
51 silly audit   '@babel/plugin-syntax-unicode-sets-regex': [ '7.18.6' ],
51 silly audit   '@babel/plugin-transform-arrow-functions': [ '7.25.9' ],
51 silly audit   '@babel/plugin-transform-async-generator-functions': [ '7.26.8' ],
51 silly audit   '@babel/plugin-transform-async-to-generator': [ '7.25.9' ],
51 silly audit   '@babel/plugin-transform-block-scoped-functions': [ '7.26.5' ],
51 silly audit   '@babel/plugin-transform-block-scoping': [ '7.25.9' ],
51 silly audit   '@babel/plugin-transform-class-properties': [ '7.25.9' ],
51 silly audit   '@babel/plugin-transform-class-static-block': [ '7.26.0' ],
51 silly audit   '@babel/plugin-transform-classes': [ '7.25.9' ],
51 silly audit   '@babel/plugin-transform-computed-properties': [ '7.25.9' ],
51 silly audit   '@babel/plugin-transform-destructuring': [ '7.25.9' ],
51 silly audit   '@babel/plugin-transform-dotall-regex': [ '7.25.9' ],
51 silly audit   '@babel/plugin-transform-duplicate-keys': [ '7.25.9' ],
51 silly audit   '@babel/plugin-transform-duplicate-named-capturing-groups-regex': [ '7.25.9' ],
51 silly audit   '@babel/plugin-transform-dynamic-import': [ '7.25.9' ],
51 silly audit   '@babel/plugin-transform-exponentiation-operator': [ '7.26.3' ],
51 silly audit   '@babel/plugin-transform-export-namespace-from': [ '7.25.9' ],
51 silly audit   '@babel/plugin-transform-flow-strip-types': [ '7.26.5' ],
51 silly audit   '@babel/plugin-transform-for-of': [ '7.26.9' ],
51 silly audit   '@babel/plugin-transform-function-name': [ '7.25.9' ],
51 silly audit   '@babel/plugin-transform-json-strings': [ '7.25.9' ],
51 silly audit   '@babel/plugin-transform-literals': [ '7.25.9' ],
51 silly audit   '@babel/plugin-transform-logical-assignment-operators': [ '7.25.9' ],
51 silly audit   '@babel/plugin-transform-member-expression-literals': [ '7.25.9' ],
51 silly audit   '@babel/plugin-transform-modules-amd': [ '7.25.9' ],
51 silly audit   '@babel/plugin-transform-modules-commonjs': [ '7.26.3' ],
51 silly audit   '@babel/plugin-transform-modules-systemjs': [ '7.25.9' ],
51 silly audit   '@babel/plugin-transform-modules-umd': [ '7.25.9' ],
51 silly audit   '@babel/plugin-transform-named-capturing-groups-regex': [ '7.25.9' ],
51 silly audit   '@babel/plugin-transform-new-target': [ '7.25.9' ],
51 silly audit   '@babel/plugin-transform-nullish-coalescing-operator': [ '7.26.6' ],
51 silly audit   '@babel/plugin-transform-numeric-separator': [ '7.25.9' ],
51 silly audit   '@babel/plugin-transform-object-rest-spread': [ '7.25.9' ],
51 silly audit   '@babel/plugin-transform-object-super': [ '7.25.9' ],
51 silly audit   '@babel/plugin-transform-optional-catch-binding': [ '7.25.9' ],
51 silly audit   '@babel/plugin-transform-optional-chaining': [ '7.25.9' ],
51 silly audit   '@babel/plugin-transform-parameters': [ '7.25.9' ],
51 silly audit   '@babel/plugin-transform-private-methods': [ '7.25.9' ],
51 silly audit   '@babel/plugin-transform-private-property-in-object': [ '7.25.9' ],
51 silly audit   '@babel/plugin-transform-property-literals': [ '7.25.9' ],
51 silly audit   '@babel/plugin-transform-react-display-name': [ '7.25.9' ],
51 silly audit   '@babel/plugin-transform-react-jsx': [ '7.25.9' ],
51 silly audit   '@babel/plugin-transform-react-jsx-development': [ '7.25.9' ],
51 silly audit   '@babel/plugin-transform-react-jsx-self': [ '7.25.9' ],
51 silly audit   '@babel/plugin-transform-react-jsx-source': [ '7.25.9' ],
51 silly audit   '@babel/plugin-transform-react-pure-annotations': [ '7.25.9' ],
51 silly audit   '@babel/plugin-transform-regenerator': [ '7.25.9' ],
51 silly audit   '@babel/plugin-transform-regexp-modifiers': [ '7.26.0' ],
51 silly audit   '@babel/plugin-transform-reserved-words': [ '7.25.9' ],
51 silly audit   '@babel/plugin-transform-runtime': [ '7.26.9' ],
51 silly audit   '@babel/plugin-transform-shorthand-properties': [ '7.25.9' ],
51 silly audit   '@babel/plugin-transform-spread': [ '7.25.9' ],
51 silly audit   '@babel/plugin-transform-sticky-regex': [ '7.25.9' ],
51 silly audit   '@babel/plugin-transform-template-literals': [ '7.26.8' ],
51 silly audit   '@babel/plugin-transform-typeof-symbol': [ '7.26.7' ],
51 silly audit   '@babel/plugin-transform-typescript': [ '7.26.8' ],
51 silly audit   '@babel/plugin-transform-unicode-escapes': [ '7.25.9' ],
51 silly audit   '@babel/plugin-transform-unicode-property-regex': [ '7.25.9' ],
51 silly audit   '@babel/plugin-transform-unicode-regex': [ '7.25.9' ],
51 silly audit   '@babel/plugin-transform-unicode-sets-regex': [ '7.25.9' ],
51 silly audit   '@babel/preset-env': [ '7.26.9' ],
51 silly audit   'babel-plugin-polyfill-corejs3': [ '0.11.1', '0.10.6' ],
51 silly audit   '@babel/preset-flow': [ '7.25.9' ],
51 silly audit   '@babel/preset-modules': [ '0.1.6-no-external-plugins' ],
51 silly audit   '@babel/preset-react': [ '7.26.3' ],
51 silly audit   '@babel/preset-typescript': [ '7.26.0' ],
51 silly audit   '@babel/register': [ '7.25.9' ],
51 silly audit   'find-cache-dir': [ '2.1.0', '3.3.2' ],
51 silly audit   'find-up': [ '3.0.0', '4.1.0', '5.0.0' ],
51 silly audit   'locate-path': [ '3.0.0', '5.0.0', '6.0.0' ],
51 silly audit   'make-dir': [ '2.1.0', '3.1.0' ],
51 silly audit   'p-limit': [ '2.3.0', '3.1.0' ],
51 silly audit   'p-locate': [ '3.0.0', '4.1.0', '5.0.0' ],
51 silly audit   'path-exists': [ '3.0.0', '4.0.0' ],
51 silly audit   'pkg-dir': [ '3.0.0', '4.2.0' ],
51 silly audit   '@babel/runtime': [ '7.26.9' ],
51 silly audit   '@babel/template': [ '7.26.9' ],
51 silly audit   '@babel/traverse': [ '7.26.9' ],
51 silly audit   '@babel/types': [ '7.26.9' ],
51 silly audit   '@emnapi/runtime': [ '1.3.1' ],
51 silly audit   '@expo/bunyan': [ '4.0.1' ],
51 silly audit   '@expo/cli': [ '0.22.16' ],
51 silly audit   '@expo/config': [ '10.0.10', '6.0.20' ],
51 silly audit   '@expo/config-plugins': [ '9.0.15', '4.1.1' ],
51 silly audit   '@expo/config-types': [ '52.0.4', '44.0.0' ],
51 silly audit   '@expo/json-file': [ '9.0.2', '8.2.35' ],
51 silly audit   '@expo/plist': [ '0.2.2', '0.0.18' ],
51 silly audit   'brace-expansion': [ '2.0.1', '1.1.11' ],
51 silly audit   glob: [ '10.4.5', '7.1.6' ],
51 silly audit   minimatch: [ '9.0.5', '3.1.2' ],
51 silly audit   'pretty-format': [ '29.7.0', '3.8.0' ],
51 silly audit   'react-is': [ '18.3.1', '16.13.1' ],
51 silly audit   xml2js: [ '0.6.0', '0.4.23' ],
51 silly audit   xmlbuilder: [ '11.0.1', '15.1.1', '14.0.0' ],
51 silly audit   '@expo/code-signing-certificates': [ '0.0.5' ],
51 silly audit   '@expo/devcert': [ '1.1.4' ],
51 silly audit   debug: [ '3.2.7', '2.6.9', '4.4.0' ],
51 silly audit   '@expo/env': [ '0.4.2' ],
51 silly audit   '@expo/fingerprint': [ '0.11.10' ],
51 silly audit   '@expo/image-utils': [ '0.6.5', '0.3.23' ],
51 silly audit   'fs-extra': [ '9.0.0', '9.1.0', '8.1.0' ],
51 silly audit   jsonfile: [ '6.1.0', '4.0.0' ],
51 silly audit   universalify: [ '2.0.1', '1.0.0', '0.1.2' ],
51 silly audit   json5: [ '1.0.2', '2.2.3' ],
51 silly audit   '@expo/metro-config': [ '0.19.10' ],
51 silly audit   postcss: [ '8.4.49', '8.5.2', '8.4.31' ],
51 silly audit   '@expo/osascript': [ '2.1.6' ],
51 silly audit   '@expo/package-manager': [ '1.7.2' ],
51 silly audit   'sudo-prompt': [ '9.1.1', '8.2.5' ],
51 silly audit   '@expo/prebuild-config': [ '8.0.27' ],
51 silly audit   '@expo/rudder-sdk-node': [ '1.1.1' ],
51 silly audit   '@expo/sdk-runtime-versions': [ '1.0.0' ],
51 silly audit   '@expo/spawn-async': [ '1.7.2', '1.5.0' ],
51 silly audit   '@expo/vector-icons': [ '14.0.4' ],
51 silly audit   '@expo/webpack-config': [ '18.0.1' ],
51 silly audit   'lru-cache': [ '6.0.0', '10.4.3', '5.1.1', '7.18.3' ],
51 silly audit   yallist: [ '4.0.0', '3.1.1' ],
51 silly audit   '@expo/ws-tunnel': [ '1.0.4' ],
51 silly audit   '@expo/xcpretty': [ '4.3.2' ],
51 silly audit   argparse: [ '2.0.1', '1.0.10' ],
51 silly audit   'js-yaml': [ '4.1.0', '3.14.1' ],
51 silly audit   '@img/sharp-darwin-arm64': [ '0.33.5' ],
51 silly audit   '@img/sharp-darwin-x64': [ '0.33.5' ],
51 silly audit   '@img/sharp-libvips-darwin-arm64': [ '1.0.4' ],
51 silly audit   '@img/sharp-libvips-darwin-x64': [ '1.0.4' ],
51 silly audit   '@img/sharp-libvips-linux-arm': [ '1.0.5' ],
51 silly audit   '@img/sharp-libvips-linux-arm64': [ '1.0.4' ],
51 silly audit   '@img/sharp-libvips-linux-s390x': [ '1.0.4' ],
51 silly audit   '@img/sharp-libvips-linux-x64': [ '1.0.4' ],
51 silly audit   '@img/sharp-libvips-linuxmusl-arm64': [ '1.0.4' ],
51 silly audit   '@img/sharp-libvips-linuxmusl-x64': [ '1.0.4' ],
51 silly audit   '@img/sharp-linux-arm': [ '0.33.5' ],
51 silly audit   '@img/sharp-linux-arm64': [ '0.33.5' ],
51 silly audit   '@img/sharp-linux-s390x': [ '0.33.5' ],
51 silly audit   '@img/sharp-linux-x64': [ '0.33.5' ],
51 silly audit   '@img/sharp-linuxmusl-arm64': [ '0.33.5' ],
51 silly audit   '@img/sharp-linuxmusl-x64': [ '0.33.5' ],
51 silly audit   '@img/sharp-wasm32': [ '0.33.5' ],
51 silly audit   '@img/sharp-win32-ia32': [ '0.33.5' ],
51 silly audit   '@img/sharp-win32-x64': [ '0.33.5' ],
51 silly audit   '@isaacs/cliui': [ '8.0.2' ],
51 silly audit   'ansi-regex': [ '6.1.0', '5.0.1', '4.1.1' ],
51 silly audit   'emoji-regex': [ '9.2.2', '8.0.0' ],
51 silly audit   'string-width': [ '5.1.2', '4.2.3' ],
51 silly audit   'strip-ansi': [ '7.1.0', '6.0.1', '5.2.0' ],
51 silly audit   'wrap-ansi': [ '8.1.0', '7.0.0' ],
51 silly audit   '@isaacs/ttlcache': [ '1.4.1' ],
51 silly audit   '@istanbuljs/load-nyc-config': [ '1.1.0' ],
51 silly audit   '@istanbuljs/schema': [ '0.1.3' ],
51 silly audit   '@jest/create-cache-key-function': [ '29.7.0' ],
51 silly audit   '@jest/environment': [ '29.7.0' ],
51 silly audit   '@jest/fake-timers': [ '29.7.0' ],
51 silly audit   '@jest/schemas': [ '29.6.3' ],
51 silly audit   '@jest/transform': [ '29.7.0' ],
51 silly audit   'write-file-atomic': [ '4.0.2', '5.0.1', '2.4.3' ],
51 silly audit   '@jest/types': [ '29.6.3' ],
51 silly audit   '@jridgewell/gen-mapping': [ '0.3.8' ],
51 silly audit   '@jridgewell/resolve-uri': [ '3.1.2' ],
51 silly audit   '@jridgewell/set-array': [ '1.2.1' ],
51 silly audit   '@jridgewell/source-map': [ '0.3.6' ],
51 silly audit   '@jridgewell/sourcemap-codec': [ '1.5.0' ],
51 silly audit   '@jridgewell/trace-mapping': [ '0.3.25' ],
51 silly audit   '@leichtgewicht/ip-codec': [ '2.0.5' ],
51 silly audit   '@next/env': [ '15.0.3' ],
51 silly audit   '@next/swc-darwin-arm64': [ '15.0.3' ],
51 silly audit   '@next/swc-darwin-x64': [ '15.0.3' ],
51 silly audit   '@next/swc-linux-arm64-gnu': [ '15.0.3' ],
51 silly audit   '@next/swc-linux-arm64-musl': [ '15.0.3' ],
51 silly audit   '@next/swc-linux-x64-gnu': [ '15.0.3' ],
51 silly audit   '@next/swc-linux-x64-musl': [ '15.0.3' ],
51 silly audit   '@next/swc-win32-arm64-msvc': [ '15.0.3' ],
51 silly audit   '@next/swc-win32-x64-msvc': [ '15.0.3' ],
51 silly audit   '@nodelib/fs.scandir': [ '2.1.5' ],
51 silly audit   '@nodelib/fs.stat': [ '2.0.5' ],
51 silly audit   '@nodelib/fs.walk': [ '1.2.8' ],
51 silly audit   '@npmcli/fs': [ '3.1.1' ],
51 silly audit   '@panva/hkdf': [ '1.2.1' ],
51 silly audit   '@pkgjs/parseargs': [ '0.11.0' ],
51 silly audit   '@react-native/assets-registry': [ '0.77.1' ],
51 silly audit   '@react-native/babel-plugin-codegen': [ '0.76.7', '0.77.1' ],
51 silly audit   '@react-native/babel-preset': [ '0.76.7', '0.77.1' ],
51 silly audit   '@react-native/codegen': [ '0.76.7', '0.77.1' ],
51 silly audit   '@react-native/community-cli-plugin': [ '0.77.1' ],
51 silly audit   '@react-native/debugger-frontend': [ '0.77.1', '0.76.7' ],
51 silly audit   '@react-native/dev-middleware': [ '0.77.1', '0.76.7' ],
51 silly audit   ms: [ '2.0.0', '2.1.3' ],
51 silly audit   ws: [ '6.2.3', '7.5.10', '8.18.0' ],
51 silly audit   '@react-native/gradle-plugin': [ '0.77.1' ],
51 silly audit   '@react-native/js-polyfills': [ '0.77.1' ],
51 silly audit   '@react-native/metro-babel-transformer': [ '0.77.1' ],
51 silly audit   'ast-types': [ '0.16.1', '0.15.2' ],
51 silly audit   'hermes-estree': [ '0.25.1', '0.23.1' ],
51 silly audit   'hermes-parser': [ '0.25.1', '0.23.1' ],
51 silly audit   jscodeshift: [ '17.1.2', '0.14.0' ],
51 silly audit   recast: [ '0.23.9', '0.21.5' ],
51 silly audit   'signal-exit': [ '4.1.0', '3.0.7' ],
51 silly audit   tmp: [ '0.2.3', '0.0.33' ],
51 silly audit   '@react-native/normalize-color': [ '2.1.0' ],
51 silly audit   '@react-native/normalize-colors': [ '0.76.7', '0.77.1' ],
51 silly audit   '@react-native/virtualized-lists': [ '0.77.1' ],
51 silly audit   '@segment/loosely-validate-event': [ '2.0.0' ],
51 silly audit   '@sinclair/typebox': [ '0.27.8' ],
51 silly audit   '@sinonjs/commons': [ '3.0.1' ],
51 silly audit   '@sinonjs/fake-timers': [ '10.3.0' ],
51 silly audit   '@swc/counter': [ '0.1.3' ],
51 silly audit   '@swc/helpers': [ '0.5.13' ],
51 silly audit   '@trysound/sax': [ '0.2.0' ],
51 silly audit   '@types/babel__core': [ '7.20.5' ],
51 silly audit   '@types/babel__generator': [ '7.6.8' ],
51 silly audit   '@types/babel__template': [ '7.4.4' ],
51 silly audit   '@types/babel__traverse': [ '7.20.6' ],
51 silly audit   '@types/body-parser': [ '1.19.5' ],
51 silly audit   '@types/bonjour': [ '3.5.13' ],
51 silly audit   '@types/connect': [ '3.4.38' ],
51 silly audit   '@types/connect-history-api-fallback': [ '1.5.4' ],
51 silly audit   '@types/cookie': [ '0.6.0' ],
51 silly audit   '@types/eslint': [ '9.6.1' ],
51 silly audit   '@types/eslint-scope': [ '3.7.7' ],
51 silly audit   '@types/estree': [ '1.0.6' ],
51 silly audit   '@types/express': [ '4.17.21' ],
51 silly audit   '@types/express-serve-static-core': [ '5.0.6', '4.19.6' ],
51 silly audit   '@types/glob': [ '7.2.0' ],
51 silly audit   '@types/graceful-fs': [ '4.1.9' ],
51 silly audit   '@types/html-minifier-terser': [ '6.1.0' ],
51 silly audit   '@types/http-errors': [ '2.0.4' ],
51 silly audit   '@types/http-proxy': [ '1.17.16' ],
51 silly audit   '@types/istanbul-lib-coverage': [ '2.0.6' ],
51 silly audit   '@types/istanbul-lib-report': [ '3.0.3' ],
51 silly audit   '@types/istanbul-reports': [ '3.0.4' ],
51 silly audit   '@types/json-schema': [ '7.0.15' ],
51 silly audit   '@types/mime': [ '1.3.5' ],
51 silly audit   '@types/minimatch': [ '5.1.2' ],
51 silly audit   '@types/node': [ '22.13.4' ],
51 silly audit   '@types/node-forge': [ '1.3.11' ],
51 silly audit   '@types/qs': [ '6.9.18' ],
51 silly audit   '@types/range-parser': [ '1.2.7' ],
51 silly audit   '@types/retry': [ '0.12.0' ],
51 silly audit   '@types/send': [ '0.17.4' ],
51 silly audit   '@types/serve-index': [ '1.9.4' ],
51 silly audit   '@types/serve-static': [ '1.15.7' ],
51 silly audit   '@types/sockjs': [ '0.3.36' ],
51 silly audit   '@types/stack-utils': [ '2.0.3' ],
51 silly audit   '@types/ws': [ '8.5.14' ],
51 silly audit   '@types/yargs': [ '17.0.33' ],
51 silly audit   '@types/yargs-parser': [ '21.0.3' ],
51 silly audit   '@urql/core': [ '5.1.0' ],
51 silly audit   '@urql/exchange-retry': [ '1.3.0' ],
51 silly audit   '@webassemblyjs/ast': [ '1.14.1' ],
51 silly audit   '@webassemblyjs/floating-point-hex-parser': [ '1.13.2' ],
51 silly audit   '@webassemblyjs/helper-api-error': [ '1.13.2' ],
51 silly audit   '@webassemblyjs/helper-buffer': [ '1.14.1' ],
51 silly audit   '@webassemblyjs/helper-numbers': [ '1.13.2' ],
51 silly audit   '@webassemblyjs/helper-wasm-bytecode': [ '1.13.2' ],
51 silly audit   '@webassemblyjs/helper-wasm-section': [ '1.14.1' ],
51 silly audit   '@webassemblyjs/ieee754': [ '1.13.2' ],
51 silly audit   '@webassemblyjs/leb128': [ '1.13.2' ],
51 silly audit   '@webassemblyjs/utf8': [ '1.13.2' ],
51 silly audit   '@webassemblyjs/wasm-edit': [ '1.14.1' ],
51 silly audit   '@webassemblyjs/wasm-gen': [ '1.14.1' ],
51 silly audit   '@webassemblyjs/wasm-opt': [ '1.14.1' ],
51 silly audit   '@webassemblyjs/wasm-parser': [ '1.14.1' ],
51 silly audit   '@webassemblyjs/wast-printer': [ '1.14.1' ],
51 silly audit   '@xmldom/xmldom': [ '0.7.13', '0.8.10' ],
51 silly audit   '@xtuc/ieee754': [ '1.2.0' ],
51 silly audit   '@xtuc/long': [ '4.2.2' ],
51 silly audit   abab: [ '2.0.6' ],
51 silly audit   'abort-controller': [ '3.0.0' ],
51 silly audit   accepts: [ '1.3.8' ],
51 silly audit   acorn: [ '8.14.0' ],
51 silly audit   'aggregate-error': [ '3.1.0' ],
51 silly audit   ajv: [ '6.12.6', '8.17.1' ],
51 silly audit   'ajv-formats': [ '2.1.1' ],
51 silly audit   'json-schema-traverse': [ '1.0.0', '0.4.1' ],
51 silly audit   'ajv-keywords': [ '3.5.2', '5.1.0' ],
51 silly audit   anser: [ '1.4.10' ],
51 silly audit   'ansi-escapes': [ '4.3.2' ],
51 silly audit   'ansi-html-community': [ '0.0.8' ],
51 silly audit   'any-promise': [ '1.3.0' ],
51 silly audit   anymatch: [ '3.1.3' ],
51 silly audit   picomatch: [ '2.3.1', '3.0.1' ],
51 silly audit   'application-config-path': [ '0.1.1' ],
51 silly audit   arg: [ '5.0.2' ],
51 silly audit   'array-flatten': [ '1.1.1' ],
51 silly audit   'array-union': [ '3.0.1', '1.0.2', '2.1.0' ],
51 silly audit   'array-uniq': [ '1.0.3' ],
51 silly audit   asap: [ '2.0.6' ],
51 silly audit   'async-limiter': [ '1.0.1' ],
51 silly audit   asynckit: [ '0.4.0' ],
51 silly audit   'at-least-node': [ '1.0.0' ],
51 silly audit   'aws-ssl-profiles': [ '1.1.2' ],
51 silly audit   'babel-core': [ '7.0.0-bridge.0' ],
51 silly audit   'babel-jest': [ '29.7.0' ],
51 silly audit   'babel-loader': [ '8.4.1' ],
51 silly audit   'babel-plugin-istanbul': [ '6.1.1' ],
51 silly audit   'babel-plugin-jest-hoist': [ '29.6.3' ],
51 silly audit   'babel-plugin-polyfill-corejs2': [ '0.4.12' ],
51 silly audit   'babel-plugin-polyfill-regenerator': [ '0.6.3' ],
51 silly audit   'babel-plugin-react-native-web': [ '0.19.13' ],
51 silly audit   'babel-plugin-syntax-hermes-parser': [ '0.25.1' ],
51 silly audit   'babel-plugin-transform-flow-enums': [ '0.0.2' ],
51 silly audit   'babel-preset-current-node-syntax': [ '1.1.0' ],
51 silly audit   'babel-preset-expo': [ '12.0.8' ],
51 silly audit   'babel-preset-jest': [ '29.6.3' ],
51 silly audit   'balanced-match': [ '1.0.2' ],
51 silly audit   'base64-js': [ '1.5.1' ],
51 silly audit   batch: [ '0.6.1' ],
51 silly audit   'better-opn': [ '3.0.2' ],
51 silly audit   open: [ '8.4.2', '7.4.2' ],
51 silly audit   'big-integer': [ '1.6.52' ],
51 silly audit   'big.js': [ '5.2.2' ],
51 silly audit   'binary-extensions': [ '2.3.0' ],
51 silly audit   'body-parser': [ '1.20.3' ],
51 silly audit   'iconv-lite': [ '0.4.24', '0.6.3' ],
51 silly audit   'on-finished': [ '2.4.1', '2.3.0' ],
51 silly audit   'bonjour-service': [ '1.3.0' ],
51 silly audit   boolbase: [ '1.0.0' ],
51 silly audit   'bplist-creator': [ '0.0.7', '0.1.0' ],
51 silly audit   'bplist-parser': [ '0.3.2', '0.3.1' ],
51 silly audit   braces: [ '3.0.3' ],
51 silly audit   browserslist: [ '4.24.4' ],
51 silly audit   bser: [ '2.1.1' ],
51 silly audit   buffer: [ '5.7.1' ],
51 silly audit   'buffer-alloc': [ '1.2.0' ],
51 silly audit   'buffer-alloc-unsafe': [ '1.1.0' ],
51 silly audit   'buffer-fill': [ '1.0.0' ],
51 silly audit   'buffer-from': [ '1.1.2' ],
51 silly audit   busboy: [ '1.6.0' ],
51 silly audit   bytes: [ '3.1.2' ],
51 silly audit   cacache: [ '18.0.4' ],
51 silly audit   'p-map': [ '4.0.0', '2.1.0' ],
51 silly audit   'call-bind-apply-helpers': [ '1.0.2' ],
51 silly audit   'call-bound': [ '1.0.3' ],
51 silly audit   'caller-callsite': [ '2.0.0' ],
51 silly audit   'caller-path': [ '2.0.0' ],
51 silly audit   callsites: [ '2.0.0' ],
51 silly audit   'camel-case': [ '4.1.2' ],
51 silly audit   camelcase: [ '5.3.1', '6.3.0' ],
51 silly audit   'caniuse-api': [ '3.0.0' ],
51 silly audit   'caniuse-lite': [ '1.0.30001699' ],
51 silly audit   charenc: [ '0.0.2' ],
51 silly audit   chokidar: [ '3.6.0' ],
51 silly audit   'glob-parent': [ '5.1.2', '6.0.2' ],
51 silly audit   chownr: [ '2.0.0' ],
51 silly audit   'chrome-launcher': [ '0.15.2' ],
51 silly audit   'chrome-trace-event': [ '1.0.4' ],
51 silly audit   'chromium-edge-launcher': [ '0.2.0' ],
51 silly audit   mkdirp: [ '1.0.4', '0.5.6' ],
51 silly audit   rimraf: [ '3.0.2', '2.7.1', '2.6.3' ],
51 silly audit   'ci-info': [ '3.9.0', '2.0.0' ],
51 silly audit   'clean-css': [ '5.3.3' ],
51 silly audit   'clean-stack': [ '2.2.0' ],
51 silly audit   'clean-webpack-plugin': [ '4.0.0' ],
51 silly audit   'cli-cursor': [ '2.1.0' ],
51 silly audit   'cli-spinners': [ '2.9.2' ],
51 silly audit   'client-only': [ '0.0.1' ],
51 silly audit   cliui: [ '8.0.1' ],
51 silly audit   clone: [ '1.0.4' ],
51 silly audit   'clone-deep': [ '4.0.1' ],
51 silly audit   color: [ '4.2.3' ],
51 silly audit   'color-string': [ '1.9.1' ],
51 silly audit   colord: [ '2.9.3' ],
51 silly audit   colorette: [ '2.0.20' ],
51 silly audit   'combined-stream': [ '1.0.8' ],
51 silly audit   'command-exists': [ '1.2.9' ],
51 silly audit   commander: [ '7.2.0', '2.20.0', '8.3.0', '12.1.0', '4.1.1', '2.20.3' ],
51 silly audit   commondir: [ '1.0.1' ],
51 silly audit   'component-type': [ '1.2.2' ],
51 silly audit   compressible: [ '2.0.18' ],
51 silly audit   compression: [ '1.8.0' ],
51 silly audit   negotiator: [ '0.6.4', '0.6.3' ],
51 silly audit   'concat-map': [ '0.0.1' ],
51 silly audit   connect: [ '3.7.0' ],
51 silly audit   'connect-history-api-fallback': [ '2.0.0' ],
51 silly audit   'content-disposition': [ '0.5.4' ],
51 silly audit   'content-type': [ '1.0.5' ],
51 silly audit   'convert-source-map': [ '2.0.0' ],
51 silly audit   cookie: [ '0.7.1' ],
51 silly audit   'cookie-signature': [ '1.0.6' ],
51 silly audit   'copy-webpack-plugin': [ '10.2.4' ],
51 silly audit   'schema-utils': [ '4.3.0', '2.7.1' ],
51 silly audit   'core-js-compat': [ '3.40.0' ],
51 silly audit   'core-util-is': [ '1.0.3' ],
51 silly audit   cosmiconfig: [ '5.2.1' ],
51 silly audit   'create-react-class': [ '15.7.0' ],
51 silly audit   'cross-fetch': [ '3.2.0' ],
51 silly audit   'cross-spawn': [ '7.0.6', '6.0.6' ],
51 silly audit   crypt: [ '0.0.2' ],
51 silly audit   'crypto-random-string': [ '2.0.0', '1.0.0' ],
51 silly audit   'css-declaration-sorter': [ '6.4.1' ],
51 silly audit   'css-in-js-utils': [ '3.1.0' ],
51 silly audit   'css-loader': [ '6.11.0' ],
51 silly audit   'css-minimizer-webpack-plugin': [ '3.4.1' ],
51 silly audit   'css-select': [ '4.3.0' ],
51 silly audit   'css-tree': [ '1.1.3' ],
51 silly audit   'css-what': [ '6.1.0' ],
51 silly audit   cssesc: [ '3.0.0' ],
51 silly audit   cssnano: [ '5.1.15' ],
51 silly audit   'cssnano-preset-default': [ '5.2.14' ],
51 silly audit   'cssnano-utils': [ '3.1.0' ],
51 silly audit   csso: [ '4.2.0' ],
51 silly audit   'deep-extend': [ '0.6.0' ],
51 silly audit   deepmerge: [ '4.3.1' ],
51 silly audit   'default-gateway': [ '4.2.0', '6.0.3' ],
51 silly audit   defaults: [ '1.0.4' ],
51 silly audit   'define-lazy-prop': [ '2.0.0' ],
51 silly audit   del: [ '4.1.1', '6.1.1' ],
51 silly audit   globby: [ '6.1.0', '12.2.0', '11.1.0' ],
51 silly audit   pify: [ '2.3.0', '4.0.1' ],
51 silly audit   'delayed-stream': [ '1.0.0' ],
51 silly audit   denque: [ '2.1.0' ],
51 silly audit   depd: [ '2.0.0', '1.1.2' ],
51 silly audit   destroy: [ '1.2.0' ],
51 silly audit   'detect-libc': [ '2.0.3', '1.0.3' ],
51 silly audit   'detect-node': [ '2.1.0' ],
51 silly audit   'dir-glob': [ '3.0.1' ],
51 silly audit   'dns-packet': [ '5.6.1' ],
51 silly audit   'dom-converter': [ '0.2.0' ],
51 silly audit   'dom-serializer': [ '1.4.1' ],
51 silly audit   domelementtype: [ '2.3.0' ],
51 silly audit   domhandler: [ '4.3.1' ],
51 silly audit   domutils: [ '2.8.0' ],
51 silly audit   'dot-case': [ '3.0.4' ],
51 silly audit   dotenv: [ '16.4.7' ],
51 silly audit   'dotenv-expand': [ '11.0.7' ],
51 silly audit   'dunder-proto': [ '1.0.1' ],
51 silly audit   eastasianwidth: [ '0.2.0' ],
51 silly audit   'ee-first': [ '1.1.1' ],
51 silly audit   'electron-to-chromium': [ '1.5.101' ],
51 silly audit   'emojis-list': [ '3.0.0' ],
51 silly audit   encodeurl: [ '1.0.2', '2.0.0' ],
51 silly audit   'end-of-stream': [ '1.4.4' ],
51 silly audit   'enhanced-resolve': [ '5.18.1' ],
51 silly audit   entities: [ '2.2.0' ],
51 silly audit   'env-editor': [ '0.4.2' ],
51 silly audit   eol: [ '0.9.1' ],
51 silly audit   'error-ex': [ '1.3.2' ],
51 silly audit   'is-arrayish': [ '0.2.1', '0.3.2' ],
51 silly audit   'error-stack-parser': [ '2.1.4' ],
51 silly audit   'es-define-property': [ '1.0.1' ],
51 silly audit   'es-errors': [ '1.3.0' ],
51 silly audit   'es-module-lexer': [ '1.6.0' ],
51 silly audit   'es-object-atoms': [ '1.1.1' ],
51 silly audit   'es-set-tostringtag': [ '2.1.0' ],
51 silly audit   escalade: [ '3.2.0' ],
51 silly audit   'escape-html': [ '1.0.3' ],
51 silly audit   'eslint-scope': [ '5.1.1' ],
51 silly audit   esprima: [ '4.0.1' ],
51 silly audit   esrecurse: [ '4.3.0' ],
51 silly audit   estraverse: [ '5.3.0', '4.3.0' ],
51 silly audit   esutils: [ '2.0.3' ],
51 silly audit   etag: [ '1.8.1' ],
51 silly audit   'event-target-shim': [ '5.0.1' ],
51 silly audit   eventemitter3: [ '4.0.7' ],
51 silly audit   events: [ '3.3.0' ],
51 silly audit   'exec-async': [ '2.2.0' ],
51 silly audit   execa: [ '1.0.0', '5.1.1' ],
51 silly audit   'path-key': [ '2.0.1', '3.1.1' ],
51 silly audit   'shebang-command': [ '1.2.0', '2.0.0' ],
51 silly audit   'shebang-regex': [ '1.0.0', '3.0.0' ],
51 silly audit   which: [ '1.3.1', '2.0.2' ],
51 silly audit   expo: [ '52.0.35' ],
51 silly audit   'expo-asset': [ '11.0.3' ],
51 silly audit   'expo-constants': [ '17.0.6' ],
51 silly audit   'expo-file-system': [ '18.0.10' ],
51 silly audit   'expo-font': [ '13.0.3' ],
51 silly audit   'expo-keep-awake': [ '14.0.2' ],
51 silly audit   'expo-modules-autolinking': [ '2.0.7' ],
51 silly audit   'expo-modules-core': [ '2.2.2' ],
51 silly audit   'expo-pwa': [ '0.0.124' ],
51 silly audit   mime: [ '2.6.0', '1.6.0' ],
51 silly audit   'temp-dir': [ '1.0.0', '2.0.0' ],
51 silly audit   tempy: [ '0.3.0', '0.7.1' ],
51 silly audit   'type-fest': [ '0.3.1', '0.7.1', '0.16.0', '0.21.3' ],
51 silly audit   'unique-string': [ '1.0.0', '2.0.0' ],
51 silly audit   'exponential-backoff': [ '3.1.2' ],
51 silly audit   express: [ '4.21.2' ],
51 silly audit   finalhandler: [ '1.3.1', '1.1.2' ],
51 silly audit   send: [ '0.19.0', '0.19.1' ],
51 silly audit   statuses: [ '2.0.1', '1.5.0' ],
51 silly audit   'fast-deep-equal': [ '3.1.3' ],
51 silly audit   'fast-glob': [ '3.3.3' ],
51 silly audit   'fast-json-stable-stringify': [ '2.1.0' ],
51 silly audit   'fast-loops': [ '1.1.4' ],
51 silly audit   'fast-uri': [ '3.0.6' ],
51 silly audit   fastq: [ '1.19.0' ],
51 silly audit   'faye-websocket': [ '0.11.4' ],
51 silly audit   'fb-watchman': [ '2.0.2' ],
51 silly audit   fbemitter: [ '3.0.0' ],
51 silly audit   fbjs: [ '3.0.5' ],
51 silly audit   'fbjs-css-vars': [ '1.0.2' ],
51 silly audit   'fetch-retry': [ '4.1.1' ],
51 silly audit   'fill-range': [ '7.1.1' ],
51 silly audit   'find-yarn-workspace-root': [ '2.0.0' ],
51 silly audit   'flow-enums-runtime': [ '0.0.6' ],
51 silly audit   'flow-parser': [ '0.261.1' ],
51 silly audit   'follow-redirects': [ '1.15.9' ],
51 silly audit   fontfaceobserver: [ '2.3.0' ],
51 silly audit   'foreground-child': [ '3.3.0' ],
51 silly audit   'form-data': [ '3.0.3' ],
51 silly audit   forwarded: [ '0.2.0' ],
51 silly audit   'freeport-async': [ '2.0.0' ],
51 silly audit   fresh: [ '0.5.2' ],
51 silly audit   'fs-minipass': [ '3.0.3', '2.1.0' ],
51 silly audit   'fs-monkey': [ '1.0.6' ],
51 silly audit   'fs.realpath': [ '1.0.0' ],
51 silly audit   fsevents: [ '2.3.3' ],
51 silly audit   'function-bind': [ '1.1.2' ],
51 silly audit   'generate-function': [ '2.3.1' ],
51 silly audit   gensync: [ '1.0.0-beta.2' ],
51 silly audit   'get-caller-file': [ '2.0.5' ],
51 silly audit   'get-intrinsic': [ '1.2.7' ],
51 silly audit   'get-package-type': [ '0.1.0' ],
51 silly audit   'get-port': [ '3.2.0' ],
51 silly audit   'get-proto': [ '1.0.1' ],
51 silly audit   'get-stream': [ '4.1.0', '6.0.1' ],
51 silly audit   getenv: [ '1.0.0' ],
51 silly audit   'glob-to-regexp': [ '0.4.1' ],
51 silly audit   globals: [ '11.12.0' ],
51 silly audit   slash: [ '4.0.0', '3.0.0' ],
51 silly audit   gopd: [ '1.2.0' ],
51 silly audit   'graceful-fs': [ '4.2.11' ],
51 silly audit   'handle-thing': [ '2.0.1' ],
51 silly audit   'has-symbols': [ '1.1.0' ],
51 silly audit   'has-tostringtag': [ '1.0.2' ],
51 silly audit   hasown: [ '2.0.2' ],
51 silly audit   he: [ '1.2.0' ],
51 silly audit   'hosted-git-info': [ '7.0.2' ],
51 silly audit   'hpack.js': [ '2.1.6' ],
51 silly audit   'readable-stream': [ '2.3.8', '3.6.2' ],
51 silly audit   'safe-buffer': [ '5.1.2', '5.2.1' ],
51 silly audit   string_decoder: [ '1.1.1', '1.3.0' ],
51 silly audit   'html-entities': [ '2.5.2' ],
51 silly audit   'html-minifier-terser': [ '6.1.0' ],
51 silly audit   'html-webpack-plugin': [ '5.6.3' ],
51 silly audit   htmlparser2: [ '6.1.0' ],
51 silly audit   'http-deceiver': [ '1.2.7' ],
51 silly audit   'http-errors': [ '2.0.0', '1.6.3' ],
51 silly audit   'http-parser-js': [ '0.5.9' ],
51 silly audit   'http-proxy': [ '1.18.1' ],
51 silly audit   'http-proxy-middleware': [ '2.0.7' ],
51 silly audit   'human-signals': [ '2.1.0' ],
51 silly audit   'hyphenate-style-name': [ '1.1.0' ],
51 silly audit   'icss-utils': [ '5.1.0' ],
51 silly audit   ieee754: [ '1.2.1' ],
51 silly audit   ignore: [ '5.3.2' ],
51 silly audit   'image-size': [ '1.2.0' ],
51 silly audit   'import-fresh': [ '2.0.0' ],
51 silly audit   'resolve-from': [ '3.0.0', '5.0.0' ],
51 silly audit   imurmurhash: [ '0.1.4' ],
51 silly audit   'indent-string': [ '4.0.0' ],
51 silly audit   inflight: [ '1.0.6' ],
51 silly audit   inherits: [ '2.0.4', '2.0.3' ],
51 silly audit   ini: [ '1.3.8' ],
51 silly audit   'inline-style-prefixer': [ '6.0.4' ],
51 silly audit   'internal-ip': [ '4.3.0' ],
51 silly audit   invariant: [ '2.2.4' ],
51 silly audit   'ip-regex': [ '2.1.0' ],
51 silly audit   'ipaddr.js': [ '1.9.1', '2.2.0' ],
51 silly audit   'is-binary-path': [ '2.1.0' ],
51 silly audit   'is-buffer': [ '1.1.6' ],
51 silly audit   'is-core-module': [ '2.16.1' ],
51 silly audit   'is-directory': [ '0.3.1' ],
51 silly audit   'is-docker': [ '2.2.1' ],
51 silly audit   'is-extglob': [ '2.1.1' ],
51 silly audit   'is-fullwidth-code-point': [ '3.0.0' ],
51 silly audit   'is-glob': [ '4.0.3' ],
51 silly audit   'is-number': [ '7.0.0' ],
51 silly audit   'is-path-cwd': [ '2.2.0' ],
51 silly audit   'is-path-in-cwd': [ '2.1.0' ],
51 silly audit   'is-path-inside': [ '2.1.0', '3.0.3' ],
51 silly audit   'is-plain-obj': [ '3.0.0' ],
51 silly audit   'is-plain-object': [ '2.0.4' ],
51 silly audit   'is-property': [ '1.0.2' ],
51 silly audit   'is-stream': [ '1.1.0', '2.0.1' ],
51 silly audit   'is-wsl': [ '2.2.0' ],
51 silly audit   isarray: [ '1.0.0' ],
51 silly audit   isexe: [ '2.0.0' ],
51 silly audit   isobject: [ '3.0.1' ],
51 silly audit   'istanbul-lib-coverage': [ '3.2.2' ],
51 silly audit   'istanbul-lib-instrument': [ '5.2.1' ],
51 silly audit   jackspeak: [ '3.4.3' ],
51 silly audit   'jest-environment-node': [ '29.7.0' ],
51 silly audit   'jest-get-type': [ '29.6.3' ],
51 silly audit   'jest-haste-map': [ '29.7.0' ],
51 silly audit   'jest-worker': [ '29.7.0', '27.5.1' ],
51 silly audit   'jest-message-util': [ '29.7.0' ],
51 silly audit   'jest-mock': [ '29.7.0' ],
51 silly audit   'jest-regex-util': [ '29.6.3' ],
51 silly audit   'jest-util': [ '29.7.0' ],
51 silly audit   'jest-validate': [ '29.7.0' ],
51 silly audit   'jimp-compact': [ '0.16.1' ],
51 silly audit   'join-component': [ '1.1.0' ],
51 silly audit   jose: [ '5.9.6' ],
51 silly audit   'js-tokens': [ '4.0.0' ],
51 silly audit   'jsc-android': [ '250231.0.0' ],
51 silly audit   'jsc-safe-url': [ '0.2.4' ],
51 silly audit   jsesc: [ '3.1.0', '3.0.2' ],
51 silly audit   'json-parse-better-errors': [ '1.0.2' ],
51 silly audit   'json-parse-even-better-errors': [ '2.3.1' ],
51 silly audit   'kind-of': [ '6.0.3' ],
51 silly audit   kleur: [ '3.0.3' ],
51 silly audit   'launch-editor': [ '2.9.1' ],
51 silly audit   leven: [ '3.1.0' ],
51 silly audit   'lighthouse-logger': [ '1.4.2' ],
51 silly audit   lightningcss: [ '1.27.0' ],
51 silly audit   'lightningcss-darwin-arm64': [ '1.27.0' ],
51 silly audit   'lightningcss-darwin-x64': [ '1.27.0' ],
51 silly audit   'lightningcss-freebsd-x64': [ '1.27.0' ],
51 silly audit   'lightningcss-linux-arm-gnueabihf': [ '1.27.0' ],
51 silly audit   'lightningcss-linux-arm64-gnu': [ '1.27.0' ],
51 silly audit   'lightningcss-linux-arm64-musl': [ '1.27.0' ],
51 silly audit   'lightningcss-linux-x64-gnu': [ '1.27.0' ],
51 silly audit   'lightningcss-linux-x64-musl': [ '1.27.0' ],
51 silly audit   'lightningcss-win32-arm64-msvc': [ '1.27.0' ],
51 silly audit   'lightningcss-win32-x64-msvc': [ '1.27.0' ],
51 silly audit   lilconfig: [ '2.1.0' ],
51 silly audit   'lines-and-columns': [ '1.2.4' ],
51 silly audit   'loader-runner': [ '4.3.0' ],
51 silly audit   'loader-utils': [ '2.0.4' ],
51 silly audit   lodash: [ '4.17.21' ],
51 silly audit   'lodash.debounce': [ '4.0.8' ],
51 silly audit   'lodash.memoize': [ '4.1.2' ],
51 silly audit   'lodash.throttle': [ '4.1.1' ],
51 silly audit   'lodash.uniq': [ '4.5.0' ],
51 silly audit   'log-symbols': [ '2.2.0' ],
51 silly audit   long: [ '5.3.0' ],
51 silly audit   'loose-envify': [ '1.4.0' ],
51 silly audit   'lower-case': [ '2.0.2' ],
51 silly audit   'lru.min': [ '1.1.1' ],
51 silly audit   makeerror: [ '1.0.12' ],
51 silly audit   marky: [ '1.2.5' ],
51 silly audit   'math-intrinsics': [ '1.1.0' ],
51 silly audit   md5: [ '2.3.0' ],
51 silly audit   'md5-file': [ '3.2.3' ],
51 silly audit   'mdn-data': [ '2.0.14' ],
51 silly audit   'media-typer': [ '0.3.0' ],
51 silly audit   memfs: [ '3.5.3' ],
51 silly audit   'memoize-one': [ '5.2.1' ],
51 silly audit   'merge-descriptors': [ '1.0.3' ],
51 silly audit   'merge-stream': [ '2.0.0' ],
51 silly audit   merge2: [ '1.4.1' ],
51 silly audit   methods: [ '1.1.2' ],
51 silly audit   metro: [ '0.81.1' ],
51 silly audit   'metro-babel-transformer': [ '0.81.1' ],
51 silly audit   'metro-cache': [ '0.81.1' ],
51 silly audit   'metro-cache-key': [ '0.81.1' ],
51 silly audit   'metro-config': [ '0.81.1' ],
51 silly audit   'metro-core': [ '0.81.1' ],
51 silly audit   'metro-file-map': [ '0.81.1' ],
51 silly audit   'metro-minify-terser': [ '0.81.1' ],
51 silly audit   'metro-resolver': [ '0.81.1' ],
51 silly audit   'metro-runtime': [ '0.81.1' ],
51 silly audit   'metro-source-map': [ '0.81.1' ],
51 silly audit   'source-map': [ '0.5.7', '0.6.1' ],
51 silly audit   'metro-symbolicate': [ '0.81.1' ],
51 silly audit   'metro-transform-plugins': [ '0.81.1' ],
51 silly audit   'metro-transform-worker': [ '0.81.1' ],
51 silly audit   micromatch: [ '4.0.8' ],
51 silly audit   'mime-db': [ '1.53.0', '1.52.0' ],
51 silly audit   'mime-types': [ '2.1.35' ],
51 silly audit   'mimic-fn': [ '1.2.0', '2.1.0' ],
51 silly audit   'mini-css-extract-plugin': [ '2.9.2' ],
51 silly audit   'minimalistic-assert': [ '1.0.1' ],
51 silly audit   minimist: [ '1.2.8' ],
51 silly audit   minipass: [ '7.1.2', '3.3.6', '5.0.0' ],
51 silly audit   'minipass-collect': [ '2.0.1' ],
51 silly audit   'minipass-flush': [ '1.0.5' ],
51 silly audit   'minipass-pipeline': [ '1.2.4' ],
51 silly audit   minizlib: [ '2.1.2' ],
51 silly audit   'multicast-dns': [ '7.2.5' ],
51 silly audit   mysql2: [ '3.12.0' ],
51 silly audit   mz: [ '2.7.0' ],
51 silly audit   'named-placeholders': [ '1.1.3' ],
51 silly audit   nanoid: [ '3.3.8' ],
51 silly audit   'neo-async': [ '2.6.2' ],
51 silly audit   'nested-error-stacks': [ '2.0.1' ],
51 silly audit   next: [ '15.0.3' ],
51 silly audit   'next-auth': [ '5.0.0-beta.25' ],
51 silly audit   'nice-try': [ '1.0.5' ],
51 silly audit   'no-case': [ '3.0.4' ],
51 silly audit   'node-dir': [ '0.1.17' ],
51 silly audit   'node-fetch': [ '2.7.0' ],
51 silly audit   'node-forge': [ '1.3.1' ],
51 silly audit   'node-html-parser': [ '5.4.2' ],
51 silly audit   'node-int64': [ '0.4.0' ],
51 silly audit   'node-releases': [ '2.0.19' ],
51 silly audit   'normalize-css-color': [ '1.0.2' ],
51 silly audit   'normalize-path': [ '3.0.0' ],
51 silly audit   'normalize-url': [ '6.1.0' ],
51 silly audit   'npm-package-arg': [ '11.0.3' ],
51 silly audit   'npm-run-path': [ '2.0.2', '4.0.1' ],
51 silly audit   'nth-check': [ '2.1.1' ],
51 silly audit   nullthrows: [ '1.1.1' ],
51 silly audit   oauth4webapi: [ '3.1.3' ],
51 silly audit   ob1: [ '0.81.1' ],
51 silly audit   'object-assign': [ '4.1.1' ],
51 silly audit   'object-inspect': [ '1.13.4' ],
51 silly audit   obuf: [ '1.1.2' ],
51 silly audit   'on-headers': [ '1.0.2' ],
51 silly audit   once: [ '1.4.0' ],
51 silly audit   onetime: [ '2.0.1', '5.1.2' ],
51 silly audit   ora: [ '3.4.0' ],
51 silly audit   'os-tmpdir': [ '1.0.2' ],
51 silly audit   'p-finally': [ '1.0.0' ],
51 silly audit   'p-retry': [ '4.6.2' ],
51 silly audit   'p-try': [ '2.2.0' ],
51 silly audit   'package-json-from-dist': [ '1.0.1' ],
51 silly audit   'param-case': [ '3.0.4' ],
51 silly audit   'parse-json': [ '4.0.0' ],
51 silly audit   'parse-png': [ '2.1.0' ],
51 silly audit   parseurl: [ '1.3.3' ],
51 silly audit   'pascal-case': [ '3.1.2' ],
51 silly audit   'password-prompt': [ '1.1.3' ],
51 silly audit   'path-is-absolute': [ '1.0.1' ],
51 silly audit   'path-is-inside': [ '1.0.2' ],
51 silly audit   'path-parse': [ '1.0.7' ],
51 silly audit   'path-scurry': [ '1.11.1' ],
51 silly audit   'path-to-regexp': [ '0.1.12' ],
51 silly audit   'path-type': [ '4.0.0' ],
51 silly audit   picocolors: [ '1.1.1' ],
51 silly audit   pinkie: [ '2.0.4' ],
51 silly audit   'pinkie-promise': [ '2.0.1' ],
51 silly audit   pirates: [ '4.0.6' ],
51 silly audit   plist: [ '3.1.0' ],
51 silly audit   pngjs: [ '3.4.0' ],
51 silly audit   'postcss-calc': [ '8.2.4' ],
51 silly audit   'postcss-colormin': [ '5.3.1' ],
51 silly audit   'postcss-convert-values': [ '5.1.3' ],
51 silly audit   'postcss-discard-comments': [ '5.1.2' ],
51 silly audit   'postcss-discard-duplicates': [ '5.1.0' ],
51 silly audit   'postcss-discard-empty': [ '5.1.1' ],
51 silly audit   'postcss-discard-overridden': [ '5.1.0' ],
51 silly audit   'postcss-merge-longhand': [ '5.1.7' ],
51 silly audit   'postcss-merge-rules': [ '5.1.4' ],
51 silly audit   'postcss-minify-font-values': [ '5.1.0' ],
51 silly audit   'postcss-minify-gradients': [ '5.1.1' ],
51 silly audit   'postcss-minify-params': [ '5.1.4' ],
51 silly audit   'postcss-minify-selectors': [ '5.2.1' ],
51 silly audit   'postcss-modules-extract-imports': [ '3.1.0' ],
51 silly audit   'postcss-modules-local-by-default': [ '4.2.0' ],
51 silly audit   'postcss-selector-parser': [ '7.1.0', '6.1.2' ],
51 silly audit   'postcss-modules-scope': [ '3.2.1' ],
51 silly audit   'postcss-modules-values': [ '4.0.0' ],
51 silly audit   'postcss-normalize-charset': [ '5.1.0' ],
51 silly audit   'postcss-normalize-display-values': [ '5.1.0' ],
51 silly audit   'postcss-normalize-positions': [ '5.1.1' ],
51 silly audit   'postcss-normalize-repeat-style': [ '5.1.1' ],
51 silly audit   'postcss-normalize-string': [ '5.1.0' ],
51 silly audit   'postcss-normalize-timing-functions': [ '5.1.0' ],
51 silly audit   'postcss-normalize-unicode': [ '5.1.1' ],
51 silly audit   'postcss-normalize-url': [ '5.1.0' ],
51 silly audit   'postcss-normalize-whitespace': [ '5.1.1' ],
51 silly audit   'postcss-ordered-values': [ '5.1.3' ],
51 silly audit   'postcss-reduce-initial': [ '5.1.2' ],
51 silly audit   'postcss-reduce-transforms': [ '5.1.0' ],
51 silly audit   'postcss-svgo': [ '5.1.0' ],
51 silly audit   'postcss-unique-selectors': [ '5.1.1' ],
51 silly audit   'postcss-value-parser': [ '4.2.0' ],
51 silly audit   preact: [ '10.11.3' ],
51 silly audit   'preact-render-to-string': [ '5.2.3' ],
51 silly audit   'pretty-bytes': [ '5.6.0' ],
51 silly audit   'pretty-error': [ '4.0.0' ],
51 silly audit   'proc-log': [ '4.2.0' ],
51 silly audit   'process-nextick-args': [ '2.0.1' ],
51 silly audit   progress: [ '2.0.3' ],
51 silly audit   promise: [ '7.3.1', '8.3.0' ],
51 silly audit   prompts: [ '2.4.2' ],
51 silly audit   'prop-types': [ '15.8.1' ],
51 silly audit   'proxy-addr': [ '2.0.7' ],
51 silly audit   pump: [ '3.0.2' ],
51 silly audit   punycode: [ '2.3.1' ],
51 silly audit   'qrcode-terminal': [ '0.11.0' ],
51 silly audit   qs: [ '6.13.0' ],
51 silly audit   queue: [ '6.0.2' ],
51 silly audit   'queue-microtask': [ '1.2.3' ],
51 silly audit   randombytes: [ '2.1.0' ],
51 silly audit   'range-parser': [ '1.2.1' ],
51 silly audit   'raw-body': [ '2.5.2' ],
51 silly audit   rc: [ '1.2.8' ],
51 silly audit   react: [ '18.3.1' ],
51 silly audit   'react-devtools-core': [ '6.1.1' ],
51 silly audit   'react-dom': [ '18.2.0' ],
51 silly audit   'react-native': [ '0.77.1' ],
51 silly audit   'react-native-web': [ '0.18.12' ],
51 silly audit   'regenerator-runtime': [ '0.13.11', '0.14.1' ],
51 silly audit   scheduler: [ '0.24.0-canary-efb381bbf-20230505', '0.23.2' ],
51 silly audit   'react-refresh': [ '0.14.2' ],
51 silly audit   readdirp: [ '3.6.0' ],
51 silly audit   readline: [ '1.3.0' ],
51 silly audit   regenerate: [ '1.4.2' ],
51 silly audit   'regenerate-unicode-properties': [ '10.2.0' ],
51 silly audit   'regenerator-transform': [ '0.15.2' ],
51 silly audit   'regexpu-core': [ '6.2.0' ],
51 silly audit   'registry-auth-token': [ '3.3.2' ],
51 silly audit   'registry-url': [ '3.1.0' ],
51 silly audit   regjsgen: [ '0.8.0' ],
51 silly audit   regjsparser: [ '0.12.0' ],
51 silly audit   relateurl: [ '0.2.7' ],
51 silly audit   'remove-trailing-slash': [ '0.1.1' ],
51 silly audit   renderkid: [ '3.0.0' ],
51 silly audit   'require-directory': [ '2.1.1' ],
51 silly audit   'require-from-string': [ '2.0.2' ],
51 silly audit   requireg: [ '0.2.2' ],
51 silly audit   resolve: [ '1.7.1', '1.22.10' ],
51 silly audit   'requires-port': [ '1.0.0' ],
51 silly audit   'resolve-workspace-root': [ '2.0.0' ],
51 silly audit   'resolve.exports': [ '2.0.3' ],
51 silly audit   'restore-cursor': [ '2.0.0' ],
51 silly audit   retry: [ '0.13.1' ],
51 silly audit   reusify: [ '1.0.4' ],
51 silly audit   'run-parallel': [ '1.2.0' ],
51 silly audit   'safer-buffer': [ '2.1.2' ],
51 silly audit   sax: [ '1.4.1' ],
51 silly audit   'select-hose': [ '2.0.0' ],
51 silly audit   selfsigned: [ '2.4.1' ],
51 silly audit   'seq-queue': [ '0.0.5' ],
51 silly audit   'serialize-error': [ '2.1.0' ],
51 silly audit   'serialize-javascript': [ '6.0.2' ],
51 silly audit   'serve-index': [ '1.9.1' ],
51 silly audit   setprototypeof: [ '1.1.0', '1.2.0' ],
51 silly audit   'serve-static': [ '1.16.2' ],
51 silly audit   setimmediate: [ '1.0.5' ],
51 silly audit   'shallow-clone': [ '3.0.1' ],
51 silly audit   sharp: [ '0.33.5' ],
51 silly audit   'shell-quote': [ '1.8.2' ],
51 silly audit   'side-channel': [ '1.1.0' ],
51 silly audit   'side-channel-list': [ '1.0.0' ],
51 silly audit   'side-channel-map': [ '1.0.1' ],
51 silly audit   'side-channel-weakmap': [ '1.0.2' ],
51 silly audit   'simple-plist': [ '1.3.1' ],
51 silly audit   'simple-swizzle': [ '0.2.2' ],
51 silly audit   sisteransi: [ '1.0.5' ],
51 silly audit   slugify: [ '1.6.6' ],
51 silly audit   sockjs: [ '0.3.24' ],
51 silly audit   'source-list-map': [ '2.0.1' ],
51 silly audit   'source-map-js': [ '1.2.1' ],
51 silly audit   'source-map-loader': [ '3.0.2' ],
51 silly audit   'source-map-support': [ '0.5.21' ],
51 silly audit   spdy: [ '4.0.2' ],
51 silly audit   'spdy-transport': [ '3.0.0' ],
51 silly audit   split: [ '1.0.1' ],
51 silly audit   'sprintf-js': [ '1.0.3' ],
51 silly audit   sqlstring: [ '2.3.3' ],
51 silly audit   ssri: [ '10.0.6' ],
51 silly audit   stable: [ '0.1.8' ],
51 silly audit   'stack-utils': [ '2.0.6' ],
51 silly audit   stackframe: [ '1.3.4' ],
51 silly audit   'stacktrace-parser': [ '0.1.10' ],
51 silly audit   'stream-buffers': [ '2.2.0' ],
51 silly audit   streamsearch: [ '1.1.0' ],
51 silly audit   'strip-eof': [ '1.0.0' ],
51 silly audit   'strip-final-newline': [ '2.0.0' ],
51 silly audit   'strip-json-comments': [ '2.0.1' ],
51 silly audit   'structured-headers': [ '0.4.1' ],
51 silly audit   'style-loader': [ '3.3.4' ],
51 silly audit   'styled-jsx': [ '5.1.6' ],
51 silly audit   stylehacks: [ '5.1.1' ],
51 silly audit   styleq: [ '0.1.3' ],
51 silly audit   sucrase: [ '3.35.0' ],
51 silly audit   'supports-hyperlinks': [ '2.3.0' ],
51 silly audit   'supports-preserve-symlinks-flag': [ '1.0.0' ],
51 silly audit   svgo: [ '2.8.0' ],
51 silly audit   tapable: [ '2.2.1' ],
51 silly audit   tar: [ '6.2.1' ],
51 silly audit   temp: [ '0.8.4' ],
51 silly audit   'terminal-link': [ '2.1.1' ],
51 silly audit   terser: [ '5.39.0' ],
51 silly audit   'terser-webpack-plugin': [ '5.3.11' ],
51 silly audit   'test-exclude': [ '6.0.0' ],
51 silly audit   thenify: [ '3.3.1' ],
51 silly audit   'thenify-all': [ '1.6.0' ],
51 silly audit   throat: [ '5.0.0' ],
51 silly audit   through: [ '2.3.8' ],
51 silly audit   thunky: [ '1.1.0' ],
51 silly audit   'tiny-invariant': [ '1.3.3' ],
51 silly audit   tmpl: [ '1.0.5' ],
51 silly audit   'to-regex-range': [ '5.0.1' ],
51 silly audit   toidentifier: [ '1.0.1' ],
51 silly audit   tr46: [ '0.0.3' ],
51 silly audit   'ts-interface-checker': [ '0.1.13' ],
51 silly audit   tslib: [ '2.8.1' ],
51 silly audit   'type-detect': [ '4.0.8' ],
51 silly audit   'type-is': [ '1.6.18' ],
51 silly audit   'ua-parser-js': [ '1.0.40' ],
51 silly audit   undici: [ '6.21.1' ],
51 silly audit   'undici-types': [ '6.20.0' ],
51 silly audit   'unicode-canonical-property-names-ecmascript': [ '2.0.1' ],
51 silly audit   'unicode-match-property-ecmascript': [ '2.0.0' ],
51 silly audit   'unicode-match-property-value-ecmascript': [ '2.2.0' ],
51 silly audit   'unicode-property-aliases-ecmascript': [ '2.1.0' ],
51 silly audit   'unique-filename': [ '3.0.0' ],
51 silly audit   'unique-slug': [ '4.0.0' ],
51 silly audit   unpipe: [ '1.0.0' ],
51 silly audit   'update-browserslist-db': [ '1.1.2' ],
51 silly audit   'update-check': [ '1.5.3' ],
51 silly audit   'uri-js': [ '4.4.1' ],
51 silly audit   'util-deprecate': [ '1.0.2' ],
51 silly audit   utila: [ '0.4.0' ],
51 silly audit   'utils-merge': [ '1.0.1' ],
51 silly audit   uuid: [ '8.3.2', '7.0.3' ],
51 silly audit   'validate-npm-package-name': [ '5.0.1' ],
51 silly audit   vary: [ '1.1.2' ],
51 silly audit   vlq: [ '1.0.1' ],
51 silly audit   walker: [ '1.0.8' ],
51 silly audit   watchpack: [ '2.4.2' ],
51 silly audit   wbuf: [ '1.7.3' ],
51 silly audit   wcwidth: [ '1.0.1' ],
51 silly audit   'web-streams-polyfill': [ '3.3.3' ],
51 silly audit   'webidl-conversions': [ '3.0.1', '5.0.0' ],
51 silly audit   webpack: [ '5.98.0' ],
51 silly audit   'webpack-dev-middleware': [ '5.3.4' ],
51 silly audit   'webpack-dev-server': [ '4.15.2' ],
51 silly audit   'webpack-manifest-plugin': [ '4.1.1' ],
51 silly audit   'webpack-sources': [ '2.3.1', '3.2.3' ],
51 silly audit   'websocket-driver': [ '0.7.4' ],
51 silly audit   'websocket-extensions': [ '0.1.4' ],
51 silly audit   'whatwg-fetch': [ '3.6.20' ],
51 silly audit   'whatwg-url': [ '5.0.0' ],
51 silly audit   'whatwg-url-without-unicode': [ '8.0.0-3' ],
51 silly audit   wonka: [ '6.3.4' ],
51 silly audit   wrappy: [ '1.0.2' ],
51 silly audit   xcode: [ '3.0.1' ],
51 silly audit   y18n: [ '5.0.8' ],
51 silly audit   yaml: [ '1.10.2' ],
51 silly audit   yargs: [ '17.7.2' ],
51 silly audit   'yargs-parser': [ '21.1.1' ],
51 silly audit   'yocto-queue': [ '0.1.0' ],
51 silly audit   cors: [ '2.8.5' ]
51 silly audit }
52 verbose reify failed optional dependency C:\Users\daadh\node_modules\lightningcss-win32-arm64-msvc
53 silly reify mark deleted [ 'C:\\Users\\daadh\\node_modules\\lightningcss-win32-arm64-msvc' ]
54 verbose reify failed optional dependency C:\Users\daadh\node_modules\lightningcss-linux-x64-musl
55 silly reify mark deleted [ 'C:\\Users\\daadh\\node_modules\\lightningcss-linux-x64-musl' ]
56 verbose reify failed optional dependency C:\Users\daadh\node_modules\lightningcss-linux-x64-gnu
57 silly reify mark deleted [ 'C:\\Users\\daadh\\node_modules\\lightningcss-linux-x64-gnu' ]
58 verbose reify failed optional dependency C:\Users\daadh\node_modules\lightningcss-linux-arm64-musl
59 silly reify mark deleted [ 'C:\\Users\\daadh\\node_modules\\lightningcss-linux-arm64-musl' ]
60 verbose reify failed optional dependency C:\Users\daadh\node_modules\lightningcss-linux-arm64-gnu
61 silly reify mark deleted [ 'C:\\Users\\daadh\\node_modules\\lightningcss-linux-arm64-gnu' ]
62 verbose reify failed optional dependency C:\Users\daadh\node_modules\lightningcss-linux-arm-gnueabihf
63 silly reify mark deleted [ 'C:\\Users\\daadh\\node_modules\\lightningcss-linux-arm-gnueabihf' ]
64 verbose reify failed optional dependency C:\Users\daadh\node_modules\lightningcss-freebsd-x64
65 silly reify mark deleted [ 'C:\\Users\\daadh\\node_modules\\lightningcss-freebsd-x64' ]
66 verbose reify failed optional dependency C:\Users\daadh\node_modules\lightningcss-darwin-x64
67 silly reify mark deleted [ 'C:\\Users\\daadh\\node_modules\\lightningcss-darwin-x64' ]
68 verbose reify failed optional dependency C:\Users\daadh\node_modules\lightningcss-darwin-arm64
69 silly reify mark deleted [ 'C:\\Users\\daadh\\node_modules\\lightningcss-darwin-arm64' ]
70 verbose reify failed optional dependency C:\Users\daadh\node_modules\fsevents
71 silly reify mark deleted [ 'C:\\Users\\daadh\\node_modules\\fsevents' ]
72 verbose reify failed optional dependency C:\Users\daadh\node_modules\@next\swc-win32-arm64-msvc
73 silly reify mark deleted [ 'C:\\Users\\daadh\\node_modules\\@next\\swc-win32-arm64-msvc' ]
74 verbose reify failed optional dependency C:\Users\daadh\node_modules\@next\swc-linux-x64-musl
75 silly reify mark deleted [ 'C:\\Users\\daadh\\node_modules\\@next\\swc-linux-x64-musl' ]
76 verbose reify failed optional dependency C:\Users\daadh\node_modules\@next\swc-linux-x64-gnu
77 silly reify mark deleted [ 'C:\\Users\\daadh\\node_modules\\@next\\swc-linux-x64-gnu' ]
78 verbose reify failed optional dependency C:\Users\daadh\node_modules\@next\swc-linux-arm64-musl
79 silly reify mark deleted [ 'C:\\Users\\daadh\\node_modules\\@next\\swc-linux-arm64-musl' ]
80 verbose reify failed optional dependency C:\Users\daadh\node_modules\@next\swc-linux-arm64-gnu
81 silly reify mark deleted [ 'C:\\Users\\daadh\\node_modules\\@next\\swc-linux-arm64-gnu' ]
82 verbose reify failed optional dependency C:\Users\daadh\node_modules\@next\swc-darwin-x64
83 silly reify mark deleted [ 'C:\\Users\\daadh\\node_modules\\@next\\swc-darwin-x64' ]
84 verbose reify failed optional dependency C:\Users\daadh\node_modules\@next\swc-darwin-arm64
85 silly reify mark deleted [ 'C:\\Users\\daadh\\node_modules\\@next\\swc-darwin-arm64' ]
86 verbose reify failed optional dependency C:\Users\daadh\node_modules\@img\sharp-win32-ia32
87 silly reify mark deleted [ 'C:\\Users\\daadh\\node_modules\\@img\\sharp-win32-ia32' ]
88 verbose reify failed optional dependency C:\Users\daadh\node_modules\@img\sharp-wasm32
89 silly reify mark deleted [ 'C:\\Users\\daadh\\node_modules\\@img\\sharp-wasm32' ]
90 verbose reify failed optional dependency C:\Users\daadh\node_modules\@emnapi\runtime
91 silly reify mark deleted [ 'C:\\Users\\daadh\\node_modules\\@emnapi\\runtime' ]
92 verbose reify failed optional dependency C:\Users\daadh\node_modules\@img\sharp-linuxmusl-x64
93 silly reify mark deleted [ 'C:\\Users\\daadh\\node_modules\\@img\\sharp-linuxmusl-x64' ]
94 verbose reify failed optional dependency C:\Users\daadh\node_modules\@img\sharp-linuxmusl-arm64
95 silly reify mark deleted [ 'C:\\Users\\daadh\\node_modules\\@img\\sharp-linuxmusl-arm64' ]
96 verbose reify failed optional dependency C:\Users\daadh\node_modules\@img\sharp-linux-x64
97 silly reify mark deleted [ 'C:\\Users\\daadh\\node_modules\\@img\\sharp-linux-x64' ]
98 verbose reify failed optional dependency C:\Users\daadh\node_modules\@img\sharp-linux-s390x
99 silly reify mark deleted [ 'C:\\Users\\daadh\\node_modules\\@img\\sharp-linux-s390x' ]
100 verbose reify failed optional dependency C:\Users\daadh\node_modules\@img\sharp-linux-arm64
101 silly reify mark deleted [ 'C:\\Users\\daadh\\node_modules\\@img\\sharp-linux-arm64' ]
102 verbose reify failed optional dependency C:\Users\daadh\node_modules\@img\sharp-linux-arm
103 silly reify mark deleted [ 'C:\\Users\\daadh\\node_modules\\@img\\sharp-linux-arm' ]
104 verbose reify failed optional dependency C:\Users\daadh\node_modules\@img\sharp-libvips-linuxmusl-x64
105 silly reify mark deleted [ 'C:\\Users\\daadh\\node_modules\\@img\\sharp-libvips-linuxmusl-x64' ]
106 verbose reify failed optional dependency C:\Users\daadh\node_modules\@img\sharp-libvips-linuxmusl-arm64
107 silly reify mark deleted [
107 silly reify   'C:\\Users\\daadh\\node_modules\\@img\\sharp-libvips-linuxmusl-arm64'
107 silly reify ]
108 verbose reify failed optional dependency C:\Users\daadh\node_modules\@img\sharp-libvips-linux-x64
109 silly reify mark deleted [ 'C:\\Users\\daadh\\node_modules\\@img\\sharp-libvips-linux-x64' ]
110 verbose reify failed optional dependency C:\Users\daadh\node_modules\@img\sharp-libvips-linux-s390x
111 silly reify mark deleted [ 'C:\\Users\\daadh\\node_modules\\@img\\sharp-libvips-linux-s390x' ]
112 verbose reify failed optional dependency C:\Users\daadh\node_modules\@img\sharp-libvips-linux-arm64
113 silly reify mark deleted [ 'C:\\Users\\daadh\\node_modules\\@img\\sharp-libvips-linux-arm64' ]
114 verbose reify failed optional dependency C:\Users\daadh\node_modules\@img\sharp-libvips-linux-arm
115 silly reify mark deleted [ 'C:\\Users\\daadh\\node_modules\\@img\\sharp-libvips-linux-arm' ]
116 verbose reify failed optional dependency C:\Users\daadh\node_modules\@img\sharp-libvips-darwin-x64
117 silly reify mark deleted [ 'C:\\Users\\daadh\\node_modules\\@img\\sharp-libvips-darwin-x64' ]
118 verbose reify failed optional dependency C:\Users\daadh\node_modules\@img\sharp-libvips-darwin-arm64
119 silly reify mark deleted [ 'C:\\Users\\daadh\\node_modules\\@img\\sharp-libvips-darwin-arm64' ]
120 verbose reify failed optional dependency C:\Users\daadh\node_modules\@img\sharp-darwin-x64
121 silly reify mark deleted [ 'C:\\Users\\daadh\\node_modules\\@img\\sharp-darwin-x64' ]
122 verbose reify failed optional dependency C:\Users\daadh\node_modules\@img\sharp-darwin-arm64
123 silly reify mark deleted [ 'C:\\Users\\daadh\\node_modules\\@img\\sharp-darwin-arm64' ]
124 timing reifyNode:node_modules/lightningcss-win32-arm64-msvc Completed in 28ms
125 timing reifyNode:node_modules/lightningcss-linux-x64-musl Completed in 28ms
126 timing reifyNode:node_modules/lightningcss-linux-x64-gnu Completed in 28ms
127 timing reifyNode:node_modules/lightningcss-linux-arm64-musl Completed in 28ms
128 timing reifyNode:node_modules/lightningcss-linux-arm64-gnu Completed in 28ms
129 timing reifyNode:node_modules/lightningcss-linux-arm-gnueabihf Completed in 28ms
130 timing reifyNode:node_modules/lightningcss-freebsd-x64 Completed in 27ms
131 timing reifyNode:node_modules/lightningcss-darwin-x64 Completed in 27ms
132 timing reifyNode:node_modules/lightningcss-darwin-arm64 Completed in 24ms
133 timing reifyNode:node_modules/fsevents Completed in 24ms
134 timing reifyNode:node_modules/@next/swc-win32-arm64-msvc Completed in 24ms
135 timing reifyNode:node_modules/@next/swc-linux-x64-musl Completed in 24ms
136 timing reifyNode:node_modules/@next/swc-linux-x64-gnu Completed in 24ms
137 timing reifyNode:node_modules/@next/swc-linux-arm64-musl Completed in 24ms
138 timing reifyNode:node_modules/@next/swc-linux-arm64-gnu Completed in 24ms
139 timing reifyNode:node_modules/@next/swc-darwin-x64 Completed in 23ms
140 timing reifyNode:node_modules/@next/swc-darwin-arm64 Completed in 23ms
141 timing reifyNode:node_modules/@img/sharp-win32-ia32 Completed in 23ms
142 timing reifyNode:node_modules/@img/sharp-wasm32 Completed in 23ms
143 timing reifyNode:node_modules/@img/sharp-linuxmusl-x64 Completed in 22ms
144 timing reifyNode:node_modules/@img/sharp-linuxmusl-arm64 Completed in 22ms
145 timing reifyNode:node_modules/@img/sharp-linux-x64 Completed in 22ms
146 timing reifyNode:node_modules/@img/sharp-linux-s390x Completed in 23ms
147 timing reifyNode:node_modules/@img/sharp-linux-arm64 Completed in 22ms
148 timing reifyNode:node_modules/@img/sharp-linux-arm Completed in 22ms
149 timing reifyNode:node_modules/@img/sharp-libvips-linuxmusl-x64 Completed in 22ms
150 timing reifyNode:node_modules/@img/sharp-libvips-linuxmusl-arm64 Completed in 22ms
151 timing reifyNode:node_modules/@img/sharp-libvips-linux-x64 Completed in 21ms
152 timing reifyNode:node_modules/@img/sharp-libvips-linux-s390x Completed in 21ms
153 timing reifyNode:node_modules/@img/sharp-libvips-linux-arm64 Completed in 21ms
154 timing reifyNode:node_modules/@img/sharp-libvips-linux-arm Completed in 21ms
155 timing reifyNode:node_modules/@img/sharp-libvips-darwin-x64 Completed in 21ms
156 timing reifyNode:node_modules/@img/sharp-libvips-darwin-arm64 Completed in 20ms
157 timing reifyNode:node_modules/@img/sharp-darwin-x64 Completed in 20ms
158 timing reifyNode:node_modules/@img/sharp-darwin-arm64 Completed in 20ms
159 silly tarball no local data for cors@https://registry.npmjs.org/cors/-/cors-2.8.5.tgz. Extracting by manifest.
160 timing reifyNode:node_modules/@emnapi/runtime Completed in 184ms
161 http fetch POST 200 https://registry.npmjs.org/-/npm/v1/security/advisories/bulk 241ms
162 timing auditReport:getReport Completed in 267ms
163 silly audit report {
163 silly audit report   semver: [
163 silly audit report     {
163 silly audit report       id: 1101088,
163 silly audit report       url: 'https://github.com/advisories/GHSA-c2qf-rxjj-qqgw',
163 silly audit report       title: 'semver vulnerable to Regular Expression Denial of Service',
163 silly audit report       severity: 'high',
163 silly audit report       vulnerable_versions: '>=7.0.0 <7.5.2',
163 silly audit report       cwe: [Array],
163 silly audit report       cvss: [Object]
163 silly audit report     }
163 silly audit report   ],
163 silly audit report   xml2js: [
163 silly audit report     {
163 silly audit report       id: 1096693,
163 silly audit report       url: 'https://github.com/advisories/GHSA-776f-qx25-q3cc',
163 silly audit report       title: 'xml2js is vulnerable to prototype pollution',
163 silly audit report       severity: 'moderate',
163 silly audit report       vulnerable_versions: '<0.5.0',
163 silly audit report       cwe: [Array],
163 silly audit report       cvss: [Object]
163 silly audit report     }
163 silly audit report   ],
163 silly audit report   next: [
163 silly audit report     {
163 silly audit report       id: 1101437,
163 silly audit report       url: 'https://github.com/advisories/GHSA-7m27-7ghc-44w9',
163 silly audit report       title: 'Next.js Allows a Denial of Service (DoS) with Server Actions',
163 silly audit report       severity: 'moderate',
163 silly audit report       vulnerable_versions: '>=15.0.0 <15.1.2',
163 silly audit report       cwe: [Array],
163 silly audit report       cvss: [Object]
163 silly audit report     }
163 silly audit report   ]
163 silly audit report }
164 timing metavuln:cache:get:security-advisory:semver:Naq1CJMfecJBJMmqOv5emO+A914rqdkiOI2bP060S0GlI/Ryqht9JKmX0fFLz2hhwbvhm515GDG4KjMr9woLSw== Completed in 24ms
165 timing metavuln:cache:get:security-advisory:xml2js:BNDcnZXUQJUzgvJ6EUknK0EnnJupfOprQdlm0ChoO91dxd+6fSWgSw1o7DLvl4w73kNIr00oL8McocsqtpzZLQ== Completed in 22ms
166 timing metavuln:cache:get:security-advisory:next:up9KE53HFVKZcpzLUaol4jjtZ4i6rO/4gyXNrVQTvk2aP9W3GvH7zhxB11OdqRGMRr9yTtKfnwObkJvlyPRPiA== Completed in 22ms
167 http fetch GET 200 https://registry.npmjs.org/cors/-/cors-2.8.5.tgz 279ms (cache miss)
168 timing reifyNode:node_modules/cors Completed in 322ms
169 timing reify:unpack Completed in 323ms
170 timing reify:unretire Completed in 0ms
171 timing build:queue Completed in 15ms
172 timing build:deps Completed in 15ms
173 timing build Completed in 16ms
174 timing reify:build Completed in 18ms
175 timing reify:trash Completed in 28ms
176 timing reify:save Completed in 875ms
177 http fetch GET 200 https://registry.npmjs.org/semver 1466ms (cache updated)
178 timing metavuln:packument:semver Completed in 1469ms
179 timing metavuln:load:security-advisory:semver:1101088 Completed in 1ms
180 timing metavuln:calculate:security-advisory:semver:1101088 Completed in 1471ms
181 http fetch GET 200 https://registry.npmjs.org/xml2js 1471ms (cache updated)
182 timing metavuln:packument:xml2js Completed in 1473ms
183 timing metavuln:load:security-advisory:xml2js:1096693 Completed in 0ms
184 timing metavuln:calculate:security-advisory:xml2js:1096693 Completed in 1473ms
185 http fetch GET 200 https://registry.npmjs.org/next 2134ms (cache updated)
186 timing metavuln:packument:next Completed in 2530ms
187 timing metavuln:load:security-advisory:next:1101437 Completed in 71ms
188 timing metavuln:calculate:security-advisory:next:1101437 Completed in 2601ms
189 timing metavuln:cache:get:security-advisory:@expo/image-utils:hz1VNUV1uxfqq4w6mZlg7X32+fb8CiKQewzKPGyYiSu9xoTRBvlYkO9xOKzqTm+3WkAmTllFJhlrUfw7Riw+hw== Completed in 9ms
190 timing metavuln:cache:get:security-advisory:@expo/webpack-config:zafyF8Im1VjCy0mMYfTU9f0mxhjSMlhJdObjcNcXeAmx/Hwij6FhJuWdUkkDH/cQJhI/TqqCkrAhGG05NGOY7g== Completed in 10ms
191 timing metavuln:cache:get:security-advisory:@expo/config:nt7AT1t2vUs8q1Yk7Wa/3EShi8lL0zhvnO/jEd4h+kNyETj0aC1pQdcfS7O7ZrKb44zZOK0DO0OJX32//OTpYQ== Completed in 14ms
192 http fetch GET 200 https://registry.npmjs.org/@expo%2fimage-utils 319ms (cache updated)
193 timing metavuln:packument:@expo/image-utils Completed in 321ms
194 timing metavuln:load:security-advisory:@expo/image-utils:Naq1CJMfecJBJMmqOv5emO+A914rqdkiOI2bP060S0GlI/Ryqht9JKmX0fFLz2hhwbvhm515GDG4KjMr9woLSw== Completed in 0ms
195 timing metavuln:calculate:security-advisory:@expo/image-utils:Naq1CJMfecJBJMmqOv5emO+A914rqdkiOI2bP060S0GlI/Ryqht9JKmX0fFLz2hhwbvhm515GDG4KjMr9woLSw== Completed in 323ms
196 http fetch GET 200 https://registry.npmjs.org/@expo%2fconfig 420ms (cache updated)
197 timing metavuln:packument:@expo/config Completed in 428ms
198 timing metavuln:load:security-advisory:@expo/config:Naq1CJMfecJBJMmqOv5emO+A914rqdkiOI2bP060S0GlI/Ryqht9JKmX0fFLz2hhwbvhm515GDG4KjMr9woLSw== Completed in 1ms
199 timing metavuln:calculate:security-advisory:@expo/config:Naq1CJMfecJBJMmqOv5emO+A914rqdkiOI2bP060S0GlI/Ryqht9JKmX0fFLz2hhwbvhm515GDG4KjMr9woLSw== Completed in 429ms
200 http fetch GET 200 https://registry.npmjs.org/@expo%2fwebpack-config 635ms (cache updated)
201 timing metavuln:packument:@expo/webpack-config Completed in 646ms
202 timing metavuln:load:security-advisory:@expo/webpack-config:Naq1CJMfecJBJMmqOv5emO+A914rqdkiOI2bP060S0GlI/Ryqht9JKmX0fFLz2hhwbvhm515GDG4KjMr9woLSw== Completed in 2ms
203 timing metavuln:calculate:security-advisory:@expo/webpack-config:Naq1CJMfecJBJMmqOv5emO+A914rqdkiOI2bP060S0GlI/Ryqht9JKmX0fFLz2hhwbvhm515GDG4KjMr9woLSw== Completed in 648ms
204 timing metavuln:cache:get:security-advisory:@expo/config-plugins:m6yRupShhwIBytYSRcptNn/9bTftNsJny7pI2dLHZYlUnLwWwuRKh4hhpT4qsUvy9LR/YYzkiLP7ndnWXHhuRA== Completed in 7ms
205 http fetch GET 200 https://registry.npmjs.org/@expo%2fconfig-plugins 320ms (cache updated)
206 timing metavuln:packument:@expo/config-plugins Completed in 325ms
207 timing metavuln:load:security-advisory:@expo/config-plugins:BNDcnZXUQJUzgvJ6EUknK0EnnJupfOprQdlm0ChoO91dxd+6fSWgSw1o7DLvl4w73kNIr00oL8McocsqtpzZLQ== Completed in 2ms
208 timing metavuln:calculate:security-advisory:@expo/config-plugins:BNDcnZXUQJUzgvJ6EUknK0EnnJupfOprQdlm0ChoO91dxd+6fSWgSw1o7DLvl4w73kNIr00oL8McocsqtpzZLQ== Completed in 328ms
209 timing metavuln:cache:get:security-advisory:next-auth:Wl1+yfSQInztwVF+HZeqxTHqITAk6FNTNN9mYonZRQt/GYAHBRRtOqLGGtgOBAmz8xIkJrWgk03XZsJp95J1rw== Completed in 9ms
210 http fetch GET 200 https://registry.npmjs.org/next-auth 253ms (cache updated)
211 timing metavuln:packument:next-auth Completed in 280ms
212 timing metavuln:load:security-advisory:next-auth:up9KE53HFVKZcpzLUaol4jjtZ4i6rO/4gyXNrVQTvk2aP9W3GvH7zhxB11OdqRGMRr9yTtKfnwObkJvlyPRPiA== Completed in 7ms
213 timing metavuln:calculate:security-advisory:next-auth:up9KE53HFVKZcpzLUaol4jjtZ4i6rO/4gyXNrVQTvk2aP9W3GvH7zhxB11OdqRGMRr9yTtKfnwObkJvlyPRPiA== Completed in 287ms
214 timing metavuln:cache:get:security-advisory:expo-pwa:rQauiuvYMxhaw5mwAaigrgaaOLRC6kmf44M6/5gB4WKkn6JPKZLlmuDFX+p09O8u0GAQE7lX3gqBW5pJxA5lWQ== Completed in 7ms
215 http fetch GET 200 https://registry.npmjs.org/expo-pwa 246ms (cache updated)
216 timing metavuln:packument:expo-pwa Completed in 250ms
217 timing metavuln:load:security-advisory:expo-pwa:hz1VNUV1uxfqq4w6mZlg7X32+fb8CiKQewzKPGyYiSu9xoTRBvlYkO9xOKzqTm+3WkAmTllFJhlrUfw7Riw+hw== Completed in 0ms
218 timing metavuln:calculate:security-advisory:expo-pwa:hz1VNUV1uxfqq4w6mZlg7X32+fb8CiKQewzKPGyYiSu9xoTRBvlYkO9xOKzqTm+3WkAmTllFJhlrUfw7Riw+hw== Completed in 251ms
219 timing metavuln:cache:get:security-advisory:@expo/webpack-config:n84ucrW0TmyE5uup01KoKBgKxxjGN8TxKKWuq3g/SIWu44uzkhpW7+hnvrXU1w3LvLP+hIdJffTtEmVAonlkzA== Completed in 7ms
220 timing metavuln:load:security-advisory:@expo/webpack-config:nt7AT1t2vUs8q1Yk7Wa/3EShi8lL0zhvnO/jEd4h+kNyETj0aC1pQdcfS7O7ZrKb44zZOK0DO0OJX32//OTpYQ== Completed in 2ms
221 timing metavuln:calculate:security-advisory:@expo/webpack-config:nt7AT1t2vUs8q1Yk7Wa/3EShi8lL0zhvnO/jEd4h+kNyETj0aC1pQdcfS7O7ZrKb44zZOK0DO0OJX32//OTpYQ== Completed in 9ms
222 timing metavuln:cache:get:security-advisory:@expo/config:EGS2GUW9HBcuAIu5gbWBCnCeuK38+fjKEhO/RSxrefVNUiCi57rsaktNqjzVJbhH/1jPRsPPtm/DQ0VsCi9s7A== Completed in 6ms
223 timing metavuln:load:security-advisory:@expo/config:m6yRupShhwIBytYSRcptNn/9bTftNsJny7pI2dLHZYlUnLwWwuRKh4hhpT4qsUvy9LR/YYzkiLP7ndnWXHhuRA== Completed in 3ms
224 timing metavuln:calculate:security-advisory:@expo/config:m6yRupShhwIBytYSRcptNn/9bTftNsJny7pI2dLHZYlUnLwWwuRKh4hhpT4qsUvy9LR/YYzkiLP7ndnWXHhuRA== Completed in 9ms
225 timing metavuln:cache:get:security-advisory:@expo/webpack-config:j0by6qsqWs2MFHc2R/+RtCb3tqkDEaU3nkRL93DNCqXozTbiV4SwfbQRJah3OlBV4hMGbaybgdNDcD/UR12zyw== Completed in 5ms
226 timing metavuln:load:security-advisory:@expo/webpack-config:rQauiuvYMxhaw5mwAaigrgaaOLRC6kmf44M6/5gB4WKkn6JPKZLlmuDFX+p09O8u0GAQE7lX3gqBW5pJxA5lWQ== Completed in 3ms
227 timing metavuln:calculate:security-advisory:@expo/webpack-config:rQauiuvYMxhaw5mwAaigrgaaOLRC6kmf44M6/5gB4WKkn6JPKZLlmuDFX+p09O8u0GAQE7lX3gqBW5pJxA5lWQ== Completed in 8ms
228 timing auditReport:init Completed in 4201ms
229 timing reify:audit Completed in 4471ms
230 timing reify Completed in 6781ms
231 silly ADD node_modules/cors
232 silly ADD
233 silly ADD
234 silly ADD
235 silly ADD
236 silly ADD
237 silly ADD
238 silly ADD
239 silly ADD
240 silly ADD
241 silly ADD
242 silly ADD
243 silly ADD
244 silly ADD
245 silly ADD
246 silly ADD
247 silly ADD
248 silly ADD
249 silly ADD
250 silly ADD
251 silly ADD
252 silly ADD
253 silly ADD
254 silly ADD
255 silly ADD
256 silly ADD
257 silly ADD
258 silly ADD
259 silly ADD
260 silly ADD
261 silly ADD
262 silly ADD
263 silly ADD
264 silly ADD
265 silly ADD
266 silly ADD
267 silly ADD
268 timing command:install Completed in 6894ms
269 verbose exit 0
270 timing npm Completed in 8126ms
271 info ok
