0 verbose cli C:\Program Files\nodejs\node.exe C:\Program Files\nodejs\node_modules\npm\bin\npm-cli.js
1 info using npm@10.2.4
2 info using node@v21.6.2
3 timing npm:load:whichnode Completed in 2ms
4 timing config:load:defaults Completed in 3ms
5 timing config:load:file:C:\Program Files\nodejs\node_modules\npm\npmrc Completed in 7ms
6 timing config:load:builtin Completed in 7ms
7 timing config:load:cli Completed in 6ms
8 timing config:load:env Completed in 2ms
9 timing config:load:project Completed in 4ms
10 timing config:load:file:C:\Users\daadh\.npmrc Completed in 0ms
11 timing config:load:user Completed in 0ms
12 timing config:load:file:C:\Users\daadh\AppData\Roaming\npm\etc\npmrc Completed in 1ms
13 timing config:load:global Completed in 1ms
14 timing config:load:setEnvs Completed in 1ms
15 timing config:load Completed in 25ms
16 timing npm:load:configload Completed in 26ms
17 timing config:load:flatten Completed in 2ms
18 timing npm:load:mkdirpcache Completed in 1ms
19 timing npm:load:mkdirplogs Completed in 1ms
20 verbose title npm pack expo-template-default@latest
21 verbose argv "pack" "expo-template-default@latest" "--dry-run" "--json"
22 timing npm:load:setTitle Completed in 1ms
23 timing npm:load:display Completed in 1ms
24 verbose logfile logs-max:10 dir:C:\Users\daadh\calgaryhacks2025\Users\daadh\AppData\Roaming\npm-cache\_logs\2025-02-15T21_09_24_092Z-
25 verbose logfile C:\Users\daadh\calgaryhacks2025\Users\daadh\AppData\Roaming\npm-cache\_logs\2025-02-15T21_09_24_092Z-debug-0.log
26 timing npm:load:logFile Completed in 13ms
27 timing npm:load:timers Completed in 0ms
28 timing npm:load:configScope Completed in 0ms
29 timing npm:load Completed in 87ms
30 silly logfile done cleaning log files
31 http fetch GET 200 https://registry.npmjs.org/expo-template-default 1232ms (cache miss)
32 http fetch GET 200 https://registry.npmjs.org/expo-template-default 12ms (cache hit)
33 silly tarball no local data for https://registry.npmjs.org/expo-template-default/-/expo-template-default-52.0.67.tgz. Extracting by manifest.
34 http fetch GET 200 https://registry.npmjs.org/expo-template-default/-/expo-template-default-52.0.67.tgz 337ms (cache miss)
35 timing command:pack Completed in 1617ms
36 verbose exit 0
37 timing npm Completed in 2251ms
38 info ok
